{"/data/upstream/node-http2-protocol/lib/compressor.js":{"path":"/data/upstream/node-http2-protocol/lib/compressor.js","s":{"1":1,"2":1,"3":1,"4":1,"5":1,"6":1,"7":1,"8":1,"9":1,"10":1,"11":14,"12":14,"13":14,"14":14,"15":14,"16":14,"17":14,"18":14,"19":14,"20":1,"21":920,"22":920,"23":920,"24":920,"25":920,"26":920,"27":1,"28":1,"29":920,"30":1,"31":78,"32":78,"33":78,"34":0,"35":0,"36":0,"37":0,"38":78,"39":1,"40":78,"41":78,"42":78,"43":78,"44":78,"45":78,"46":1,"47":0,"48":0,"49":1,"50":1,"51":1,"52":25,"53":25,"54":25,"55":25,"56":25,"57":1,"58":25,"59":25,"60":1,"61":119,"62":119,"63":119,"64":83,"65":83,"66":83,"67":1,"68":70,"69":82,"70":50,"71":32,"72":32,"73":32,"74":10,"75":10,"76":32,"77":32,"78":36,"79":29,"80":7,"81":36,"82":34,"83":34,"84":34,"85":34,"86":36,"87":1,"88":25,"89":25,"90":25,"91":119,"92":25,"93":1790,"94":1790,"95":46,"96":1790,"97":25,"98":1,"99":1,"100":20,"101":20,"102":20,"103":20,"104":20,"105":1,"106":104,"107":104,"108":102,"109":104,"110":1,"111":94,"112":94,"113":94,"114":94,"115":94,"116":2494,"117":2494,"118":128,"119":68,"120":68,"121":60,"122":34,"123":94,"124":68,"125":68,"126":30,"127":10,"128":10,"129":30,"130":30,"131":30,"132":38,"133":0,"134":0,"135":0,"136":0,"137":0,"138":0,"139":38,"140":2,"141":2,"142":36,"143":26,"144":26,"145":26,"146":26,"147":24,"148":24,"149":24,"150":0,"151":0,"152":0,"153":0,"154":0,"155":26,"156":94,"157":1,"158":20,"159":1450,"160":1450,"161":44,"162":44,"163":1450,"164":1450,"165":20,"166":1,"167":164,"168":164,"169":157,"170":7,"171":7,"172":5,"173":7,"174":7,"175":7,"176":11,"177":11,"178":11,"179":4,"180":11,"181":11,"182":7,"183":1,"184":192,"185":192,"186":192,"187":190,"188":192,"189":7,"190":7,"191":11,"192":11,"193":11,"194":192,"195":1,"196":1,"197":1026,"198":514,"199":512,"200":512,"201":512,"202":512,"203":9866,"204":9866,"205":1575,"206":8291,"207":512,"208":2,"209":2,"210":514,"211":2,"212":514,"213":1,"214":74,"215":74,"216":1,"217":56129,"218":23368,"219":32761,"220":74,"221":37734,"222":37734,"223":37734,"224":37734,"225":56060,"226":37734,"227":37734,"228":37734,"229":37734,"230":18326,"231":18326,"232":18326,"233":18326,"234":18326,"235":18326,"236":56060,"237":23299,"238":74,"239":69,"240":74,"241":1,"242":79,"243":79,"244":79,"245":23333,"246":23333,"247":186664,"248":186664,"249":186664,"250":186664,"251":37767,"252":37767,"253":79,"254":1,"255":1,"256":1,"257":44,"258":44,"259":44,"260":40,"261":40,"262":40,"263":4,"264":4,"265":1,"266":55,"267":55,"268":55,"269":55,"270":55,"271":1,"272":1,"273":116,"274":116,"275":81,"276":35,"277":33,"278":2,"279":116,"280":81,"281":35,"282":28,"283":7,"284":7,"285":35,"286":116,"287":116,"288":1,"289":133,"290":133,"291":133,"292":88,"293":45,"294":2,"295":43,"296":133,"297":88,"298":88,"299":45,"300":45,"301":8,"302":45,"303":45,"304":133,"305":1,"306":1,"307":1,"308":6,"309":6,"310":6,"311":6,"312":6,"313":1,"314":0,"315":1,"316":20,"317":20,"318":86,"319":86,"320":86,"321":2,"322":2,"323":2,"324":2,"325":86,"326":6,"327":86,"328":2,"329":10,"330":84,"331":20,"332":20,"333":20,"334":168,"335":20,"336":1,"337":16,"338":10,"339":10,"340":10,"341":10,"342":10,"343":10,"344":10,"345":10,"346":10,"347":10,"348":0,"349":10,"350":10,"351":6,"352":16,"353":1,"354":1,"355":8,"356":8,"357":8,"358":8,"359":8,"360":8,"361":8,"362":1,"363":0,"364":1,"365":25,"366":25,"367":25,"368":25,"369":25,"370":114,"371":114,"372":114,"373":124,"374":124,"375":19,"376":10,"377":9,"378":105,"379":25,"380":2,"381":25,"382":1,"383":16,"384":1,"385":1,"386":1,"387":1,"388":0,"389":15,"390":11,"391":11,"392":11,"393":4,"394":15,"395":10,"396":10,"397":10,"398":10,"399":0,"400":0,"401":0,"402":10,"403":10,"404":15,"405":1,"406":55,"407":55,"408":203,"409":55,"410":55,"411":203,"412":55,"413":1,"414":10,"415":10,"416":10,"417":10,"418":10,"419":10,"420":10,"421":1,"422":10},"b":{"1":[14,14],"2":[78,0],"3":[78,0],"4":[83,36],"5":[1,82],"6":[50,32],"7":[10,22],"8":[29,7],"9":[34,2],"10":[46,1744],"11":[1790,110],"12":[102,2],"13":[128,2366],"14":[68,60],"15":[34,26],"16":[68,26],"17":[30,38],"18":[10,20],"19":[0,38],"20":[2,36],"21":[24,2],"22":[0,0],"23":[20,6],"24":[44,1406],"25":[1450,134,98],"26":[157,7],"27":[5,2],"28":[4,7],"29":[190,2],"30":[7,185],"31":[514,512],"32":[512,2],"33":[1575,8291],"34":[23368,32761],"35":[37734,18326],"36":[23299,32761],"37":[69,5],"38":[77324,109340],"39":[37767,148897],"40":[40,4],"41":[49,6],"42":[81,35],"43":[33,2],"44":[81,35],"45":[28,7],"46":[88,45],"47":[2,43],"48":[88,45],"49":[8,37],"50":[6,3],"51":[3,3],"52":[2,84],"53":[2,0],"54":[6,80],"55":[86,8],"56":[2,84],"57":[10,6],"58":[16,11],"59":[10,0],"60":[8,3],"61":[5,3],"62":[19,105],"63":[10,9],"64":[2,23],"65":[25,2],"66":[1,15],"67":[1,0],"68":[1,0],"69":[11,4],"70":[15,9],"71":[10,5],"72":[15,11,6]},"f":{"1":14,"2":920,"3":920,"4":78,"5":78,"6":0,"7":25,"8":25,"9":119,"10":25,"11":20,"12":104,"13":94,"14":20,"15":164,"16":192,"17":2,"18":1026,"19":514,"20":514,"21":74,"22":56129,"23":79,"24":44,"25":55,"26":116,"27":133,"28":6,"29":0,"30":20,"31":2,"32":16,"33":8,"34":0,"35":25,"36":16,"37":10,"38":55,"39":10,"40":10},"fnMap":{"1":{"name":"HeaderTable","line":40,"loc":{"start":{"line":40,"column":0},"end":{"line":40,"column":33}}},"2":{"name":"entryFromPair","line":78,"loc":{"start":{"line":78,"column":0},"end":{"line":78,"column":29}}},"3":{"name":"size","line":97,"loc":{"start":{"line":97,"column":0},"end":{"line":97,"column":21}}},"4":{"name":"_enforceLimit","line":119,"loc":{"start":{"line":119,"column":38},"end":{"line":119,"column":68}}},"5":{"name":"(anonymous_5)","line":131,"loc":{"start":{"line":131,"column":28},"end":{"line":131,"column":44}}},"6":{"name":"setSizeLimit","line":144,"loc":{"start":{"line":144,"column":37},"end":{"line":144,"column":66}}},"7":{"name":"HeaderSetDecompressor","line":231,"loc":{"start":{"line":231,"column":0},"end":{"line":231,"column":57}}},"8":{"name":"_transform","line":243,"loc":{"start":{"line":243,"column":45},"end":{"line":243,"column":92}}},"9":{"name":"_execute","line":270,"loc":{"start":{"line":270,"column":43},"end":{"line":270,"column":66}}},"10":{"name":"_flush","line":349,"loc":{"start":{"line":349,"column":41},"end":{"line":349,"column":67}}},"11":{"name":"HeaderSetCompressor","line":383,"loc":{"start":{"line":383,"column":0},"end":{"line":383,"column":55}}},"12":{"name":"send","line":392,"loc":{"start":{"line":392,"column":37},"end":{"line":392,"column":56}}},"13":{"name":"_transform","line":405,"loc":{"start":{"line":405,"column":43},"end":{"line":405,"column":89}}},"14":{"name":"_flush","line":509,"loc":{"start":{"line":509,"column":39},"end":{"line":509,"column":65}}},"15":{"name":"writeInteger","line":540,"loc":{"start":{"line":540,"column":30},"end":{"line":540,"column":58}}},"16":{"name":"readInteger","line":581,"loc":{"start":{"line":581,"column":32},"end":{"line":581,"column":64}}},"17":{"name":"HuffmanTable","line":603,"loc":{"start":{"line":603,"column":0},"end":{"line":603,"column":29}}},"18":{"name":"createTree","line":604,"loc":{"start":{"line":604,"column":2},"end":{"line":604,"column":39}}},"19":{"name":"(anonymous_19)","line":627,"loc":{"start":{"line":627,"column":25},"end":{"line":627,"column":40}}},"20":{"name":"(anonymous_20)","line":630,"loc":{"start":{"line":630,"column":27},"end":{"line":630,"column":42}}},"21":{"name":"encode","line":635,"loc":{"start":{"line":635,"column":32},"end":{"line":635,"column":56}}},"22":{"name":"add","line":639,"loc":{"start":{"line":639,"column":2},"end":{"line":639,"column":21}}},"23":{"name":"decode","line":680,"loc":{"start":{"line":680,"column":32},"end":{"line":680,"column":56}}},"24":{"name":"writeString","line":1258,"loc":{"start":{"line":1258,"column":29},"end":{"line":1258,"column":69}}},"25":{"name":"readString","line":1274,"loc":{"start":{"line":1274,"column":31},"end":{"line":1274,"column":73}}},"26":{"name":"writeHeader","line":1355,"loc":{"start":{"line":1355,"column":29},"end":{"line":1355,"column":72}}},"27":{"name":"readHeader","line":1385,"loc":{"start":{"line":1385,"column":31},"end":{"line":1385,"column":73}}},"28":{"name":"Compressor","line":1443,"loc":{"start":{"line":1443,"column":0},"end":{"line":1443,"column":31}}},"29":{"name":"setTableSizeLimit","line":1455,"loc":{"start":{"line":1455,"column":41},"end":{"line":1455,"column":74}}},"30":{"name":"compress","line":1462,"loc":{"start":{"line":1462,"column":32},"end":{"line":1462,"column":59}}},"31":{"name":"(anonymous_31)","line":1474,"loc":{"start":{"line":1474,"column":57},"end":{"line":1474,"column":74}}},"32":{"name":"_transform","line":1507,"loc":{"start":{"line":1507,"column":34},"end":{"line":1507,"column":77}}},"33":{"name":"Decompressor","line":1560,"loc":{"start":{"line":1560,"column":0},"end":{"line":1560,"column":33}}},"34":{"name":"setTableSizeLimit","line":1575,"loc":{"start":{"line":1575,"column":43},"end":{"line":1575,"column":76}}},"35":{"name":"decompress","line":1582,"loc":{"start":{"line":1582,"column":36},"end":{"line":1582,"column":63}}},"36":{"name":"_transform","line":1618,"loc":{"start":{"line":1618,"column":36},"end":{"line":1618,"column":79}}},"37":{"name":"(anonymous_37)","line":1647,"loc":{"start":{"line":1647,"column":41},"end":{"line":1647,"column":57}}},"38":{"name":"concat","line":1668,"loc":{"start":{"line":1668,"column":0},"end":{"line":1668,"column":25}}},"39":{"name":"cut","line":1683,"loc":{"start":{"line":1683,"column":0},"end":{"line":1683,"column":27}}},"40":{"name":"trim","line":1694,"loc":{"start":{"line":1694,"column":0},"end":{"line":1694,"column":22}}}},"statementMap":{"1":{"start":{"line":18,"column":0},"end":{"line":18,"column":34}},"2":{"start":{"line":19,"column":0},"end":{"line":19,"column":36}},"3":{"start":{"line":20,"column":0},"end":{"line":20,"column":50}},"4":{"start":{"line":21,"column":0},"end":{"line":21,"column":54}},"5":{"start":{"line":22,"column":0},"end":{"line":22,"column":32}},"6":{"start":{"line":23,"column":0},"end":{"line":23,"column":36}},"7":{"start":{"line":25,"column":0},"end":{"line":25,"column":50}},"8":{"start":{"line":26,"column":0},"end":{"line":26,"column":31}},"9":{"start":{"line":27,"column":0},"end":{"line":27,"column":27}},"10":{"start":{"line":40,"column":0},"end":{"line":50,"column":1}},"11":{"start":{"line":41,"column":2},"end":{"line":41,"column":56}},"12":{"start":{"line":42,"column":2},"end":{"line":42,"column":18}},"13":{"start":{"line":43,"column":2},"end":{"line":43,"column":52}},"14":{"start":{"line":44,"column":2},"end":{"line":44,"column":35}},"15":{"start":{"line":45,"column":2},"end":{"line":45,"column":17}},"16":{"start":{"line":46,"column":2},"end":{"line":46,"column":59}},"17":{"start":{"line":47,"column":2},"end":{"line":47,"column":39}},"18":{"start":{"line":48,"column":2},"end":{"line":48,"column":57}},"19":{"start":{"line":49,"column":2},"end":{"line":49,"column":14}},"20":{"start":{"line":78,"column":0},"end":{"line":85,"column":1}},"21":{"start":{"line":79,"column":2},"end":{"line":79,"column":27}},"22":{"start":{"line":80,"column":2},"end":{"line":80,"column":26}},"23":{"start":{"line":81,"column":2},"end":{"line":81,"column":24}},"24":{"start":{"line":82,"column":2},"end":{"line":82,"column":21}},"25":{"start":{"line":83,"column":2},"end":{"line":83,"column":28}},"26":{"start":{"line":84,"column":2},"end":{"line":84,"column":15}},"27":{"start":{"line":95,"column":0},"end":{"line":95,"column":38}},"28":{"start":{"line":97,"column":0},"end":{"line":99,"column":1}},"29":{"start":{"line":98,"column":2},"end":{"line":98,"column":63}},"30":{"start":{"line":119,"column":0},"end":{"line":129,"column":2}},"31":{"start":{"line":120,"column":2},"end":{"line":120,"column":26}},"32":{"start":{"line":121,"column":2},"end":{"line":121,"column":51}},"33":{"start":{"line":122,"column":2},"end":{"line":127,"column":3}},"34":{"start":{"line":123,"column":4},"end":{"line":123,"column":19}},"35":{"start":{"line":124,"column":4},"end":{"line":124,"column":47}},"36":{"start":{"line":125,"column":4},"end":{"line":125,"column":32}},"37":{"start":{"line":126,"column":4},"end":{"line":126,"column":45}},"38":{"start":{"line":128,"column":2},"end":{"line":128,"column":24}},"39":{"start":{"line":131,"column":0},"end":{"line":141,"column":2}},"40":{"start":{"line":132,"column":2},"end":{"line":132,"column":40}},"41":{"start":{"line":133,"column":2},"end":{"line":133,"column":49}},"42":{"start":{"line":135,"column":2},"end":{"line":138,"column":3}},"43":{"start":{"line":136,"column":4},"end":{"line":136,"column":24}},"44":{"start":{"line":137,"column":4},"end":{"line":137,"column":30}},"45":{"start":{"line":140,"column":2},"end":{"line":140,"column":24}},"46":{"start":{"line":144,"column":0},"end":{"line":147,"column":2}},"47":{"start":{"line":145,"column":2},"end":{"line":145,"column":22}},"48":{"start":{"line":146,"column":2},"end":{"line":146,"column":34}},"49":{"start":{"line":157,"column":0},"end":{"line":218,"column":2}},"50":{"start":{"line":230,"column":0},"end":{"line":230,"column":54}},"51":{"start":{"line":231,"column":0},"end":{"line":238,"column":1}},"52":{"start":{"line":232,"column":2},"end":{"line":232,"column":51}},"53":{"start":{"line":234,"column":2},"end":{"line":234,"column":53}},"54":{"start":{"line":235,"column":2},"end":{"line":235,"column":22}},"55":{"start":{"line":236,"column":2},"end":{"line":236,"column":36}},"56":{"start":{"line":237,"column":2},"end":{"line":237,"column":20}},"57":{"start":{"line":243,"column":0},"end":{"line":246,"column":2}},"58":{"start":{"line":244,"column":2},"end":{"line":244,"column":27}},"59":{"start":{"line":245,"column":2},"end":{"line":245,"column":13}},"60":{"start":{"line":270,"column":0},"end":{"line":343,"column":2}},"61":{"start":{"line":271,"column":2},"end":{"line":272,"column":53}},"62":{"start":{"line":274,"column":2},"end":{"line":274,"column":18}},"63":{"start":{"line":292,"column":2},"end":{"line":342,"column":3}},"64":{"start":{"line":293,"column":4},"end":{"line":293,"column":26}},"65":{"start":{"line":294,"column":4},"end":{"line":294,"column":31}},"66":{"start":{"line":296,"column":4},"end":{"line":317,"column":5}},"67":{"start":{"line":297,"column":6},"end":{"line":299,"column":7}},"68":{"start":{"line":298,"column":8},"end":{"line":298,"column":41}},"69":{"start":{"line":302,"column":9},"end":{"line":317,"column":5}},"70":{"start":{"line":303,"column":6},"end":{"line":303,"column":30}},"71":{"start":{"line":307,"column":6},"end":{"line":307,"column":27}},"72":{"start":{"line":308,"column":6},"end":{"line":308,"column":22}},"73":{"start":{"line":310,"column":6},"end":{"line":313,"column":7}},"74":{"start":{"line":311,"column":8},"end":{"line":311,"column":36}},"75":{"start":{"line":312,"column":8},"end":{"line":312,"column":31}},"76":{"start":{"line":315,"column":6},"end":{"line":315,"column":29}},"77":{"start":{"line":316,"column":6},"end":{"line":316,"column":27}},"78":{"start":{"line":328,"column":4},"end":{"line":332,"column":5}},"79":{"start":{"line":329,"column":6},"end":{"line":329,"column":51}},"80":{"start":{"line":331,"column":6},"end":{"line":331,"column":35}},"81":{"start":{"line":334,"column":4},"end":{"line":339,"column":5}},"82":{"start":{"line":335,"column":6},"end":{"line":335,"column":34}},"83":{"start":{"line":336,"column":6},"end":{"line":336,"column":29}},"84":{"start":{"line":337,"column":6},"end":{"line":337,"column":27}},"85":{"start":{"line":338,"column":6},"end":{"line":338,"column":29}},"86":{"start":{"line":341,"column":4},"end":{"line":341,"column":20}},"87":{"start":{"line":349,"column":0},"end":{"line":368,"column":2}},"88":{"start":{"line":350,"column":2},"end":{"line":350,"column":36}},"89":{"start":{"line":353,"column":2},"end":{"line":353,"column":20}},"90":{"start":{"line":354,"column":2},"end":{"line":356,"column":3}},"91":{"start":{"line":355,"column":4},"end":{"line":355,"column":76}},"92":{"start":{"line":359,"column":2},"end":{"line":365,"column":3}},"93":{"start":{"line":360,"column":4},"end":{"line":360,"column":35}},"94":{"start":{"line":361,"column":4},"end":{"line":363,"column":5}},"95":{"start":{"line":362,"column":6},"end":{"line":362,"column":31}},"96":{"start":{"line":364,"column":4},"end":{"line":364,"column":26}},"97":{"start":{"line":367,"column":2},"end":{"line":367,"column":13}},"98":{"start":{"line":382,"column":0},"end":{"line":382,"column":52}},"99":{"start":{"line":383,"column":0},"end":{"line":390,"column":1}},"100":{"start":{"line":384,"column":2},"end":{"line":384,"column":51}},"101":{"start":{"line":386,"column":2},"end":{"line":386,"column":53}},"102":{"start":{"line":387,"column":2},"end":{"line":387,"column":22}},"103":{"start":{"line":388,"column":2},"end":{"line":388,"column":36}},"104":{"start":{"line":389,"column":2},"end":{"line":389,"column":56}},"105":{"start":{"line":392,"column":0},"end":{"line":400,"column":2}},"106":{"start":{"line":393,"column":2},"end":{"line":394,"column":52}},"107":{"start":{"line":396,"column":2},"end":{"line":398,"column":3}},"108":{"start":{"line":397,"column":4},"end":{"line":397,"column":69}},"109":{"start":{"line":399,"column":2},"end":{"line":399,"column":32}},"110":{"start":{"line":405,"column":0},"end":{"line":504,"column":2}},"111":{"start":{"line":406,"column":2},"end":{"line":406,"column":35}},"112":{"start":{"line":407,"column":2},"end":{"line":407,"column":22}},"113":{"start":{"line":408,"column":2},"end":{"line":408,"column":17}},"114":{"start":{"line":411,"column":2},"end":{"line":411,"column":37}},"115":{"start":{"line":412,"column":2},"end":{"line":422,"column":3}},"116":{"start":{"line":413,"column":4},"end":{"line":413,"column":38}},"117":{"start":{"line":414,"column":4},"end":{"line":421,"column":5}},"118":{"start":{"line":415,"column":6},"end":{"line":420,"column":7}},"119":{"start":{"line":416,"column":8},"end":{"line":416,"column":33}},"120":{"start":{"line":417,"column":8},"end":{"line":417,"column":14}},"121":{"start":{"line":418,"column":13},"end":{"line":420,"column":7}},"122":{"start":{"line":419,"column":8},"end":{"line":419,"column":33}},"123":{"start":{"line":448,"column":2},"end":{"line":501,"column":3}},"124":{"start":{"line":449,"column":4},"end":{"line":449,"column":62}},"125":{"start":{"line":451,"column":4},"end":{"line":477,"column":5}},"126":{"start":{"line":452,"column":6},"end":{"line":455,"column":7}},"127":{"start":{"line":453,"column":8},"end":{"line":453,"column":36}},"128":{"start":{"line":454,"column":8},"end":{"line":454,"column":31}},"129":{"start":{"line":456,"column":6},"end":{"line":456,"column":21}},"130":{"start":{"line":457,"column":6},"end":{"line":457,"column":29}},"131":{"start":{"line":458,"column":6},"end":{"line":458,"column":27}},"132":{"start":{"line":461,"column":9},"end":{"line":477,"column":5}},"133":{"start":{"line":462,"column":6},"end":{"line":462,"column":21}},"134":{"start":{"line":463,"column":6},"end":{"line":463,"column":21}},"135":{"start":{"line":464,"column":6},"end":{"line":464,"column":21}},"136":{"start":{"line":465,"column":6},"end":{"line":465,"column":21}},"137":{"start":{"line":466,"column":6},"end":{"line":466,"column":25}},"138":{"start":{"line":467,"column":6},"end":{"line":467,"column":27}},"139":{"start":{"line":470,"column":9},"end":{"line":477,"column":5}},"140":{"start":{"line":471,"column":6},"end":{"line":471,"column":21}},"141":{"start":{"line":472,"column":6},"end":{"line":472,"column":21}},"142":{"start":{"line":476,"column":6},"end":{"line":476,"column":24}},"143":{"start":{"line":482,"column":4},"end":{"line":482,"column":32}},"144":{"start":{"line":483,"column":4},"end":{"line":483,"column":25}},"145":{"start":{"line":485,"column":4},"end":{"line":485,"column":58}},"146":{"start":{"line":487,"column":4},"end":{"line":498,"column":5}},"147":{"start":{"line":488,"column":6},"end":{"line":488,"column":29}},"148":{"start":{"line":489,"column":6},"end":{"line":489,"column":50}},"149":{"start":{"line":490,"column":6},"end":{"line":497,"column":7}},"150":{"start":{"line":491,"column":8},"end":{"line":491,"column":51}},"151":{"start":{"line":492,"column":8},"end":{"line":496,"column":9}},"152":{"start":{"line":493,"column":10},"end":{"line":493,"column":74}},"153":{"start":{"line":494,"column":10},"end":{"line":494,"column":25}},"154":{"start":{"line":495,"column":10},"end":{"line":495,"column":25}},"155":{"start":{"line":500,"column":4},"end":{"line":500,"column":94}},"156":{"start":{"line":503,"column":2},"end":{"line":503,"column":13}},"157":{"start":{"line":509,"column":0},"end":{"line":522,"column":2}},"158":{"start":{"line":511,"column":2},"end":{"line":519,"column":3}},"159":{"start":{"line":512,"column":4},"end":{"line":512,"column":35}},"160":{"start":{"line":513,"column":4},"end":{"line":516,"column":5}},"161":{"start":{"line":514,"column":6},"end":{"line":514,"column":61}},"162":{"start":{"line":515,"column":6},"end":{"line":515,"column":30}},"163":{"start":{"line":517,"column":4},"end":{"line":517,"column":23}},"164":{"start":{"line":518,"column":4},"end":{"line":518,"column":26}},"165":{"start":{"line":521,"column":2},"end":{"line":521,"column":13}},"166":{"start":{"line":540,"column":0},"end":{"line":566,"column":2}},"167":{"start":{"line":541,"column":2},"end":{"line":541,"column":32}},"168":{"start":{"line":542,"column":2},"end":{"line":544,"column":3}},"169":{"start":{"line":543,"column":4},"end":{"line":543,"column":29}},"170":{"start":{"line":546,"column":2},"end":{"line":546,"column":17}},"171":{"start":{"line":547,"column":2},"end":{"line":549,"column":3}},"172":{"start":{"line":548,"column":4},"end":{"line":548,"column":22}},"173":{"start":{"line":550,"column":2},"end":{"line":550,"column":13}},"174":{"start":{"line":552,"column":2},"end":{"line":552,"column":15}},"175":{"start":{"line":553,"column":2},"end":{"line":563,"column":3}},"176":{"start":{"line":554,"column":4},"end":{"line":554,"column":28}},"177":{"start":{"line":555,"column":4},"end":{"line":555,"column":16}},"178":{"start":{"line":557,"column":4},"end":{"line":559,"column":5}},"179":{"start":{"line":558,"column":6},"end":{"line":558,"column":15}},"180":{"start":{"line":560,"column":4},"end":{"line":560,"column":18}},"181":{"start":{"line":562,"column":4},"end":{"line":562,"column":10}},"182":{"start":{"line":565,"column":2},"end":{"line":565,"column":29}},"183":{"start":{"line":581,"column":0},"end":{"line":599,"column":2}},"184":{"start":{"line":582,"column":2},"end":{"line":582,"column":32}},"185":{"start":{"line":584,"column":2},"end":{"line":584,"column":40}},"186":{"start":{"line":585,"column":2},"end":{"line":587,"column":3}},"187":{"start":{"line":586,"column":4},"end":{"line":586,"column":23}},"188":{"start":{"line":589,"column":2},"end":{"line":596,"column":3}},"189":{"start":{"line":590,"column":4},"end":{"line":590,"column":14}},"190":{"start":{"line":591,"column":4},"end":{"line":595,"column":46}},"191":{"start":{"line":592,"column":6},"end":{"line":592,"column":46}},"192":{"start":{"line":593,"column":6},"end":{"line":593,"column":13}},"193":{"start":{"line":594,"column":6},"end":{"line":594,"column":25}},"194":{"start":{"line":598,"column":2},"end":{"line":598,"column":11}},"195":{"start":{"line":603,"column":0},"end":{"line":633,"column":1}},"196":{"start":{"line":604,"column":2},"end":{"line":623,"column":3}},"197":{"start":{"line":605,"column":4},"end":{"line":622,"column":5}},"198":{"start":{"line":606,"column":6},"end":{"line":606,"column":39}},"199":{"start":{"line":610,"column":6},"end":{"line":610,"column":31}},"200":{"start":{"line":611,"column":6},"end":{"line":611,"column":20}},"201":{"start":{"line":612,"column":6},"end":{"line":612,"column":19}},"202":{"start":{"line":613,"column":6},"end":{"line":620,"column":7}},"203":{"start":{"line":614,"column":8},"end":{"line":614,"column":30}},"204":{"start":{"line":615,"column":8},"end":{"line":619,"column":9}},"205":{"start":{"line":616,"column":10},"end":{"line":616,"column":28}},"206":{"start":{"line":618,"column":10},"end":{"line":618,"column":27}},"207":{"start":{"line":621,"column":6},"end":{"line":621,"column":77}},"208":{"start":{"line":625,"column":2},"end":{"line":625,"column":32}},"209":{"start":{"line":627,"column":2},"end":{"line":629,"column":5}},"210":{"start":{"line":628,"column":4},"end":{"line":628,"column":29}},"211":{"start":{"line":630,"column":2},"end":{"line":632,"column":5}},"212":{"start":{"line":631,"column":4},"end":{"line":631,"column":23}},"213":{"start":{"line":635,"column":0},"end":{"line":680,"column":0}},"214":{"start":{"line":636,"column":2},"end":{"line":636,"column":18}},"215":{"start":{"line":637,"column":2},"end":{"line":637,"column":16}},"216":{"start":{"line":639,"column":2},"end":{"line":645,"column":3}},"217":{"start":{"line":640,"column":4},"end":{"line":644,"column":5}},"218":{"start":{"line":641,"column":6},"end":{"line":641,"column":24}},"219":{"start":{"line":643,"column":6},"end":{"line":643,"column":40}},"220":{"start":{"line":647,"column":2},"end":{"line":671,"column":3}},"221":{"start":{"line":648,"column":4},"end":{"line":648,"column":25}},"222":{"start":{"line":649,"column":4},"end":{"line":649,"column":32}},"223":{"start":{"line":650,"column":4},"end":{"line":650,"column":36}},"224":{"start":{"line":652,"column":4},"end":{"line":670,"column":5}},"225":{"start":{"line":653,"column":6},"end":{"line":665,"column":7}},"226":{"start":{"line":654,"column":8},"end":{"line":654,"column":38}},"227":{"start":{"line":655,"column":8},"end":{"line":655,"column":17}},"228":{"start":{"line":656,"column":8},"end":{"line":656,"column":24}},"229":{"start":{"line":657,"column":8},"end":{"line":657,"column":19}},"230":{"start":{"line":659,"column":8},"end":{"line":659,"column":35}},"231":{"start":{"line":660,"column":8},"end":{"line":660,"column":32}},"232":{"start":{"line":661,"column":8},"end":{"line":661,"column":17}},"233":{"start":{"line":662,"column":8},"end":{"line":662,"column":29}},"234":{"start":{"line":663,"column":8},"end":{"line":663,"column":24}},"235":{"start":{"line":664,"column":8},"end":{"line":664,"column":18}},"236":{"start":{"line":667,"column":6},"end":{"line":669,"column":7}},"237":{"start":{"line":668,"column":8},"end":{"line":668,"column":18}},"238":{"start":{"line":673,"column":2},"end":{"line":675,"column":3}},"239":{"start":{"line":674,"column":4},"end":{"line":674,"column":56}},"240":{"start":{"line":677,"column":2},"end":{"line":677,"column":28}},"241":{"start":{"line":680,"column":0},"end":{"line":707,"column":0}},"242":{"start":{"line":681,"column":2},"end":{"line":681,"column":18}},"243":{"start":{"line":682,"column":2},"end":{"line":682,"column":26}},"244":{"start":{"line":684,"column":2},"end":{"line":697,"column":3}},"245":{"start":{"line":685,"column":4},"end":{"line":685,"column":25}},"246":{"start":{"line":687,"column":4},"end":{"line":696,"column":5}},"247":{"start":{"line":688,"column":6},"end":{"line":688,"column":37}},"248":{"start":{"line":689,"column":6},"end":{"line":689,"column":23}},"249":{"start":{"line":691,"column":6},"end":{"line":691,"column":29}},"250":{"start":{"line":692,"column":6},"end":{"line":695,"column":7}},"251":{"start":{"line":693,"column":8},"end":{"line":693,"column":32}},"252":{"start":{"line":694,"column":8},"end":{"line":694,"column":28}},"253":{"start":{"line":699,"column":2},"end":{"line":699,"column":28}},"254":{"start":{"line":707,"column":0},"end":{"line":965,"column":3}},"255":{"start":{"line":967,"column":0},"end":{"line":1225,"column":3}},"256":{"start":{"line":1258,"column":0},"end":{"line":1272,"column":2}},"257":{"start":{"line":1259,"column":2},"end":{"line":1259,"column":32}},"258":{"start":{"line":1261,"column":2},"end":{"line":1261,"column":41}},"259":{"start":{"line":1262,"column":2},"end":{"line":1271,"column":3}},"260":{"start":{"line":1263,"column":4},"end":{"line":1264,"column":4}},"261":{"start":{"line":1264,"column":4},"end":{"line":1264,"column":24}},"262":{"start":{"line":1265,"column":4},"end":{"line":1265,"column":34}},"263":{"start":{"line":1269,"column":4},"end":{"line":1270,"column":4}},"264":{"start":{"line":1270,"column":4},"end":{"line":1270,"column":30}},"265":{"start":{"line":1274,"column":0},"end":{"line":1280,"column":2}},"266":{"start":{"line":1275,"column":2},"end":{"line":1275,"column":44}},"267":{"start":{"line":1276,"column":2},"end":{"line":1276,"column":56}},"268":{"start":{"line":1277,"column":2},"end":{"line":1277,"column":68}},"269":{"start":{"line":1278,"column":2},"end":{"line":1278,"column":26}},"270":{"start":{"line":1279,"column":2},"end":{"line":1279,"column":77}},"271":{"start":{"line":1349,"column":0},"end":{"line":1353,"column":2}},"272":{"start":{"line":1355,"column":0},"end":{"line":1383,"column":2}},"273":{"start":{"line":1356,"column":2},"end":{"line":1356,"column":35}},"274":{"start":{"line":1358,"column":2},"end":{"line":1364,"column":3}},"275":{"start":{"line":1359,"column":4},"end":{"line":1359,"column":45}},"276":{"start":{"line":1360,"column":9},"end":{"line":1364,"column":3}},"277":{"start":{"line":1361,"column":4},"end":{"line":1361,"column":56}},"278":{"start":{"line":1363,"column":4},"end":{"line":1363,"column":45}},"279":{"start":{"line":1366,"column":2},"end":{"line":1378,"column":3}},"280":{"start":{"line":1367,"column":4},"end":{"line":1367,"column":87}},"281":{"start":{"line":1371,"column":4},"end":{"line":1376,"column":5}},"282":{"start":{"line":1372,"column":6},"end":{"line":1372,"column":88}},"283":{"start":{"line":1374,"column":6},"end":{"line":1374,"column":74}},"284":{"start":{"line":1375,"column":6},"end":{"line":1375,"column":74}},"285":{"start":{"line":1377,"column":4},"end":{"line":1377,"column":73}},"286":{"start":{"line":1380,"column":2},"end":{"line":1380,"column":45}},"287":{"start":{"line":1382,"column":2},"end":{"line":1382,"column":51}},"288":{"start":{"line":1385,"column":0},"end":{"line":1412,"column":2}},"289":{"start":{"line":1386,"column":2},"end":{"line":1386,"column":34}},"290":{"start":{"line":1388,"column":2},"end":{"line":1388,"column":40}},"291":{"start":{"line":1389,"column":2},"end":{"line":1395,"column":3}},"292":{"start":{"line":1390,"column":4},"end":{"line":1390,"column":45}},"293":{"start":{"line":1391,"column":9},"end":{"line":1395,"column":3}},"294":{"start":{"line":1392,"column":4},"end":{"line":1392,"column":45}},"295":{"start":{"line":1394,"column":4},"end":{"line":1394,"column":56}},"296":{"start":{"line":1397,"column":2},"end":{"line":1409,"column":3}},"297":{"start":{"line":1398,"column":4},"end":{"line":1398,"column":98}},"298":{"start":{"line":1399,"column":4},"end":{"line":1399,"column":25}},"299":{"start":{"line":1403,"column":4},"end":{"line":1403,"column":83}},"300":{"start":{"line":1404,"column":4},"end":{"line":1406,"column":5}},"301":{"start":{"line":1405,"column":6},"end":{"line":1405,"column":71}},"302":{"start":{"line":1407,"column":4},"end":{"line":1407,"column":70}},"303":{"start":{"line":1408,"column":4},"end":{"line":1408,"column":75}},"304":{"start":{"line":1411,"column":2},"end":{"line":1411,"column":16}},"305":{"start":{"line":1436,"column":0},"end":{"line":1436,"column":34}},"306":{"start":{"line":1442,"column":0},"end":{"line":1442,"column":43}},"307":{"start":{"line":1443,"column":0},"end":{"line":1452,"column":1}},"308":{"start":{"line":1444,"column":2},"end":{"line":1444,"column":51}},"309":{"start":{"line":1446,"column":2},"end":{"line":1446,"column":53}},"310":{"start":{"line":1448,"column":2},"end":{"line":1448,"column":56}},"311":{"start":{"line":1449,"column":2},"end":{"line":1450,"column":80}},"312":{"start":{"line":1451,"column":2},"end":{"line":1451,"column":43}},"313":{"start":{"line":1455,"column":0},"end":{"line":1457,"column":2}},"314":{"start":{"line":1456,"column":2},"end":{"line":1456,"column":33}},"315":{"start":{"line":1462,"column":0},"end":{"line":1504,"column":2}},"316":{"start":{"line":1463,"column":2},"end":{"line":1463,"column":87}},"317":{"start":{"line":1464,"column":2},"end":{"line":1496,"column":3}},"318":{"start":{"line":1465,"column":4},"end":{"line":1465,"column":30}},"319":{"start":{"line":1466,"column":4},"end":{"line":1466,"column":38}},"320":{"start":{"line":1470,"column":4},"end":{"line":1477,"column":5}},"321":{"start":{"line":1471,"column":6},"end":{"line":1473,"column":7}},"322":{"start":{"line":1472,"column":8},"end":{"line":1473,"column":6}},"323":{"start":{"line":1474,"column":6},"end":{"line":1476,"column":10}},"324":{"start":{"line":1475,"column":8},"end":{"line":1476,"column":6}},"325":{"start":{"line":1485,"column":4},"end":{"line":1487,"column":5}},"326":{"start":{"line":1486,"column":6},"end":{"line":1486,"column":31}},"327":{"start":{"line":1489,"column":4},"end":{"line":1495,"column":5}},"328":{"start":{"line":1490,"column":6},"end":{"line":1492,"column":7}},"329":{"start":{"line":1491,"column":8},"end":{"line":1491,"column":51}},"330":{"start":{"line":1494,"column":6},"end":{"line":1494,"column":46}},"331":{"start":{"line":1497,"column":2},"end":{"line":1497,"column":19}},"332":{"start":{"line":1499,"column":2},"end":{"line":1499,"column":25}},"333":{"start":{"line":1500,"column":2},"end":{"line":1502,"column":3}},"334":{"start":{"line":1501,"column":4},"end":{"line":1501,"column":23}},"335":{"start":{"line":1503,"column":2},"end":{"line":1503,"column":24}},"336":{"start":{"line":1507,"column":0},"end":{"line":1548,"column":2}},"337":{"start":{"line":1515,"column":2},"end":{"line":1545,"column":3}},"338":{"start":{"line":1516,"column":4},"end":{"line":1516,"column":46}},"339":{"start":{"line":1518,"column":4},"end":{"line":1518,"column":52}},"340":{"start":{"line":1520,"column":4},"end":{"line":1539,"column":5}},"341":{"start":{"line":1521,"column":6},"end":{"line":1521,"column":21}},"342":{"start":{"line":1522,"column":6},"end":{"line":1522,"column":28}},"343":{"start":{"line":1523,"column":6},"end":{"line":1523,"column":43}},"344":{"start":{"line":1525,"column":6},"end":{"line":1535,"column":7}},"345":{"start":{"line":1526,"column":8},"end":{"line":1526,"column":45}},"346":{"start":{"line":1527,"column":8},"end":{"line":1527,"column":57}},"347":{"start":{"line":1528,"column":8},"end":{"line":1528,"column":53}},"348":{"start":{"line":1530,"column":8},"end":{"line":1534,"column":10}},"349":{"start":{"line":1536,"column":6},"end":{"line":1536,"column":34}},"350":{"start":{"line":1538,"column":6},"end":{"line":1538,"column":28}},"351":{"start":{"line":1544,"column":4},"end":{"line":1544,"column":21}},"352":{"start":{"line":1547,"column":2},"end":{"line":1547,"column":9}},"353":{"start":{"line":1559,"column":0},"end":{"line":1559,"column":45}},"354":{"start":{"line":1560,"column":0},"end":{"line":1572,"column":1}},"355":{"start":{"line":1561,"column":2},"end":{"line":1561,"column":51}},"356":{"start":{"line":1563,"column":2},"end":{"line":1563,"column":53}},"357":{"start":{"line":1565,"column":2},"end":{"line":1565,"column":56}},"358":{"start":{"line":1566,"column":2},"end":{"line":1567,"column":80}},"359":{"start":{"line":1568,"column":2},"end":{"line":1568,"column":43}},"360":{"start":{"line":1570,"column":2},"end":{"line":1570,"column":27}},"361":{"start":{"line":1571,"column":2},"end":{"line":1571,"column":25}},"362":{"start":{"line":1575,"column":0},"end":{"line":1577,"column":2}},"363":{"start":{"line":1576,"column":2},"end":{"line":1576,"column":33}},"364":{"start":{"line":1582,"column":0},"end":{"line":1615,"column":2}},"365":{"start":{"line":1583,"column":2},"end":{"line":1583,"column":91}},"366":{"start":{"line":1584,"column":2},"end":{"line":1584,"column":26}},"367":{"start":{"line":1586,"column":2},"end":{"line":1586,"column":19}},"368":{"start":{"line":1587,"column":2},"end":{"line":1587,"column":11}},"369":{"start":{"line":1588,"column":2},"end":{"line":1605,"column":3}},"370":{"start":{"line":1589,"column":4},"end":{"line":1589,"column":23}},"371":{"start":{"line":1592,"column":4},"end":{"line":1592,"column":37}},"372":{"start":{"line":1593,"column":4},"end":{"line":1604,"column":5}},"373":{"start":{"line":1594,"column":6},"end":{"line":1594,"column":28}},"374":{"start":{"line":1595,"column":6},"end":{"line":1603,"column":7}},"375":{"start":{"line":1596,"column":8},"end":{"line":1600,"column":9}},"376":{"start":{"line":1597,"column":10},"end":{"line":1597,"column":36}},"377":{"start":{"line":1599,"column":10},"end":{"line":1599,"column":49}},"378":{"start":{"line":1602,"column":8},"end":{"line":1602,"column":30}},"379":{"start":{"line":1610,"column":2},"end":{"line":1612,"column":3}},"380":{"start":{"line":1611,"column":4},"end":{"line":1612,"column":2}},"381":{"start":{"line":1614,"column":2},"end":{"line":1614,"column":17}},"382":{"start":{"line":1618,"column":0},"end":{"line":1662,"column":2}},"383":{"start":{"line":1621,"column":2},"end":{"line":1641,"column":3}},"384":{"start":{"line":1622,"column":4},"end":{"line":1626,"column":5}},"385":{"start":{"line":1623,"column":6},"end":{"line":1623,"column":71}},"386":{"start":{"line":1624,"column":6},"end":{"line":1624,"column":43}},"387":{"start":{"line":1625,"column":6},"end":{"line":1625,"column":13}},"388":{"start":{"line":1627,"column":4},"end":{"line":1627,"column":29}},"389":{"start":{"line":1632,"column":7},"end":{"line":1641,"column":3}},"390":{"start":{"line":1633,"column":4},"end":{"line":1633,"column":28}},"391":{"start":{"line":1634,"column":4},"end":{"line":1634,"column":41}},"392":{"start":{"line":1635,"column":4},"end":{"line":1635,"column":27}},"393":{"start":{"line":1640,"column":4},"end":{"line":1640,"column":21}},"394":{"start":{"line":1646,"column":2},"end":{"line":1659,"column":3}},"395":{"start":{"line":1647,"column":4},"end":{"line":1649,"column":8}},"396":{"start":{"line":1648,"column":6},"end":{"line":1648,"column":24}},"397":{"start":{"line":1650,"column":4},"end":{"line":1656,"column":5}},"398":{"start":{"line":1651,"column":6},"end":{"line":1651,"column":44}},"399":{"start":{"line":1653,"column":6},"end":{"line":1653,"column":68}},"400":{"start":{"line":1654,"column":6},"end":{"line":1654,"column":46}},"401":{"start":{"line":1655,"column":6},"end":{"line":1655,"column":13}},"402":{"start":{"line":1657,"column":4},"end":{"line":1657,"column":62}},"403":{"start":{"line":1658,"column":4},"end":{"line":1658,"column":29}},"404":{"start":{"line":1661,"column":2},"end":{"line":1661,"column":9}},"405":{"start":{"line":1668,"column":0},"end":{"line":1680,"column":1}},"406":{"start":{"line":1669,"column":2},"end":{"line":1669,"column":15}},"407":{"start":{"line":1670,"column":2},"end":{"line":1672,"column":3}},"408":{"start":{"line":1671,"column":4},"end":{"line":1671,"column":30}},"409":{"start":{"line":1674,"column":2},"end":{"line":1674,"column":38}},"410":{"start":{"line":1675,"column":2},"end":{"line":1677,"column":3}},"411":{"start":{"line":1676,"column":4},"end":{"line":1676,"column":42}},"412":{"start":{"line":1679,"column":2},"end":{"line":1679,"column":22}},"413":{"start":{"line":1683,"column":0},"end":{"line":1692,"column":1}},"414":{"start":{"line":1684,"column":2},"end":{"line":1684,"column":18}},"415":{"start":{"line":1685,"column":2},"end":{"line":1685,"column":17}},"416":{"start":{"line":1686,"column":2},"end":{"line":1690,"column":34}},"417":{"start":{"line":1687,"column":4},"end":{"line":1687,"column":59}},"418":{"start":{"line":1688,"column":4},"end":{"line":1688,"column":58}},"419":{"start":{"line":1689,"column":4},"end":{"line":1689,"column":24}},"420":{"start":{"line":1691,"column":2},"end":{"line":1691,"column":16}},"421":{"start":{"line":1694,"column":0},"end":{"line":1696,"column":1}},"422":{"start":{"line":1695,"column":2},"end":{"line":1696,"column":0}}},"branchMap":{"1":{"line":43,"type":"binary-expr","locations":[{"start":{"line":43,"column":16},"end":{"line":43,"column":21}},{"start":{"line":43,"column":25},"end":{"line":43,"column":51}}]},"2":{"line":122,"type":"binary-expr","locations":[{"start":{"line":122,"column":10},"end":{"line":122,"column":28}},{"start":{"line":122,"column":34},"end":{"line":122,"column":47}}]},"3":{"line":135,"type":"if","locations":[{"start":{"line":135,"column":2},"end":{"line":135,"column":2}},{"start":{"line":135,"column":2},"end":{"line":135,"column":2}}]},"4":{"line":292,"type":"if","locations":[{"start":{"line":292,"column":2},"end":{"line":292,"column":2}},{"start":{"line":292,"column":2},"end":{"line":292,"column":2}}]},"5":{"line":296,"type":"if","locations":[{"start":{"line":296,"column":4},"end":{"line":296,"column":4}},{"start":{"line":296,"column":4},"end":{"line":296,"column":4}}]},"6":{"line":302,"type":"if","locations":[{"start":{"line":302,"column":9},"end":{"line":302,"column":9}},{"start":{"line":302,"column":9},"end":{"line":302,"column":9}}]},"7":{"line":310,"type":"if","locations":[{"start":{"line":310,"column":6},"end":{"line":310,"column":6}},{"start":{"line":310,"column":6},"end":{"line":310,"column":6}}]},"8":{"line":328,"type":"if","locations":[{"start":{"line":328,"column":4},"end":{"line":328,"column":4}},{"start":{"line":328,"column":4},"end":{"line":328,"column":4}}]},"9":{"line":334,"type":"if","locations":[{"start":{"line":334,"column":4},"end":{"line":334,"column":4}},{"start":{"line":334,"column":4},"end":{"line":334,"column":4}}]},"10":{"line":361,"type":"if","locations":[{"start":{"line":361,"column":4},"end":{"line":361,"column":4}},{"start":{"line":361,"column":4},"end":{"line":361,"column":4}}]},"11":{"line":361,"type":"binary-expr","locations":[{"start":{"line":361,"column":8},"end":{"line":361,"column":23}},{"start":{"line":361,"column":27},"end":{"line":361,"column":41}}]},"12":{"line":396,"type":"if","locations":[{"start":{"line":396,"column":2},"end":{"line":396,"column":2}},{"start":{"line":396,"column":2},"end":{"line":396,"column":2}}]},"13":{"line":414,"type":"if","locations":[{"start":{"line":414,"column":4},"end":{"line":414,"column":4}},{"start":{"line":414,"column":4},"end":{"line":414,"column":4}}]},"14":{"line":415,"type":"if","locations":[{"start":{"line":415,"column":6},"end":{"line":415,"column":6}},{"start":{"line":415,"column":6},"end":{"line":415,"column":6}}]},"15":{"line":418,"type":"if","locations":[{"start":{"line":418,"column":13},"end":{"line":418,"column":13}},{"start":{"line":418,"column":13},"end":{"line":418,"column":13}}]},"16":{"line":448,"type":"if","locations":[{"start":{"line":448,"column":2},"end":{"line":448,"column":2}},{"start":{"line":448,"column":2},"end":{"line":448,"column":2}}]},"17":{"line":451,"type":"if","locations":[{"start":{"line":451,"column":4},"end":{"line":451,"column":4}},{"start":{"line":451,"column":4},"end":{"line":451,"column":4}}]},"18":{"line":452,"type":"if","locations":[{"start":{"line":452,"column":6},"end":{"line":452,"column":6}},{"start":{"line":452,"column":6},"end":{"line":452,"column":6}}]},"19":{"line":461,"type":"if","locations":[{"start":{"line":461,"column":9},"end":{"line":461,"column":9}},{"start":{"line":461,"column":9},"end":{"line":461,"column":9}}]},"20":{"line":470,"type":"if","locations":[{"start":{"line":470,"column":9},"end":{"line":470,"column":9}},{"start":{"line":470,"column":9},"end":{"line":470,"column":9}}]},"21":{"line":487,"type":"if","locations":[{"start":{"line":487,"column":4},"end":{"line":487,"column":4}},{"start":{"line":487,"column":4},"end":{"line":487,"column":4}}]},"22":{"line":492,"type":"if","locations":[{"start":{"line":492,"column":8},"end":{"line":492,"column":8}},{"start":{"line":492,"column":8},"end":{"line":492,"column":8}}]},"23":{"line":500,"type":"cond-expr","locations":[{"start":{"line":500,"column":43},"end":{"line":500,"column":52}},{"start":{"line":500,"column":55},"end":{"line":500,"column":59}}]},"24":{"line":513,"type":"if","locations":[{"start":{"line":513,"column":4},"end":{"line":513,"column":4}},{"start":{"line":513,"column":4},"end":{"line":513,"column":4}}]},"25":{"line":513,"type":"binary-expr","locations":[{"start":{"line":513,"column":8},"end":{"line":513,"column":23}},{"start":{"line":513,"column":27},"end":{"line":513,"column":38}},{"start":{"line":513,"column":42},"end":{"line":513,"column":56}}]},"26":{"line":542,"type":"if","locations":[{"start":{"line":542,"column":2},"end":{"line":542,"column":2}},{"start":{"line":542,"column":2},"end":{"line":542,"column":2}}]},"27":{"line":547,"type":"if","locations":[{"start":{"line":547,"column":2},"end":{"line":547,"column":2}},{"start":{"line":547,"column":2},"end":{"line":547,"column":2}}]},"28":{"line":557,"type":"if","locations":[{"start":{"line":557,"column":4},"end":{"line":557,"column":4}},{"start":{"line":557,"column":4},"end":{"line":557,"column":4}}]},"29":{"line":585,"type":"if","locations":[{"start":{"line":585,"column":2},"end":{"line":585,"column":2}},{"start":{"line":585,"column":2},"end":{"line":585,"column":2}}]},"30":{"line":589,"type":"if","locations":[{"start":{"line":589,"column":2},"end":{"line":589,"column":2}},{"start":{"line":589,"column":2},"end":{"line":589,"column":2}}]},"31":{"line":605,"type":"if","locations":[{"start":{"line":605,"column":4},"end":{"line":605,"column":4}},{"start":{"line":605,"column":4},"end":{"line":605,"column":4}}]},"32":{"line":610,"type":"binary-expr","locations":[{"start":{"line":610,"column":17},"end":{"line":610,"column":25}},{"start":{"line":610,"column":29},"end":{"line":610,"column":30}}]},"33":{"line":615,"type":"if","locations":[{"start":{"line":615,"column":8},"end":{"line":615,"column":8}},{"start":{"line":615,"column":8},"end":{"line":615,"column":8}}]},"34":{"line":640,"type":"if","locations":[{"start":{"line":640,"column":4},"end":{"line":640,"column":4}},{"start":{"line":640,"column":4},"end":{"line":640,"column":4}}]},"35":{"line":653,"type":"if","locations":[{"start":{"line":653,"column":6},"end":{"line":653,"column":6}},{"start":{"line":653,"column":6},"end":{"line":653,"column":6}}]},"36":{"line":667,"type":"if","locations":[{"start":{"line":667,"column":6},"end":{"line":667,"column":6}},{"start":{"line":667,"column":6},"end":{"line":667,"column":6}}]},"37":{"line":673,"type":"if","locations":[{"start":{"line":673,"column":2},"end":{"line":673,"column":2}},{"start":{"line":673,"column":2},"end":{"line":673,"column":2}}]},"38":{"line":688,"type":"cond-expr","locations":[{"start":{"line":688,"column":31},"end":{"line":688,"column":32}},{"start":{"line":688,"column":35},"end":{"line":688,"column":36}}]},"39":{"line":692,"type":"if","locations":[{"start":{"line":692,"column":6},"end":{"line":692,"column":6}},{"start":{"line":692,"column":6},"end":{"line":692,"column":6}}]},"40":{"line":1262,"type":"if","locations":[{"start":{"line":1262,"column":2},"end":{"line":1262,"column":2}},{"start":{"line":1262,"column":2},"end":{"line":1262,"column":2}}]},"41":{"line":1279,"type":"cond-expr","locations":[{"start":{"line":1279,"column":20},"end":{"line":1279,"column":48}},{"start":{"line":1279,"column":51},"end":{"line":1279,"column":58}}]},"42":{"line":1358,"type":"if","locations":[{"start":{"line":1358,"column":2},"end":{"line":1358,"column":2}},{"start":{"line":1358,"column":2},"end":{"line":1358,"column":2}}]},"43":{"line":1360,"type":"if","locations":[{"start":{"line":1360,"column":9},"end":{"line":1360,"column":9}},{"start":{"line":1360,"column":9},"end":{"line":1360,"column":9}}]},"44":{"line":1366,"type":"if","locations":[{"start":{"line":1366,"column":2},"end":{"line":1366,"column":2}},{"start":{"line":1366,"column":2},"end":{"line":1366,"column":2}}]},"45":{"line":1371,"type":"if","locations":[{"start":{"line":1371,"column":4},"end":{"line":1371,"column":4}},{"start":{"line":1371,"column":4},"end":{"line":1371,"column":4}}]},"46":{"line":1389,"type":"if","locations":[{"start":{"line":1389,"column":2},"end":{"line":1389,"column":2}},{"start":{"line":1389,"column":2},"end":{"line":1389,"column":2}}]},"47":{"line":1391,"type":"if","locations":[{"start":{"line":1391,"column":9},"end":{"line":1391,"column":9}},{"start":{"line":1391,"column":9},"end":{"line":1391,"column":9}}]},"48":{"line":1397,"type":"if","locations":[{"start":{"line":1397,"column":2},"end":{"line":1397,"column":2}},{"start":{"line":1397,"column":2},"end":{"line":1397,"column":2}}]},"49":{"line":1404,"type":"if","locations":[{"start":{"line":1404,"column":4},"end":{"line":1404,"column":4}},{"start":{"line":1404,"column":4},"end":{"line":1404,"column":4}}]},"50":{"line":1448,"type":"binary-expr","locations":[{"start":{"line":1448,"column":10},"end":{"line":1448,"column":28}},{"start":{"line":1448,"column":34},"end":{"line":1448,"column":53}}]},"51":{"line":1449,"type":"cond-expr","locations":[{"start":{"line":1449,"column":46},"end":{"line":1449,"column":78}},{"start":{"line":1450,"column":46},"end":{"line":1450,"column":79}}]},"52":{"line":1470,"type":"if","locations":[{"start":{"line":1470,"column":4},"end":{"line":1470,"column":4}},{"start":{"line":1470,"column":4},"end":{"line":1470,"column":4}}]},"53":{"line":1471,"type":"if","locations":[{"start":{"line":1471,"column":6},"end":{"line":1471,"column":6}},{"start":{"line":1471,"column":6},"end":{"line":1471,"column":6}}]},"54":{"line":1485,"type":"if","locations":[{"start":{"line":1485,"column":4},"end":{"line":1485,"column":4}},{"start":{"line":1485,"column":4},"end":{"line":1485,"column":4}}]},"55":{"line":1485,"type":"binary-expr","locations":[{"start":{"line":1485,"column":9},"end":{"line":1485,"column":31}},{"start":{"line":1485,"column":37},"end":{"line":1485,"column":54}}]},"56":{"line":1489,"type":"if","locations":[{"start":{"line":1489,"column":4},"end":{"line":1489,"column":4}},{"start":{"line":1489,"column":4},"end":{"line":1489,"column":4}}]},"57":{"line":1515,"type":"if","locations":[{"start":{"line":1515,"column":2},"end":{"line":1515,"column":2}},{"start":{"line":1515,"column":2},"end":{"line":1515,"column":2}}]},"58":{"line":1515,"type":"binary-expr","locations":[{"start":{"line":1515,"column":6},"end":{"line":1515,"column":30}},{"start":{"line":1515,"column":34},"end":{"line":1515,"column":63}}]},"59":{"line":1525,"type":"if","locations":[{"start":{"line":1525,"column":6},"end":{"line":1525,"column":6}},{"start":{"line":1525,"column":6},"end":{"line":1525,"column":6}}]},"60":{"line":1565,"type":"binary-expr","locations":[{"start":{"line":1565,"column":10},"end":{"line":1565,"column":28}},{"start":{"line":1565,"column":34},"end":{"line":1565,"column":53}}]},"61":{"line":1566,"type":"cond-expr","locations":[{"start":{"line":1566,"column":46},"end":{"line":1566,"column":78}},{"start":{"line":1567,"column":46},"end":{"line":1567,"column":79}}]},"62":{"line":1595,"type":"if","locations":[{"start":{"line":1595,"column":6},"end":{"line":1595,"column":6}},{"start":{"line":1595,"column":6},"end":{"line":1595,"column":6}}]},"63":{"line":1596,"type":"if","locations":[{"start":{"line":1596,"column":8},"end":{"line":1596,"column":8}},{"start":{"line":1596,"column":8},"end":{"line":1596,"column":8}}]},"64":{"line":1610,"type":"if","locations":[{"start":{"line":1610,"column":2},"end":{"line":1610,"column":2}},{"start":{"line":1610,"column":2},"end":{"line":1610,"column":2}}]},"65":{"line":1610,"type":"binary-expr","locations":[{"start":{"line":1610,"column":7},"end":{"line":1610,"column":26}},{"start":{"line":1610,"column":32},"end":{"line":1610,"column":66}}]},"66":{"line":1621,"type":"if","locations":[{"start":{"line":1621,"column":2},"end":{"line":1621,"column":2}},{"start":{"line":1621,"column":2},"end":{"line":1621,"column":2}}]},"67":{"line":1622,"type":"if","locations":[{"start":{"line":1622,"column":4},"end":{"line":1622,"column":4}},{"start":{"line":1622,"column":4},"end":{"line":1622,"column":4}}]},"68":{"line":1622,"type":"binary-expr","locations":[{"start":{"line":1622,"column":9},"end":{"line":1622,"column":38}},{"start":{"line":1622,"column":44},"end":{"line":1622,"column":78}}]},"69":{"line":1632,"type":"if","locations":[{"start":{"line":1632,"column":7},"end":{"line":1632,"column":7}},{"start":{"line":1632,"column":7},"end":{"line":1632,"column":7}}]},"70":{"line":1632,"type":"binary-expr","locations":[{"start":{"line":1632,"column":12},"end":{"line":1632,"column":36}},{"start":{"line":1632,"column":42},"end":{"line":1632,"column":71}}]},"71":{"line":1646,"type":"if","locations":[{"start":{"line":1646,"column":2},"end":{"line":1646,"column":2}},{"start":{"line":1646,"column":2},"end":{"line":1646,"column":2}}]},"72":{"line":1646,"type":"binary-expr","locations":[{"start":{"line":1646,"column":6},"end":{"line":1646,"column":22}},{"start":{"line":1646,"column":27},"end":{"line":1646,"column":50}},{"start":{"line":1646,"column":54},"end":{"line":1646,"column":82}}]}}},"/data/upstream/node-http2-protocol/lib/connection.js":{"path":"/data/upstream/node-http2-protocol/lib/connection.js","s":{"1":1,"2":1,"3":1,"4":1,"5":25,"6":25,"7":25,"8":25,"9":25,"10":25,"11":25,"12":1,"13":1,"14":1,"15":25,"16":25,"17":25,"18":25,"19":25,"20":25,"21":25,"22":25,"23":1,"24":41,"25":41,"26":41,"27":0,"28":0,"29":1,"30":18,"31":18,"32":18,"33":18,"34":0,"35":1,"36":28,"37":20,"38":20,"39":20,"40":20,"41":0,"42":1,"43":20,"44":10,"45":10,"46":10,"47":10,"48":0,"49":0,"50":0,"51":20,"52":20,"53":20,"54":20,"55":20,"56":20,"57":20,"58":1,"59":20,"60":20,"61":20,"62":20,"63":20,"64":1,"65":50,"66":19,"67":31,"68":1,"69":10,"70":10,"71":10,"72":10,"73":10,"74":7,"75":10,"76":1,"77":10,"78":10,"79":10,"80":10,"81":10,"82":10,"83":1,"84":7,"85":7,"86":7,"87":7,"88":1,"89":25,"90":25,"91":25,"92":1,"93":124,"94":1,"95":123,"96":47,"97":76,"98":48,"99":48,"100":76,"101":47,"102":47,"103":47,"104":21,"105":21,"106":21,"107":36,"108":52,"109":52,"110":52,"111":34,"112":18,"113":0,"114":0,"115":18,"116":18,"117":10,"118":18,"119":3,"120":3,"121":18,"122":18,"123":18,"124":18,"125":18,"126":0,"127":36,"128":36,"129":47,"130":39,"131":47,"132":1,"133":59,"134":59,"135":18,"136":18,"137":59,"138":59,"139":7,"140":59,"141":3,"142":59,"143":59,"144":59,"145":1,"146":1,"147":25,"148":25,"149":25,"150":25,"151":1,"152":18,"153":18,"154":0,"155":0,"156":1,"157":36,"158":18,"159":18,"160":18,"161":18,"162":18,"163":18,"164":36,"165":1,"166":25,"167":25,"168":25,"169":18,"170":36,"171":18,"172":25,"173":25,"174":50,"175":1,"176":25,"177":25,"178":25,"179":25,"180":1,"181":2,"182":2,"183":2,"184":32,"185":2,"186":1,"187":2,"188":2,"189":2,"190":2,"191":2,"192":1,"193":5,"194":2,"195":2,"196":2,"197":2,"198":2,"199":2,"200":2,"201":0,"202":3,"203":3,"204":1,"205":1,"206":0,"207":0,"208":1,"209":1,"210":1,"211":1,"212":1,"213":1,"214":1,"215":1,"216":1,"217":0,"218":1,"219":25,"220":25,"221":20,"222":20,"223":0,"224":25,"225":25,"226":25,"227":25,"228":25,"229":1,"230":1,"231":23,"232":1,"233":1,"234":22,"235":22,"236":22,"237":22,"238":1,"239":6,"240":4,"241":4,"242":2,"243":1,"244":1,"245":1,"246":0,"247":0,"248":0,"249":0,"250":0,"251":0,"252":0},"b":{"1":[41,0],"2":[41,5,1,0],"3":[18,0],"4":[0,18],"5":[20,8],"6":[20,0],"7":[0,20],"8":[10,10],"9":[10,0],"10":[10,10],"11":[19,31],"12":[7,3],"13":[1,123],"14":[47,76],"15":[48,28],"16":[52,0],"17":[34,18],"18":[0,18],"19":[10,8],"20":[10,7],"21":[3,15],"22":[0,18],"23":[39,8],"24":[18,41],"25":[7,52],"26":[3,56],"27":[25,0],"28":[18,0],"29":[18,18],"30":[18,18],"31":[18,0],"32":[18,0],"33":[25,25],"34":[2,3],"35":[2,0],"36":[2,0],"37":[0,1],"38":[1,1],"39":[0,1],"40":[0,20],"41":[1,22],"42":[23,2],"43":[4,2],"44":[1,1],"45":[0,0],"46":[0,0]},"f":{"1":25,"2":25,"3":41,"4":18,"5":28,"6":20,"7":20,"8":50,"9":10,"10":10,"11":7,"12":25,"13":124,"14":59,"15":25,"16":18,"17":36,"18":25,"19":18,"20":18,"21":25,"22":2,"23":2,"24":5,"25":1,"26":1,"27":25,"28":20,"29":22,"30":0,"31":23,"32":22,"33":6,"34":0,"35":0},"fnMap":{"1":{"name":"Connection","line":39,"loc":{"start":{"line":39,"column":0},"end":{"line":39,"column":50}}},"2":{"name":"_initializeStreamManagement","line":100,"loc":{"start":{"line":100,"column":51},"end":{"line":100,"column":103}}},"3":{"name":"_writeControlFrame","line":123,"loc":{"start":{"line":123,"column":42},"end":{"line":123,"column":77}}},"4":{"name":"_updateStreamLimit","line":135,"loc":{"start":{"line":135,"column":42},"end":{"line":135,"column":86}}},"5":{"name":"_changeStreamCount","line":144,"loc":{"start":{"line":144,"column":42},"end":{"line":144,"column":78}}},"6":{"name":"_allocateId","line":164,"loc":{"start":{"line":164,"column":35},"end":{"line":164,"column":68}}},"7":{"name":"_allocatePriority","line":199,"loc":{"start":{"line":199,"column":41},"end":{"line":199,"column":76}}},"8":{"name":"_insert","line":207,"loc":{"start":{"line":207,"column":31},"end":{"line":207,"column":66}}},"9":{"name":"_reprioritize","line":215,"loc":{"start":{"line":215,"column":37},"end":{"line":215,"column":78}}},"10":{"name":"_createIncomingStream","line":229,"loc":{"start":{"line":229,"column":45},"end":{"line":229,"column":80}}},"11":{"name":"createStream","line":241,"loc":{"start":{"line":241,"column":36},"end":{"line":241,"column":60}}},"12":{"name":"_initializeMultiplexing","line":254,"loc":{"start":{"line":254,"column":47},"end":{"line":254,"column":82}}},"13":{"name":"_send","line":262,"loc":{"start":{"line":262,"column":29},"end":{"line":262,"column":55}}},"14":{"name":"_receive","line":346,"loc":{"start":{"line":346,"column":32},"end":{"line":346,"column":63}}},"15":{"name":"_initializeSettingsManagement","line":384,"loc":{"start":{"line":384,"column":53},"end":{"line":384,"column":102}}},"16":{"name":"_onFirstFrameReceived","line":398,"loc":{"start":{"line":398,"column":45},"end":{"line":398,"column":83}}},"17":{"name":"_receiveSettings","line":408,"loc":{"start":{"line":408,"column":40},"end":{"line":408,"column":73}}},"18":{"name":"set","line":434,"loc":{"start":{"line":434,"column":27},"end":{"line":434,"column":60}}},"19":{"name":"noop","line":436,"loc":{"start":{"line":436,"column":25},"end":{"line":436,"column":41}}},"20":{"name":"(anonymous_20)","line":438,"loc":{"start":{"line":438,"column":34},"end":{"line":438,"column":45}}},"21":{"name":"_initializeLifecycleManagement","line":467,"loc":{"start":{"line":467,"column":54},"end":{"line":467,"column":96}}},"22":{"name":"_generatePingId","line":475,"loc":{"start":{"line":475,"column":39},"end":{"line":475,"column":66}}},"23":{"name":"ping","line":486,"loc":{"start":{"line":486,"column":28},"end":{"line":486,"column":52}}},"24":{"name":"_receivePing","line":503,"loc":{"start":{"line":503,"column":36},"end":{"line":503,"column":65}}},"25":{"name":"close","line":531,"loc":{"start":{"line":531,"column":29},"end":{"line":531,"column":51}}},"26":{"name":"_receiveGoaway","line":549,"loc":{"start":{"line":549,"column":38},"end":{"line":549,"column":69}}},"27":{"name":"_initializeFlowControl","line":561,"loc":{"start":{"line":561,"column":46},"end":{"line":561,"column":80}}},"28":{"name":"(anonymous_28)","line":564,"loc":{"start":{"line":564,"column":24},"end":{"line":564,"column":41}}},"29":{"name":"noop","line":573,"loc":{"start":{"line":573,"column":49},"end":{"line":573,"column":65}}},"30":{"name":"noop","line":574,"loc":{"start":{"line":574,"column":57},"end":{"line":574,"column":73}}},"31":{"name":"_setInitialStreamWindowSize","line":584,"loc":{"start":{"line":584,"column":51},"end":{"line":584,"column":94}}},"32":{"name":"(anonymous_32)","line":591,"loc":{"start":{"line":591,"column":28},"end":{"line":591,"column":45}}},"33":{"name":"_setLocalFlowControl","line":599,"loc":{"start":{"line":599,"column":44},"end":{"line":599,"column":83}}},"34":{"name":"_setRemoteFlowControl","line":609,"loc":{"start":{"line":609,"column":45},"end":{"line":609,"column":85}}},"35":{"name":"(anonymous_35)","line":612,"loc":{"start":{"line":612,"column":28},"end":{"line":612,"column":45}}}},"statementMap":{"1":{"start":{"line":1,"column":0},"end":{"line":1,"column":31}},"2":{"start":{"line":10,"column":0},"end":{"line":10,"column":34}},"3":{"start":{"line":12,"column":0},"end":{"line":12,"column":32}},"4":{"start":{"line":39,"column":0},"end":{"line":60,"column":1}},"5":{"start":{"line":41,"column":2},"end":{"line":41,"column":21}},"6":{"start":{"line":44,"column":2},"end":{"line":44,"column":53}},"7":{"start":{"line":47,"column":2},"end":{"line":47,"column":50}},"8":{"start":{"line":50,"column":2},"end":{"line":50,"column":40}},"9":{"start":{"line":53,"column":2},"end":{"line":53,"column":32}},"10":{"start":{"line":56,"column":2},"end":{"line":56,"column":47}},"11":{"start":{"line":59,"column":2},"end":{"line":59,"column":33}},"12":{"start":{"line":61,"column":0},"end":{"line":61,"column":93}},"13":{"start":{"line":97,"column":0},"end":{"line":97,"column":41}},"14":{"start":{"line":100,"column":0},"end":{"line":119,"column":2}},"15":{"start":{"line":104,"column":2},"end":{"line":104,"column":23}},"16":{"start":{"line":105,"column":2},"end":{"line":105,"column":30}},"17":{"start":{"line":108,"column":2},"end":{"line":108,"column":37}},"18":{"start":{"line":109,"column":2},"end":{"line":109,"column":31}},"19":{"start":{"line":112,"column":2},"end":{"line":112,"column":83}},"20":{"start":{"line":116,"column":2},"end":{"line":116,"column":35}},"21":{"start":{"line":117,"column":2},"end":{"line":117,"column":31}},"22":{"start":{"line":118,"column":2},"end":{"line":118,"column":80}},"23":{"start":{"line":123,"column":0},"end":{"line":132,"column":2}},"24":{"start":{"line":124,"column":2},"end":{"line":131,"column":3}},"25":{"start":{"line":126,"column":4},"end":{"line":126,"column":74}},"26":{"start":{"line":127,"column":4},"end":{"line":127,"column":33}},"27":{"start":{"line":129,"column":4},"end":{"line":129,"column":72}},"28":{"start":{"line":130,"column":4},"end":{"line":130,"column":41}},"29":{"start":{"line":135,"column":0},"end":{"line":142,"column":2}},"30":{"start":{"line":136,"column":2},"end":{"line":136,"column":85}},"31":{"start":{"line":137,"column":2},"end":{"line":137,"column":62}},"32":{"start":{"line":138,"column":2},"end":{"line":138,"column":37}},"33":{"start":{"line":139,"column":2},"end":{"line":141,"column":3}},"34":{"start":{"line":140,"column":4},"end":{"line":140,"column":24}},"35":{"start":{"line":144,"column":0},"end":{"line":154,"column":2}},"36":{"start":{"line":145,"column":2},"end":{"line":153,"column":3}},"37":{"start":{"line":146,"column":4},"end":{"line":147,"column":53}},"38":{"start":{"line":148,"column":4},"end":{"line":148,"column":63}},"39":{"start":{"line":149,"column":4},"end":{"line":149,"column":36}},"40":{"start":{"line":150,"column":4},"end":{"line":152,"column":5}},"41":{"start":{"line":151,"column":6},"end":{"line":151,"column":26}},"42":{"start":{"line":164,"column":0},"end":{"line":196,"column":2}},"43":{"start":{"line":166,"column":2},"end":{"line":182,"column":3}},"44":{"start":{"line":167,"column":4},"end":{"line":167,"column":28}},"45":{"start":{"line":168,"column":4},"end":{"line":168,"column":28}},"46":{"start":{"line":172,"column":7},"end":{"line":182,"column":3}},"47":{"start":{"line":173,"column":4},"end":{"line":173,"column":34}},"48":{"start":{"line":178,"column":4},"end":{"line":179,"column":51}},"49":{"start":{"line":180,"column":4},"end":{"line":180,"column":41}},"50":{"start":{"line":181,"column":4},"end":{"line":181,"column":21}},"51":{"start":{"line":184,"column":2},"end":{"line":184,"column":35}},"52":{"start":{"line":187,"column":2},"end":{"line":187,"column":77}},"53":{"start":{"line":188,"column":2},"end":{"line":188,"column":31}},"54":{"start":{"line":189,"column":2},"end":{"line":189,"column":17}},"55":{"start":{"line":190,"column":2},"end":{"line":190,"column":38}},"56":{"start":{"line":193,"column":2},"end":{"line":193,"column":52}},"57":{"start":{"line":195,"column":2},"end":{"line":195,"column":12}},"58":{"start":{"line":199,"column":0},"end":{"line":205,"column":2}},"59":{"start":{"line":200,"column":2},"end":{"line":200,"column":68}},"60":{"start":{"line":201,"column":2},"end":{"line":201,"column":41}},"61":{"start":{"line":202,"column":2},"end":{"line":202,"column":63}},"62":{"start":{"line":203,"column":2},"end":{"line":203,"column":65}},"63":{"start":{"line":204,"column":2},"end":{"line":204,"column":22}},"64":{"start":{"line":207,"column":0},"end":{"line":213,"column":2}},"65":{"start":{"line":208,"column":2},"end":{"line":212,"column":3}},"66":{"start":{"line":209,"column":4},"end":{"line":209,"column":50}},"67":{"start":{"line":211,"column":4},"end":{"line":211,"column":48}},"68":{"start":{"line":215,"column":0},"end":{"line":225,"column":2}},"69":{"start":{"line":216,"column":2},"end":{"line":216,"column":56}},"70":{"start":{"line":217,"column":2},"end":{"line":217,"column":37}},"71":{"start":{"line":218,"column":2},"end":{"line":218,"column":23}},"72":{"start":{"line":219,"column":2},"end":{"line":219,"column":26}},"73":{"start":{"line":220,"column":2},"end":{"line":222,"column":3}},"74":{"start":{"line":221,"column":4},"end":{"line":221,"column":52}},"75":{"start":{"line":224,"column":2},"end":{"line":224,"column":33}},"76":{"start":{"line":229,"column":0},"end":{"line":238,"column":2}},"77":{"start":{"line":230,"column":2},"end":{"line":230,"column":61}},"78":{"start":{"line":232,"column":2},"end":{"line":232,"column":37}},"79":{"start":{"line":233,"column":2},"end":{"line":233,"column":31}},"80":{"start":{"line":234,"column":2},"end":{"line":234,"column":33}},"81":{"start":{"line":235,"column":2},"end":{"line":235,"column":34}},"82":{"start":{"line":237,"column":2},"end":{"line":237,"column":16}},"83":{"start":{"line":241,"column":0},"end":{"line":249,"column":2}},"84":{"start":{"line":242,"column":2},"end":{"line":242,"column":51}},"85":{"start":{"line":245,"column":2},"end":{"line":245,"column":37}},"86":{"start":{"line":246,"column":2},"end":{"line":246,"column":33}},"87":{"start":{"line":248,"column":2},"end":{"line":248,"column":16}},"88":{"start":{"line":254,"column":0},"end":{"line":258,"column":2}},"89":{"start":{"line":255,"column":2},"end":{"line":255,"column":59}},"90":{"start":{"line":256,"column":2},"end":{"line":256,"column":30}},"91":{"start":{"line":257,"column":2},"end":{"line":257,"column":35}},"92":{"start":{"line":262,"column":0},"end":{"line":342,"column":2}},"93":{"start":{"line":264,"column":2},"end":{"line":266,"column":3}},"94":{"start":{"line":265,"column":4},"end":{"line":265,"column":11}},"95":{"start":{"line":269,"column":2},"end":{"line":277,"column":3}},"96":{"start":{"line":270,"column":4},"end":{"line":270,"column":32}},"97":{"start":{"line":272,"column":4},"end":{"line":275,"column":5}},"98":{"start":{"line":273,"column":6},"end":{"line":273,"column":33}},"99":{"start":{"line":274,"column":6},"end":{"line":274,"column":48}},"100":{"start":{"line":276,"column":4},"end":{"line":276,"column":11}},"101":{"start":{"line":279,"column":2},"end":{"line":279,"column":62}},"102":{"start":{"line":282,"column":0},"end":{"line":334,"column":3}},"103":{"start":{"line":283,"column":2},"end":{"line":334,"column":3}},"104":{"start":{"line":284,"column":4},"end":{"line":284,"column":50}},"105":{"start":{"line":285,"column":4},"end":{"line":285,"column":24}},"106":{"start":{"line":298,"column":4},"end":{"line":333,"column":5}},"107":{"start":{"line":299,"column":6},"end":{"line":329,"column":7}},"108":{"start":{"line":300,"column":8},"end":{"line":300,"column":35}},"109":{"start":{"line":301,"column":8},"end":{"line":301,"column":81}},"110":{"start":{"line":303,"column":8},"end":{"line":308,"column":9}},"111":{"start":{"line":304,"column":10},"end":{"line":304,"column":19}},"112":{"start":{"line":305,"column":15},"end":{"line":308,"column":9}},"113":{"start":{"line":306,"column":10},"end":{"line":306,"column":41}},"114":{"start":{"line":307,"column":10},"end":{"line":307,"column":19}},"115":{"start":{"line":310,"column":8},"end":{"line":310,"column":32}},"116":{"start":{"line":312,"column":8},"end":{"line":314,"column":9}},"117":{"start":{"line":313,"column":10},"end":{"line":313,"column":63}},"118":{"start":{"line":316,"column":8},"end":{"line":319,"column":9}},"119":{"start":{"line":317,"column":10},"end":{"line":317,"column":56}},"120":{"start":{"line":318,"column":10},"end":{"line":318,"column":74}},"121":{"start":{"line":321,"column":8},"end":{"line":321,"column":82}},"122":{"start":{"line":322,"column":8},"end":{"line":322,"column":42}},"123":{"start":{"line":323,"column":8},"end":{"line":323,"column":52}},"124":{"start":{"line":325,"column":8},"end":{"line":325,"column":36}},"125":{"start":{"line":326,"column":8},"end":{"line":328,"column":9}},"126":{"start":{"line":327,"column":10},"end":{"line":327,"column":30}},"127":{"start":{"line":331,"column":6},"end":{"line":331,"column":26}},"128":{"start":{"line":332,"column":6},"end":{"line":332,"column":22}},"129":{"start":{"line":337,"column":2},"end":{"line":339,"column":3}},"130":{"start":{"line":338,"column":4},"end":{"line":338,"column":47}},"131":{"start":{"line":341,"column":2},"end":{"line":341,"column":90}},"132":{"start":{"line":346,"column":0},"end":{"line":374,"column":2}},"133":{"start":{"line":347,"column":2},"end":{"line":347,"column":65}},"134":{"start":{"line":350,"column":2},"end":{"line":353,"column":3}},"135":{"start":{"line":351,"column":4},"end":{"line":351,"column":36}},"136":{"start":{"line":352,"column":4},"end":{"line":352,"column":38}},"137":{"start":{"line":356,"column":2},"end":{"line":356,"column":45}},"138":{"start":{"line":359,"column":2},"end":{"line":361,"column":3}},"139":{"start":{"line":360,"column":4},"end":{"line":360,"column":54}},"140":{"start":{"line":364,"column":2},"end":{"line":366,"column":3}},"141":{"start":{"line":365,"column":4},"end":{"line":365,"column":78}},"142":{"start":{"line":368,"column":2},"end":{"line":368,"column":58}},"143":{"start":{"line":371,"column":2},"end":{"line":371,"column":31}},"144":{"start":{"line":373,"column":2},"end":{"line":373,"column":9}},"145":{"start":{"line":379,"column":0},"end":{"line":381,"column":2}},"146":{"start":{"line":384,"column":0},"end":{"line":395,"column":2}},"147":{"start":{"line":386,"column":2},"end":{"line":386,"column":34}},"148":{"start":{"line":389,"column":2},"end":{"line":390,"column":88}},"149":{"start":{"line":391,"column":2},"end":{"line":391,"column":40}},"150":{"start":{"line":394,"column":2},"end":{"line":394,"column":45}},"151":{"start":{"line":398,"column":0},"end":{"line":405,"column":2}},"152":{"start":{"line":399,"column":2},"end":{"line":404,"column":3}},"153":{"start":{"line":400,"column":4},"end":{"line":400,"column":92}},"154":{"start":{"line":402,"column":4},"end":{"line":402,"column":97}},"155":{"start":{"line":403,"column":4},"end":{"line":403,"column":23}},"156":{"start":{"line":408,"column":0},"end":{"line":431,"column":2}},"157":{"start":{"line":410,"column":2},"end":{"line":430,"column":3}},"158":{"start":{"line":411,"column":4},"end":{"line":411,"column":54}},"159":{"start":{"line":412,"column":4},"end":{"line":414,"column":5}},"160":{"start":{"line":413,"column":6},"end":{"line":413,"column":17}},"161":{"start":{"line":419,"column":4},"end":{"line":426,"column":5}},"162":{"start":{"line":420,"column":6},"end":{"line":425,"column":9}},"163":{"start":{"line":427,"column":4},"end":{"line":429,"column":5}},"164":{"start":{"line":428,"column":6},"end":{"line":428,"column":59}},"165":{"start":{"line":434,"column":0},"end":{"line":455,"column":2}},"166":{"start":{"line":436,"column":2},"end":{"line":436,"column":44}},"167":{"start":{"line":437,"column":2},"end":{"line":437,"column":18}},"168":{"start":{"line":438,"column":2},"end":{"line":443,"column":5}},"169":{"start":{"line":439,"column":4},"end":{"line":441,"column":5}},"170":{"start":{"line":440,"column":6},"end":{"line":440,"column":56}},"171":{"start":{"line":442,"column":4},"end":{"line":442,"column":15}},"172":{"start":{"line":446,"column":2},"end":{"line":451,"column":5}},"173":{"start":{"line":452,"column":2},"end":{"line":454,"column":3}},"174":{"start":{"line":453,"column":4},"end":{"line":453,"column":49}},"175":{"start":{"line":467,"column":0},"end":{"line":472,"column":2}},"176":{"start":{"line":468,"column":2},"end":{"line":468,"column":19}},"177":{"start":{"line":469,"column":2},"end":{"line":469,"column":37}},"178":{"start":{"line":470,"column":2},"end":{"line":470,"column":41}},"179":{"start":{"line":471,"column":2},"end":{"line":471,"column":23}},"180":{"start":{"line":475,"column":0},"end":{"line":483,"column":2}},"181":{"start":{"line":476,"column":2},"end":{"line":481,"column":29}},"182":{"start":{"line":477,"column":4},"end":{"line":477,"column":16}},"183":{"start":{"line":478,"column":4},"end":{"line":480,"column":5}},"184":{"start":{"line":479,"column":6},"end":{"line":479,"column":54}},"185":{"start":{"line":482,"column":2},"end":{"line":482,"column":12}},"186":{"start":{"line":486,"column":0},"end":{"line":500,"column":2}},"187":{"start":{"line":487,"column":2},"end":{"line":487,"column":34}},"188":{"start":{"line":488,"column":2},"end":{"line":488,"column":35}},"189":{"start":{"line":489,"column":2},"end":{"line":489,"column":29}},"190":{"start":{"line":491,"column":2},"end":{"line":491,"column":51}},"191":{"start":{"line":492,"column":2},"end":{"line":499,"column":5}},"192":{"start":{"line":503,"column":0},"end":{"line":528,"column":2}},"193":{"start":{"line":504,"column":2},"end":{"line":527,"column":3}},"194":{"start":{"line":505,"column":4},"end":{"line":505,"column":40}},"195":{"start":{"line":506,"column":4},"end":{"line":515,"column":5}},"196":{"start":{"line":507,"column":6},"end":{"line":507,"column":76}},"197":{"start":{"line":508,"column":6},"end":{"line":508,"column":37}},"198":{"start":{"line":509,"column":6},"end":{"line":511,"column":7}},"199":{"start":{"line":510,"column":8},"end":{"line":510,"column":19}},"200":{"start":{"line":512,"column":6},"end":{"line":512,"column":29}},"201":{"start":{"line":514,"column":6},"end":{"line":514,"column":71}},"202":{"start":{"line":518,"column":4},"end":{"line":518,"column":61}},"203":{"start":{"line":519,"column":4},"end":{"line":526,"column":7}},"204":{"start":{"line":531,"column":0},"end":{"line":547,"column":2}},"205":{"start":{"line":532,"column":2},"end":{"line":535,"column":3}},"206":{"start":{"line":533,"column":4},"end":{"line":533,"column":67}},"207":{"start":{"line":534,"column":4},"end":{"line":534,"column":11}},"208":{"start":{"line":537,"column":2},"end":{"line":537,"column":62}},"209":{"start":{"line":538,"column":2},"end":{"line":544,"column":5}},"210":{"start":{"line":545,"column":2},"end":{"line":545,"column":18}},"211":{"start":{"line":546,"column":2},"end":{"line":546,"column":22}},"212":{"start":{"line":549,"column":0},"end":{"line":556,"column":2}},"213":{"start":{"line":550,"column":2},"end":{"line":550,"column":77}},"214":{"start":{"line":551,"column":2},"end":{"line":551,"column":18}},"215":{"start":{"line":552,"column":2},"end":{"line":552,"column":22}},"216":{"start":{"line":553,"column":2},"end":{"line":555,"column":3}},"217":{"start":{"line":554,"column":4},"end":{"line":554,"column":40}},"218":{"start":{"line":561,"column":0},"end":{"line":575,"column":2}},"219":{"start":{"line":563,"column":2},"end":{"line":563,"column":61}},"220":{"start":{"line":564,"column":2},"end":{"line":569,"column":5}},"221":{"start":{"line":565,"column":4},"end":{"line":565,"column":68}},"222":{"start":{"line":566,"column":4},"end":{"line":568,"column":5}},"223":{"start":{"line":567,"column":6},"end":{"line":567,"column":49}},"224":{"start":{"line":570,"column":2},"end":{"line":570,"column":86}},"225":{"start":{"line":571,"column":2},"end":{"line":571,"column":80}},"226":{"start":{"line":572,"column":2},"end":{"line":572,"column":79}},"227":{"start":{"line":573,"column":2},"end":{"line":573,"column":68}},"228":{"start":{"line":574,"column":2},"end":{"line":574,"column":76}},"229":{"start":{"line":578,"column":0},"end":{"line":578,"column":39}},"230":{"start":{"line":584,"column":0},"end":{"line":595,"column":2}},"231":{"start":{"line":585,"column":2},"end":{"line":594,"column":3}},"232":{"start":{"line":586,"column":4},"end":{"line":586,"column":112}},"233":{"start":{"line":587,"column":4},"end":{"line":587,"column":45}},"234":{"start":{"line":589,"column":4},"end":{"line":589,"column":76}},"235":{"start":{"line":590,"column":4},"end":{"line":590,"column":41}},"236":{"start":{"line":591,"column":4},"end":{"line":593,"column":7}},"237":{"start":{"line":592,"column":6},"end":{"line":592,"column":45}},"238":{"start":{"line":599,"column":0},"end":{"line":607,"column":2}},"239":{"start":{"line":600,"column":2},"end":{"line":606,"column":3}},"240":{"start":{"line":601,"column":4},"end":{"line":601,"column":35}},"241":{"start":{"line":602,"column":4},"end":{"line":602,"column":47}},"242":{"start":{"line":603,"column":9},"end":{"line":606,"column":3}},"243":{"start":{"line":604,"column":4},"end":{"line":604,"column":81}},"244":{"start":{"line":605,"column":4},"end":{"line":605,"column":45}},"245":{"start":{"line":609,"column":0},"end":{"line":619,"column":2}},"246":{"start":{"line":610,"column":2},"end":{"line":618,"column":3}},"247":{"start":{"line":611,"column":4},"end":{"line":611,"column":36}},"248":{"start":{"line":612,"column":4},"end":{"line":614,"column":7}},"249":{"start":{"line":613,"column":6},"end":{"line":613,"column":49}},"250":{"start":{"line":615,"column":9},"end":{"line":618,"column":3}},"251":{"start":{"line":616,"column":4},"end":{"line":616,"column":81}},"252":{"start":{"line":617,"column":4},"end":{"line":617,"column":81}}},"branchMap":{"1":{"line":124,"type":"if","locations":[{"start":{"line":124,"column":2},"end":{"line":124,"column":2}},{"start":{"line":124,"column":2},"end":{"line":124,"column":2}}]},"2":{"line":124,"type":"binary-expr","locations":[{"start":{"line":124,"column":7},"end":{"line":124,"column":32}},{"start":{"line":124,"column":38},"end":{"line":124,"column":59}},{"start":{"line":125,"column":7},"end":{"line":125,"column":30}},{"start":{"line":125,"column":36},"end":{"line":125,"column":66}}]},"3":{"line":136,"type":"binary-expr","locations":[{"start":{"line":136,"column":16},"end":{"line":136,"column":43}},{"start":{"line":136,"column":49},"end":{"line":136,"column":83}}]},"4":{"line":139,"type":"if","locations":[{"start":{"line":139,"column":2},"end":{"line":139,"column":2}},{"start":{"line":139,"column":2},"end":{"line":139,"column":2}}]},"5":{"line":145,"type":"if","locations":[{"start":{"line":145,"column":2},"end":{"line":145,"column":2}},{"start":{"line":145,"column":2},"end":{"line":145,"column":2}}]},"6":{"line":148,"type":"binary-expr","locations":[{"start":{"line":148,"column":18},"end":{"line":148,"column":45}},{"start":{"line":148,"column":51},"end":{"line":148,"column":61}}]},"7":{"line":150,"type":"if","locations":[{"start":{"line":150,"column":4},"end":{"line":150,"column":4}},{"start":{"line":150,"column":4},"end":{"line":150,"column":4}}]},"8":{"line":166,"type":"if","locations":[{"start":{"line":166,"column":2},"end":{"line":166,"column":2}},{"start":{"line":166,"column":2},"end":{"line":166,"column":2}}]},"9":{"line":172,"type":"if","locations":[{"start":{"line":172,"column":7},"end":{"line":172,"column":7}},{"start":{"line":172,"column":7},"end":{"line":172,"column":7}}]},"10":{"line":172,"type":"binary-expr","locations":[{"start":{"line":172,"column":12},"end":{"line":172,"column":41}},{"start":{"line":172,"column":47},"end":{"line":172,"column":82}}]},"11":{"line":208,"type":"if","locations":[{"start":{"line":208,"column":2},"end":{"line":208,"column":2}},{"start":{"line":208,"column":2},"end":{"line":208,"column":2}}]},"12":{"line":220,"type":"if","locations":[{"start":{"line":220,"column":2},"end":{"line":220,"column":2}},{"start":{"line":220,"column":2},"end":{"line":220,"column":2}}]},"13":{"line":264,"type":"if","locations":[{"start":{"line":264,"column":2},"end":{"line":264,"column":2}},{"start":{"line":264,"column":2},"end":{"line":264,"column":2}}]},"14":{"line":269,"type":"if","locations":[{"start":{"line":269,"column":2},"end":{"line":269,"column":2}},{"start":{"line":269,"column":2},"end":{"line":269,"column":2}}]},"15":{"line":272,"type":"if","locations":[{"start":{"line":272,"column":4},"end":{"line":272,"column":4}},{"start":{"line":272,"column":4},"end":{"line":272,"column":4}}]},"16":{"line":301,"t
[...]
ne":135,"column":68}},"58":{"start":{"line":136,"column":10},"end":{"line":136,"column":33}},"59":{"start":{"line":139,"column":8},"end":{"line":139,"column":78}},"60":{"start":{"line":141,"column":6},"end":{"line":141,"column":37}},"61":{"start":{"line":145,"column":2},"end":{"line":145,"column":9}},"62":{"start":{"line":197,"column":0},"end":{"line":197,"column":27}},"63":{"start":{"line":199,"column":0},"end":{"line":199,"column":20}},"64":{"start":{"line":201,"column":0},"end":{"line":201,"column":20}},"65":{"start":{"line":203,"column":0},"end":{"line":203,"column":52}},"66":{"start":{"line":205,"column":0},"end":{"line":205,"column":32}},"67":{"start":{"line":207,"column":0},"end":{"line":233,"column":2}},"68":{"start":{"line":208,"column":2},"end":{"line":208,"column":52}},"69":{"start":{"line":210,"column":2},"end":{"line":210,"column":15}},"70":{"start":{"line":211,"column":2},"end":{"line":213,"column":3}},"71":{"start":{"line":212,"column":4},"end":{"line":212,"column":30}},"72":{"start":{"line":214,"column":2},"end":{"line":214,"column":38}},"73":{"start":{"line":216,"column":2},"end":{"line":216,"column":46}},"74":{"start":{"line":217,"column":2},"end":{"line":217,"column":37}},"75":{"start":{"line":219,"column":2},"end":{"line":219,"column":19}},"76":{"start":{"line":220,"column":2},"end":{"line":226,"column":3}},"77":{"start":{"line":221,"column":4},"end":{"line":221,"column":56}},"78":{"start":{"line":222,"column":4},"end":{"line":222,"column":87}},"79":{"start":{"line":223,"column":4},"end":{"line":225,"column":5}},"80":{"start":{"line":224,"column":6},"end":{"line":224,"column":34}},"81":{"start":{"line":227,"column":2},"end":{"line":227,"column":39}},"82":{"start":{"line":229,"column":2},"end":{"line":229,"column":75}},"83":{"start":{"line":230,"column":2},"end":{"line":230,"column":51}},"84":{"start":{"line":232,"column":2},"end":{"line":232,"column":32}},"85":{"start":{"line":235,"column":0},"end":{"line":250,"column":2}},"86":{"start":{"line":236,"column":2},"end":{"line":236,"column":38}},"87":{"start":{"line":238,"column":2},"end":{"line":238,"column":47}},"88":{"start":{"line":240,"column":2},"end":{"line":240,"column":19}},"89":{"start":{"line":241,"column":2},"end":{"line":241,"column":37}},"90":{"start":{"line":242,"column":2},"end":{"line":242,"column":44}},"91":{"start":{"line":243,"column":2},"end":{"line":245,"column":3}},"92":{"start":{"line":244,"column":4},"end":{"line":244,"column":64}},"93":{"start":{"line":247,"column":2},"end":{"line":247,"column":53}},"94":{"start":{"line":249,"column":2},"end":{"line":249,"column":16}},"95":{"start":{"line":276,"column":0},"end":{"line":276,"column":25}},"96":{"start":{"line":278,"column":0},"end":{"line":278,"column":45}},"97":{"start":{"line":280,"column":0},"end":{"line":280,"column":39}},"98":{"start":{"line":282,"column":0},"end":{"line":284,"column":2}},"99":{"start":{"line":283,"column":2},"end":{"line":283,"column":27}},"100":{"start":{"line":286,"column":0},"end":{"line":288,"column":2}},"101":{"start":{"line":287,"column":2},"end":{"line":287,"column":22}},"102":{"start":{"line":309,"column":0},"end":{"line":309,"column":28}},"103":{"start":{"line":311,"column":0},"end":{"line":311,"column":75}},"104":{"start":{"line":313,"column":0},"end":{"line":313,"column":65}},"105":{"start":{"line":325,"column":0},"end":{"line":333,"column":2}},"106":{"start":{"line":326,"column":2},"end":{"line":331,"column":3}},"107":{"start":{"line":327,"column":4},"end":{"line":327,"column":31}},"108":{"start":{"line":328,"column":4},"end":{"line":328,"column":84}},"109":{"start":{"line":329,"column":4},"end":{"line":329,"column":44}},"110":{"start":{"line":330,"column":4},"end":{"line":330,"column":25}},"111":{"start":{"line":332,"column":2},"end":{"line":332,"column":27}},"112":{"start":{"line":335,"column":0},"end":{"line":342,"column":2}},"113":{"start":{"line":336,"column":2},"end":{"line":341,"column":3}},"114":{"start":{"line":337,"column":4},"end":{"line":337,"column":57}},"115":{"start":{"line":338,"column":4},"end":{"line":338,"column":33}},"116":{"start":{"line":340,"column":4},"end":{"line":340,"column":24}},"117":{"start":{"line":351,"column":0},"end":{"line":351,"column":29}},"118":{"start":{"line":353,"column":0},"end":{"line":353,"column":25}},"119":{"start":{"line":355,"column":0},"end":{"line":355,"column":47}},"120":{"start":{"line":365,"column":0},"end":{"line":369,"column":2}},"121":{"start":{"line":366,"column":2},"end":{"line":366,"column":29}},"122":{"start":{"line":367,"column":2},"end":{"line":367,"column":42}},"123":{"start":{"line":368,"column":2},"end":{"line":368,"column":23}},"124":{"start":{"line":371,"column":0},"end":{"line":373,"column":2}},"125":{"start":{"line":372,"column":2},"end":{"line":372,"column":42}},"126":{"start":{"line":382,"column":0},"end":{"line":382,"column":31}},"127":{"start":{"line":384,"column":0},"end":{"line":384,"column":27}},"128":{"start":{"line":386,"column":0},"end":{"line":386,"column":46}},"129":{"start":{"line":397,"column":0},"end":{"line":403,"column":2}},"130":{"start":{"line":398,"column":2},"end":{"line":398,"column":29}},"131":{"start":{"line":399,"column":2},"end":{"line":399,"column":45}},"132":{"start":{"line":400,"column":2},"end":{"line":400,"column":52}},"133":{"start":{"line":401,"column":2},"end":{"line":401,"column":32}},"134":{"start":{"line":402,"column":2},"end":{"line":402,"column":23}},"135":{"start":{"line":405,"column":0},"end":{"line":407,"column":2}},"136":{"start":{"line":406,"column":2},"end":{"line":406,"column":51}},"137":{"start":{"line":420,"column":0},"end":{"line":420,"column":29}},"138":{"start":{"line":422,"column":0},"end":{"line":422,"column":30}},"139":{"start":{"line":424,"column":0},"end":{"line":424,"column":47}},"140":{"start":{"line":444,"column":0},"end":{"line":462,"column":2}},"141":{"start":{"line":445,"column":2},"end":{"line":445,"column":64}},"142":{"start":{"line":446,"column":2},"end":{"line":452,"column":5}},"143":{"start":{"line":447,"column":4},"end":{"line":451,"column":5}},"144":{"start":{"line":448,"column":6},"end":{"line":448,"column":65}},"145":{"start":{"line":449,"column":6},"end":{"line":449,"column":47}},"146":{"start":{"line":450,"column":6},"end":{"line":450,"column":78}},"147":{"start":{"line":453,"column":2},"end":{"line":453,"column":84}},"148":{"start":{"line":455,"column":2},"end":{"line":455,"column":47}},"149":{"start":{"line":456,"column":2},"end":{"line":459,"column":3}},"150":{"start":{"line":457,"column":4},"end":{"line":457,"column":57}},"151":{"start":{"line":458,"column":4},"end":{"line":458,"column":53}},"152":{"start":{"line":461,"column":2},"end":{"line":461,"column":23}},"153":{"start":{"line":464,"column":0},"end":{"line":480,"column":2}},"154":{"start":{"line":465,"column":2},"end":{"line":465,"column":22}},"155":{"start":{"line":467,"column":2},"end":{"line":469,"column":3}},"156":{"start":{"line":468,"column":4},"end":{"line":468,"column":36}},"157":{"start":{"line":470,"column":2},"end":{"line":479,"column":3}},"158":{"start":{"line":471,"column":4},"end":{"line":471,"column":49}},"159":{"start":{"line":472,"column":4},"end":{"line":472,"column":38}},"160":{"start":{"line":473,"column":4},"end":{"line":478,"column":5}},"161":{"start":{"line":474,"column":6},"end":{"line":474,"column":47}},"162":{"start":{"line":475,"column":6},"end":{"line":475,"column":81}},"163":{"start":{"line":483,"column":0},"end":{"line":483,"column":25}},"164":{"start":{"line":488,"column":0},"end":{"line":488,"column":73}},"165":{"start":{"line":494,"column":0},"end":{"line":494,"column":66}},"166":{"start":{"line":498,"column":0},"end":{"line":498,"column":78}},"167":{"start":{"line":502,"column":0},"end":{"line":502,"column":75}},"168":{"start":{"line":508,"column":0},"end":{"line":508,"column":76}},"169":{"start":{"line":522,"column":0},"end":{"line":522,"column":33}},"170":{"start":{"line":524,"column":0},"end":{"line":524,"column":73}},"171":{"start":{"line":526,"column":0},"end":{"line":526,"column":77}},"172":{"start":{"line":540,"column":0},"end":{"line":549,"column":2}},"173":{"start":{"line":541,"column":2},"end":{"line":541,"column":29}},"174":{"start":{"line":543,"column":2},"end":{"line":543,"column":46}},"175":{"start":{"line":544,"column":2},"end":{"line":544,"column":85}},"176":{"start":{"line":545,"column":2},"end":{"line":545,"column":43}},"177":{"start":{"line":547,"column":2},"end":{"line":547,"column":23}},"178":{"start":{"line":548,"column":2},"end":{"line":548,"column":27}},"179":{"start":{"line":551,"column":0},"end":{"line":554,"column":2}},"180":{"start":{"line":552,"column":2},"end":{"line":552,"column":62}},"181":{"start":{"line":553,"column":2},"end":{"line":553,"column":31}},"182":{"start":{"line":567,"column":0},"end":{"line":567,"column":25}},"183":{"start":{"line":569,"column":0},"end":{"line":569,"column":26}},"184":{"start":{"line":571,"column":0},"end":{"line":571,"column":39}},"185":{"start":{"line":575,"column":0},"end":{"line":577,"column":2}},"186":{"start":{"line":576,"column":2},"end":{"line":576,"column":27}},"187":{"start":{"line":579,"column":0},"end":{"line":584,"column":2}},"188":{"start":{"line":580,"column":2},"end":{"line":582,"column":3}},"189":{"start":{"line":581,"column":4},"end":{"line":581,"column":37}},"190":{"start":{"line":583,"column":2},"end":{"line":583,"column":22}},"191":{"start":{"line":593,"column":0},"end":{"line":593,"column":27}},"192":{"start":{"line":595,"column":0},"end":{"line":595,"column":23}},"193":{"start":{"line":597,"column":0},"end":{"line":597,"column":57}},"194":{"start":{"line":614,"column":0},"end":{"line":626,"column":2}},"195":{"start":{"line":615,"column":2},"end":{"line":615,"column":29}},"196":{"start":{"line":617,"column":2},"end":{"line":617,"column":38}},"197":{"start":{"line":618,"column":2},"end":{"line":618,"column":73}},"198":{"start":{"line":619,"column":2},"end":{"line":619,"column":39}},"199":{"start":{"line":621,"column":2},"end":{"line":621,"column":45}},"200":{"start":{"line":622,"column":2},"end":{"line":622,"column":52}},"201":{"start":{"line":623,"column":2},"end":{"line":623,"column":32}},"202":{"start":{"line":625,"column":2},"end":{"line":625,"column":23}},"203":{"start":{"line":628,"column":0},"end":{"line":631,"column":2}},"204":{"start":{"line":629,"column":2},"end":{"line":629,"column":58}},"205":{"start":{"line":630,"column":2},"end":{"line":630,"column":51}},"206":{"start":{"line":640,"column":0},"end":{"line":640,"column":34}},"207":{"start":{"line":642,"column":0},"end":{"line":642,"column":30}},"208":{"start":{"line":644,"column":0},"end":{"line":644,"column":55}},"209":{"start":{"line":651,"column":0},"end":{"line":659,"column":2}},"210":{"start":{"line":652,"column":2},"end":{"line":652,"column":29}},"211":{"start":{"line":654,"column":2},"end":{"line":654,"column":38}},"212":{"start":{"line":655,"column":2},"end":{"line":655,"column":73}},"213":{"start":{"line":656,"column":2},"end":{"line":656,"column":39}},"214":{"start":{"line":658,"column":2},"end":{"line":658,"column":23}},"215":{"start":{"line":661,"column":0},"end":{"line":663,"column":2}},"216":{"start":{"line":662,"column":2},"end":{"line":662,"column":58}},"217":{"start":{"line":676,"column":0},"end":{"line":676,"column":33}},"218":{"start":{"line":678,"column":0},"end":{"line":678,"column":68}},"219":{"start":{"line":680,"column":0},"end":{"line":680,"column":58}},"220":{"start":{"line":682,"column":0},"end":{"line":684,"column":2}},"221":{"start":{"line":683,"column":2},"end":{"line":683,"column":27}},"222":{"start":{"line":686,"column":0},"end":{"line":688,"column":2}},"223":{"start":{"line":687,"column":2},"end":{"line":687,"column":22}},"224":{"start":{"line":693,"column":0},"end":{"line":705,"column":2}},"225":{"start":{"line":706,"column":0},"end":{"line":706,"column":38}},"226":{"start":{"line":713,"column":0},"end":{"line":713,"column":25}},"227":{"start":{"line":717,"column":0},"end":{"line":717,"column":21}},"228":{"start":{"line":718,"column":0},"end":{"line":756,"column":2}},"229":{"start":{"line":719,"column":2},"end":{"line":721,"column":3}},"230":{"start":{"line":720,"column":4},"end":{"line":720,"column":16}},"231":{"start":{"line":723,"column":2},"end":{"line":725,"column":3}},"232":{"start":{"line":724,"column":4},"end":{"line":724,"column":20}},"233":{"start":{"line":727,"column":2},"end":{"line":727,"column":26}},"234":{"start":{"line":728,"column":2},"end":{"line":728,"column":20}},"235":{"start":{"line":730,"column":2},"end":{"line":730,"column":34}},"236":{"start":{"line":731,"column":2},"end":{"line":733,"column":5}},"237":{"start":{"line":732,"column":4},"end":{"line":732,"column":33}},"238":{"start":{"line":735,"column":2},"end":{"line":745,"column":3}},"239":{"start":{"line":736,"column":4},"end":{"line":740,"column":5}},"240":{"start":{"line":737,"column":6},"end":{"line":737,"column":70}},"241":{"start":{"line":739,"column":6},"end":{"line":739,"column":49}},"242":{"start":{"line":742,"column":4},"end":{"line":744,"column":5}},"243":{"start":{"line":743,"column":6},"end":{"line":743,"column":42}},"244":{"start":{"line":747,"column":2},"end":{"line":749,"column":3}},"245":{"start":{"line":748,"column":4},"end":{"line":748,"column":68}},"246":{"start":{"line":751,"column":2},"end":{"line":753,"column":5}},"247":{"start":{"line":752,"column":4},"end":{"line":752,"column":38}},"248":{"start":{"line":755,"column":2},"end":{"line":755,"column":18}},"249":{"start":{"line":759,"column":0},"end":{"line":761,"column":2}},"250":{"start":{"line":760,"column":2},"end":{"line":760,"column":30}}},"branchMap":{"1":{"line":29,"type":"binary-expr","locations":[{"start":{"line":29,"column":20},"end":{"line":29,"column":29}},{"start":{"line":29,"column":33},"end":{"line":29,"column":49}}]},"2":{"line":49,"type":"if","locations":[{"start":{"line":49,"column":4},"end":{"line":49,"column":4}},{"start":{"line":49,"column":4},"end":{"line":49,"column":4}}]},"3":{"line":71,"type":"binary-expr","locations":[{"start":{"line":71,"column":20},"end":{"line":71,"column":29}},{"start":{"line":71,"column":33},"end":{"line":71,"column":49}}]},"4":{"line":86,"type":"if","locations":[{"start":{"line":86,"column":2},"end":{"line":86,"column":2}},{"start":{"line":86,"column":2},"end":{"line":86,"column":2}}]},"5":{"line":96,"type":"if","locations":[{"start":{"line":96,"column":2},"end":{"line":96,"column":2}},{"start":{"line":96,"column":2},"end":{"line":96,"column":2}}]},"6":{"line":113,"type":"if","locations":[{"start":{"line":113,"column":4},"end":{"line":113,"column":4}},{"start":{"line":113,"column":4},"end":{"line":113,"column":4}}]},"7":{"line":113,"type":"binary-expr","locations":[{"start":{"line":113,"column":9},"end":{"line":113,"column":45}},{"start":{"line":113,"column":50},"end":{"line":113,"column":72}}]},"8":{"line":115,"type":"if","locations":[{"start":{"line":115,"column":6},"end":{"line":115,"column":6}},{"start":{"line":115,"column":6},"end":{"line":115,"column":6}}]},"9":{"line":128,"type":"if","locations":[{"start":{"line":128,"column":4},"end":{"line":128,"column":4}},{"start":{"line":128,"column":4},"end":{"line":128,"column":4}}]},"10":{"line":128,"type":"binary-expr","locations":[{"start":{"line":128,"column":9},"end":{"line":128,"column":45}},{"start":{"line":128,"column":50},"end":{"line":128,"column":73}}]},"11":{"line":129,"type":"if","locations":[{"start":{"line":129,"column":6},"end":{"line":129,"column":6}},{"start":{"line":129,"column":6},"end":{"line":129,"column":6}}]},"12":{"line":131,"type":"if","locations":[{"start":{"line":131,"column":8},"end":{"line":131,"column":8}},{"start":{"line":131,"column":8},"end":{"line":131,"column":8}}]},"13":{"line":223,"type":"if","locations":[{"start":{"line":223,"column":4},"end":{"line":223,"column":4}},{"start":{"line":223,"column":4},"end":{"line":223,"column":4}}]},"14":{"line":229,"type":"binary-expr","locations":[{"start":{"line":229,"column":10},"end":{"line":229,"column":27}},{"start":{"line":229,"column":33},"end":{"line":229,"column":58}}]},"15":{"line":230,"type":"binary-expr","locations":[{"start":{"line":230,"column":29},"end":{"line":230,"column":41}},{"start":{"line":230,"column":45},"end":{"line":230,"column":46}}]},"16":{"line":326,"type":"if","locations":[{"start":{"line":326,"column":2},"end":{"line":326,"column":2}},{"start":{"line":326,"column":2},"end":{"line":326,"column":2}}]},"17":{"line":328,"type":"binary-expr","locations":[{"start":{"line":328,"column":12},"end":{"line":328,"column":31}},{"start":{"line":328,"column":37},"end":{"line":328,"column":65}}]},"18":{"line":336,"type":"if","locations":[{"start":{"line":336,"column":2},"end":{"line":336,"column":2}},{"start":{"line":336,"column":2},"end":{"line":336,"column":2}}]},"19":{"line":400,"type":"binary-expr","locations":[{"start":{"line":400,"column":10},"end":{"line":400,"column":19}},{"start":{"line":400,"column":25},"end":{"line":400,"column":43}}]},"20":{"line":447,"type":"if","locations":[{"start":{"line":447,"column":4},"end":{"line":447,"column":4}},{"start":{"line":447,"column":4},"end":{"line":447,"column":4}}]},"21":{"line":450,"type":"cond-expr","locations":[{"start":{"line":450,"column":52},"end":{"line":450,"column":66}},{"start":{"line":450,"column":69},"end":{"line":450,"column":74}}]},"22":{"line":467,"type":"if","locations":[{"start":{"line":467,"column":2},"end":{"line":467,"column":2}},{"start":{"line":467,"column":2},"end":{"line":467,"column":2}}]},"23":{"line":473,"type":"if","locations":[{"start":{"line":473,"column":4},"end":{"line":473,"column":4}},{"start":{"line":473,"column":4},"end":{"line":473,"column":4}}]},"24":{"line":475,"type":"cond-expr","locations":[{"start":{"line":475,"column":52},"end":{"line":475,"column":72}},{"start":{"line":475,"column":75},"end":{"line":475,"column":80}}]},"25":{"line":544,"type":"binary-expr","locations":[{"start":{"line":544,"column":10},"end":{"line":544,"column":30}},{"start":{"line":544,"column":36},"end":{"line":544,"column":65}}]},"26":{"line":580,"type":"if","locations":[{"start":{"line":580,"column":2},"end":{"line":580,"column":2}},{"start":{"line":580,"column":2},"end":{"line":580,"column":2}}]},"27":{"line":618,"type":"binary-expr","locations":[{"start":{"line":618,"column":10},"end":{"line":618,"column":26}},{"start":{"line":618,"column":32},"end":{"line":618,"column":57}}]},"28":{"line":622,"type":"binary-expr","locations":[{"start":{"line":622,"column":10},"end":{"line":622,"column":19}},{"start":{"line":622,"column":25},"end":{"line":622,"column":43}}]},"29":{"line":655,"type":"binary-expr","locations":[{"start":{"line":655,"column":10},"end":{"line":655,"column":26}},{"start":{"line":655,"column":32},"end":{"line":655,"column":57}}]},"30":{"line":719,"type":"if","locations":[{"start":{"line":719,"column":2},"end":{"line":719,"column":2}},{"start":{"line":719,"column":2},"end":{"line":719,"column":2}}]},"31":{"line":723,"type":"if","locations":[{"start":{"line":723,"column":2},"end":{"line":723,"column":2}},{"start":{"line":723,"column":2},"end":{"line":723,"column":2}}]},"32":{"line":735,"type":"if","locations":[{"start":{"line":735,"column":2},"end":{"line":735,"column":2}},{"start":{"line":735,"column":2},"end":{"line":735,"column":2}}]},"33":{"line":736,"type":"if","locations":[{"start":{"line":736,"column":4},"end":{"line":736,"column":4}},{"start":{"line":736,"column":4},"end":{"line":736,"column":4}}]},"34":{"line":742,"type":"if","locations":[{"start":{"line":742,"column":4},"end":{"line":742,"column":4}},{"start":{"line":742,"column":4},"end":{"line":742,"column":4}}]},"35":{"line":747,"type":"if","locations":[{"start":{"line":747,"column":2},"end":{"line":747,"column":2}},{"start":{"line":747,"column":2},"end":{"line":747,"column":2}}]},"36":{"line":751,"type":"binary-expr","locations":[{"start":{"line":751,"column":31},"end":{"line":751,"column":42}},{"start":{"line":751,"column":46},"end":{"line":751,"column":48}}]}}}}