{"/data/upstream/node-http2-protocol/lib/compressor.js":{"path":"/data/upstream/node-http2-protocol/lib/compressor.js","s":{"1":1,"2":1,"3":1,"4":1,"5":1,"6":1,"7":1,"8":1,"9":1,"10":1,"11":14,"12":14,"13":14,"14":14,"15":14,"16":14,"17":14,"18":14,"19":14,"20":1,"21":920,"22":920,"23":920,"24":920,"25":920,"26":920,"27":1,"28":1,"29":920,"30":1,"31":78,"32":78,"33":78,"34":0,"35":0,"36":0,"37":0,"38":78,"39":1,"40":78,"41":78,"42":78,"43":78,"44":78,"45":78,"46":1,"47":0,"48":0,"49":1,"50":1,"51":1,"52":25,"53":25,"54":25,"55":25,"56":1,"57":25,"58":25,"59":1,"60":119,"61":119,"62":119,"63":83,"64":83,"65":83,"66":1,"67":1,"68":70,"69":0,"70":82,"71":50,"72":32,"73":32,"74":32,"75":10,"76":10,"77":32,"78":32,"79":36,"80":29,"81":7,"82":36,"83":34,"84":34,"85":34,"86":34,"87":36,"88":1,"89":25,"90":25,"91":25,"92":119,"93":25,"94":1790,"95":1790,"96":46,"97":1790,"98":25,"99":1,"100":1,"101":20,"102":20,"103":20,"104":20,"105":1,"106":104,"107":104,"108":102,"109":104,"110":1,"111":94,"112":94,"113":94,"114":94,"115":94,"116":2494,"117":2494,"118":128,"119":68,"120":68,"121":60,"122":34,"123":94,"124":68,"125":68,"126":30,"127":10,"128":10,"129":30,"130":30,"131":30,"132":38,"133":0,"134":0,"135":0,"136":0,"137":0,"138":0,"139":38,"140":2,"141":2,"142":36,"143":26,"144":26,"145":26,"146":26,"147":24,"148":24,"149":24,"150":0,"151":0,"152":0,"153":0,"154":0,"155":0,"156":26,"157":94,"158":1,"159":20,"160":1450,"161":1450,"162":44,"163":44,"164":1450,"165":1450,"166":20,"167":1,"168":165,"169":165,"170":158,"171":7,"172":7,"173":5,"174":7,"175":7,"176":7,"177":11,"178":11,"179":11,"180":4,"181":11,"182":11,"183":7,"184":1,"185":192,"186":192,"187":192,"188":190,"189":192,"190":7,"191":7,"192":11,"193":11,"194":11,"195":192,"196":1,"197":1,"198":513,"199":257,"200":256,"201":256,"202":256,"203":256,"204":5107,"205":5107,"206":787,"207":4320,"208":256,"209":1,"210":1,"211":257,"212":1,"213":257,"214":1,"215":74,"216":74,"217":1,"218":59073,"219":26218,"220":32855,"221":74,"222":37682,"223":37682,"224":37682,"225":37682,"226":59006,"227":37682,"228":37682,"229":37682,"230":37682,"231":21324,"232":21324,"233":21324,"234":21324,"235":21324,"236":21324,"237":59006,"238":26151,"239":74,"240":67,"241":74,"242":1,"243":80,"244":80,"245":80,"246":26215,"247":26215,"248":209720,"249":209720,"250":209720,"251":209720,"252":37747,"253":37747,"254":80,"255":1,"256":1,"257":44,"258":44,"259":44,"260":41,"261":41,"262":41,"263":3,"264":3,"265":1,"266":55,"267":55,"268":55,"269":55,"270":55,"271":1,"272":1,"273":116,"274":116,"275":81,"276":35,"277":33,"278":2,"279":116,"280":81,"281":81,"282":1,"283":1,"284":0,"285":35,"286":28,"287":7,"288":7,"289":35,"290":116,"291":116,"292":1,"293":133,"294":133,"295":133,"296":88,"297":45,"298":2,"299":43,"300":133,"301":88,"302":88,"303":88,"304":2,"305":2,"306":2,"307":0,"308":45,"309":45,"310":8,"311":45,"312":45,"313":133,"314":1,"315":1,"316":1,"317":6,"318":6,"319":6,"320":6,"321":1,"322":0,"323":1,"324":20,"325":20,"326":86,"327":86,"328":86,"329":2,"330":2,"331":2,"332":2,"333":86,"334":6,"335":86,"336":2,"337":10,"338":84,"339":20,"340":20,"341":20,"342":168,"343":20,"344":1,"345":16,"346":10,"347":10,"348":10,"349":10,"350":10,"351":10,"352":10,"353":10,"354":10,"355":10,"356":0,"357":10,"358":10,"359":6,"360":16,"361":1,"362":1,"363":8,"364":8,"365":8,"366":8,"367":8,"368":8,"369":1,"370":0,"371":1,"372":25,"373":25,"374":25,"375":25,"376":25,"377":114,"378":114,"379":114,"380":124,"381":124,"382":19,"383":10,"384":9,"385":105,"386":25,"387":2,"388":25,"389":1,"390":16,"391":1,"392":1,"393":1,"394":1,"395":0,"396":15,"397":11,"398":11,"399":11,"400":4,"401":15,"402":10,"403":10,"404":10,"405":10,"406":0,"407":0,"408":0,"409":10,"410":10,"411":15,"412":1,"413":55,"414":55,"415":203,"416":55,"417":55,"418":203,"419":55,"420":1,"421":10,"422":10,"423":10,"424":10,"425":10,"426":10,"427":10,"428":1,"429":10},"b":{"1":[14,14],"2":[78,0],"3":[78,0],"4":[83,36],"5":[1,82],"6":[1,0],"7":[50,32],"8":[10,22],"9":[29,7],"10":[34,2],"11":[46,1744],"12":[1790,110],"13":[102,2],"14":[128,2366],"15":[68,60],"16":[34,26],"17":[68,26],"18":[30,38],"19":[10,20],"20":[0,38],"21":[2,36],"22":[24,2],"23":[0,0],"24":[20,6],"25":[44,1406],"26":[1450,134,98],"27":[158,7],"28":[5,2],"29":[4,7],"30":[190,2],"31":[7,185],"32":[257,256],"33":[256,1],"34":[787,4320],"35":[26218,32855],"36":[37682,21324],"37":[26151,32855],"38":[67,7],"39":[105532,104188],"40":[37747,171973],"41":[41,3],"42":[50,5],"43":[81,35],"44":[33,2],"45":[81,35],"46":[1,80],"47":[1,0],"48":[28,7],"49":[88,45],"50":[2,43],"51":[88,45],"52":[2,86],"53":[2,0],"54":[8,37],"55":[6,3],"56":[2,84],"57":[2,0],"58":[6,80],"59":[86,8],"60":[2,84],"61":[10,6],"62":[16,11],"63":[10,0],"64":[8,3],"65":[19,105],"66":[10,9],"67":[2,23],"68":[25,2],"69":[1,15],"70":[1,0],"71":[1,0],"72":[11,4],"73":[15,9],"74":[10,5],"75":[15,11,6]},"f":{"1":14,"2":920,"3":920,"4":78,"5":78,"6":0,"7":25,"8":25,"9":119,"10":25,"11":20,"12":104,"13":94,"14":20,"15":165,"16":192,"17":1,"18":513,"19":257,"20":257,"21":74,"22":59073,"23":80,"24":44,"25":55,"26":116,"27":133,"28":6,"29":0,"30":20,"31":2,"32":16,"33":8,"34":0,"35":25,"36":16,"37":10,"38":55,"39":10,"40":10},"fnMap":{"1":{"name":"HeaderTable","line":40,"loc":{"start":{"line":40,"column":0},"end":{"line":40,"column":33}}},"2":{"name":"entryFromPair","line":78,"loc":{"start":{"line":78,"column":0},"end":{"line":78,"column":29}}},"3":{"name":"size","line":97,"loc":{"start":{"line":97,"column":0},"end":{"line":97,"column":21}}},"4":{"name":"_enforceLimit","line":119,"loc":{"start":{"line":119,"column":38},"end":{"line":119,"column":68}}},"5":{"name":"(anonymous_5)","line":131,"loc":{"start":{"line":131,"column":28},"end":{"line":131,"column":44}}},"6":{"name":"setSizeLimit","line":144,"loc":{"start":{"line":144,"column":37},"end":{"line":144,"column":66}}},"7":{"name":"HeaderSetDecompressor","line":231,"loc":{"start":{"line":231,"column":0},"end":{"line":231,"column":43}}},"8":{"name":"_transform","line":242,"loc":{"start":{"line":242,"column":45},"end":{"line":242,"column":92}}},"9":{"name":"_execute","line":269,"loc":{"start":{"line":269,"column":43},"end":{"line":269,"column":66}}},"10":{"name":"_flush","line":354,"loc":{"start":{"line":354,"column":41},"end":{"line":354,"column":67}}},"11":{"name":"HeaderSetCompressor","line":388,"loc":{"start":{"line":388,"column":0},"end":{"line":388,"column":41}}},"12":{"name":"send","line":396,"loc":{"start":{"line":396,"column":37},"end":{"line":396,"column":56}}},"13":{"name":"_transform","line":409,"loc":{"start":{"line":409,"column":43},"end":{"line":409,"column":89}}},"14":{"name":"_flush","line":514,"loc":{"start":{"line":514,"column":39},"end":{"line":514,"column":65}}},"15":{"name":"writeInteger","line":545,"loc":{"start":{"line":545,"column":30},"end":{"line":545,"column":58}}},"16":{"name":"readInteger","line":586,"loc":{"start":{"line":586,"column":32},"end":{"line":586,"column":64}}},"17":{"name":"HuffmanTable","line":608,"loc":{"start":{"line":608,"column":0},"end":{"line":608,"column":29}}},"18":{"name":"createTree","line":609,"loc":{"start":{"line":609,"column":2},"end":{"line":609,"column":39}}},"19":{"name":"(anonymous_19)","line":632,"loc":{"start":{"line":632,"column":25},"end":{"line":632,"column":40}}},"20":{"name":"(anonymous_20)","line":635,"loc":{"start":{"line":635,"column":27},"end":{"line":635,"column":42}}},"21":{"name":"encode","line":640,"loc":{"start":{"line":640,"column":32},"end":{"line":640,"column":56}}},"22":{"name":"add","line":644,"loc":{"start":{"line":644,"column":2},"end":{"line":644,"column":21}}},"23":{"name":"decode","line":685,"loc":{"start":{"line":685,"column":32},"end":{"line":685,"column":56}}},"24":{"name":"writeString","line":1003,"loc":{"start":{"line":1003,"column":29},"end":{"line":1003,"column":55}}},"25":{"name":"readString","line":1019,"loc":{"start":{"line":1019,"column":31},"end":{"line":1019,"column":59}}},"26":{"name":"writeHeader","line":1100,"loc":{"start":{"line":1100,"column":29},"end":{"line":1100,"column":58}}},"27":{"name":"readHeader","line":1137,"loc":{"start":{"line":1137,"column":31},"end":{"line":1137,"column":59}}},"28":{"name":"Compressor","line":1203,"loc":{"start":{"line":1203,"column":0},"end":{"line":1203,"column":31}}},"29":{"name":"setTableSizeLimit","line":1213,"loc":{"start":{"line":1213,"column":41},"end":{"line":1213,"column":74}}},"30":{"name":"compress","line":1220,"loc":{"start":{"line":1220,"column":32},"end":{"line":1220,"column":59}}},"31":{"name":"(anonymous_31)","line":1232,"loc":{"start":{"line":1232,"column":57},"end":{"line":1232,"column":74}}},"32":{"name":"_transform","line":1265,"loc":{"start":{"line":1265,"column":34},"end":{"line":1265,"column":77}}},"33":{"name":"Decompressor","line":1318,"loc":{"start":{"line":1318,"column":0},"end":{"line":1318,"column":33}}},"34":{"name":"setTableSizeLimit","line":1331,"loc":{"start":{"line":1331,"column":43},"end":{"line":1331,"column":76}}},"35":{"name":"decompress","line":1338,"loc":{"start":{"line":1338,"column":36},"end":{"line":1338,"column":63}}},"36":{"name":"_transform","line":1374,"loc":{"start":{"line":1374,"column":36},"end":{"line":1374,"column":79}}},"37":{"name":"(anonymous_37)","line":1403,"loc":{"start":{"line":1403,"column":41},"end":{"line":1403,"column":57}}},"38":{"name":"concat","line":1424,"loc":{"start":{"line":1424,"column":0},"end":{"line":1424,"column":25}}},"39":{"name":"cut","line":1439,"loc":{"start":{"line":1439,"column":0},"end":{"line":1439,"column":27}}},"40":{"name":"trim","line":1450,"loc":{"start":{"line":1450,"column":0},"end":{"line":1450,"column":22}}}},"statementMap":{"1":{"start":{"line":18,"column":0},"end":{"line":18,"column":34}},"2":{"start":{"line":19,"column":0},"end":{"line":19,"column":36}},"3":{"start":{"line":20,"column":0},"end":{"line":20,"column":50}},"4":{"start":{"line":21,"column":0},"end":{"line":21,"column":54}},"5":{"start":{"line":22,"column":0},"end":{"line":22,"column":32}},"6":{"start":{"line":23,"column":0},"end":{"line":23,"column":36}},"7":{"start":{"line":25,"column":0},"end":{"line":25,"column":50}},"8":{"start":{"line":26,"column":0},"end":{"line":26,"column":31}},"9":{"start":{"line":27,"column":0},"end":{"line":27,"column":27}},"10":{"start":{"line":40,"column":0},"end":{"line":50,"column":1}},"11":{"start":{"line":41,"column":2},"end":{"line":41,"column":56}},"12":{"start":{"line":42,"column":2},"end":{"line":42,"column":18}},"13":{"start":{"line":43,"column":2},"end":{"line":43,"column":52}},"14":{"start":{"line":44,"column":2},"end":{"line":44,"column":35}},"15":{"start":{"line":45,"column":2},"end":{"line":45,"column":17}},"16":{"start":{"line":46,"column":2},"end":{"line":46,"column":59}},"17":{"start":{"line":47,"column":2},"end":{"line":47,"column":39}},"18":{"start":{"line":48,"column":2},"end":{"line":48,"column":57}},"19":{"start":{"line":49,"column":2},"end":{"line":49,"column":14}},"20":{"start":{"line":78,"column":0},"end":{"line":85,"column":1}},"21":{"start":{"line":79,"column":2},"end":{"line":79,"column":27}},"22":{"start":{"line":80,"column":2},"end":{"line":80,"column":26}},"23":{"start":{"line":81,"column":2},"end":{"line":81,"column":24}},"24":{"start":{"line":82,"column":2},"end":{"line":82,"column":21}},"25":{"start":{"line":83,"column":2},"end":{"line":83,"column":28}},"26":{"start":{"line":84,"column":2},"end":{"line":84,"column":15}},"27":{"start":{"line":95,"column":0},"end":{"line":95,"column":38}},"28":{"start":{"line":97,"column":0},"end":{"line":99,"column":1}},"29":{"start":{"line":98,"column":2},"end":{"line":98,"column":63}},"30":{"start":{"line":119,"column":0},"end":{"line":129,"column":2}},"31":{"start":{"line":120,"column":2},"end":{"line":120,"column":26}},"32":{"start":{"line":121,"column":2},"end":{"line":121,"column":51}},"33":{"start":{"line":122,"column":2},"end":{"line":127,"column":3}},"34":{"start":{"line":123,"column":4},"end":{"line":123,"column":19}},"35":{"start":{"line":124,"column":4},"end":{"line":124,"column":47}},"36":{"start":{"line":125,"column":4},"end":{"line":125,"column":32}},"37":{"start":{"line":126,"column":4},"end":{"line":126,"column":40}},"38":{"start":{"line":128,"column":2},"end":{"line":128,"column":24}},"39":{"start":{"line":131,"column":0},"end":{"line":141,"column":2}},"40":{"start":{"line":132,"column":2},"end":{"line":132,"column":40}},"41":{"start":{"line":133,"column":2},"end":{"line":133,"column":49}},"42":{"start":{"line":135,"column":2},"end":{"line":138,"column":3}},"43":{"start":{"line":136,"column":4},"end":{"line":136,"column":24}},"44":{"start":{"line":137,"column":4},"end":{"line":137,"column":30}},"45":{"start":{"line":140,"column":2},"end":{"line":140,"column":24}},"46":{"start":{"line":144,"column":0},"end":{"line":147,"column":2}},"47":{"start":{"line":145,"column":2},"end":{"line":145,"column":22}},"48":{"start":{"line":146,"column":2},"end":{"line":146,"column":34}},"49":{"start":{"line":157,"column":0},"end":{"line":218,"column":2}},"50":{"start":{"line":230,"column":0},"end":{"line":230,"column":54}},"51":{"start":{"line":231,"column":0},"end":{"line":237,"column":1}},"52":{"start":{"line":232,"column":2},"end":{"line":232,"column":51}},"53":{"start":{"line":234,"column":2},"end":{"line":234,"column":53}},"54":{"start":{"line":235,"column":2},"end":{"line":235,"column":22}},"55":{"start":{"line":236,"column":2},"end":{"line":236,"column":20}},"56":{"start":{"line":242,"column":0},"end":{"line":245,"column":2}},"57":{"start":{"line":243,"column":2},"end":{"line":243,"column":27}},"58":{"start":{"line":244,"column":2},"end":{"line":244,"column":13}},"59":{"start":{"line":269,"column":0},"end":{"line":348,"column":2}},"60":{"start":{"line":270,"column":2},"end":{"line":271,"column":53}},"61":{"start":{"line":273,"column":2},"end":{"line":273,"column":18}},"62":{"start":{"line":292,"column":2},"end":{"line":347,"column":3}},"63":{"start":{"line":293,"column":4},"end":{"line":293,"column":26}},"64":{"start":{"line":294,"column":4},"end":{"line":294,"column":31}},"65":{"start":{"line":296,"column":4},"end":{"line":322,"column":5}},"66":{"start":{"line":297,"column":6},"end":{"line":304,"column":7}},"67":{"start":{"line":298,"column":8},"end":{"line":300,"column":9}},"68":{"start":{"line":299,"column":10},"end":{"line":299,"column":43}},"69":{"start":{"line":303,"column":8},"end":{"line":303,"column":41}},"70":{"start":{"line":307,"column":9},"end":{"line":322,"column":5}},"71":{"start":{"line":308,"column":6},"end":{"line":308,"column":30}},"72":{"start":{"line":312,"column":6},"end":{"line":312,"column":27}},"73":{"start":{"line":313,"column":6},"end":{"line":313,"column":22}},"74":{"start":{"line":315,"column":6},"end":{"line":318,"column":7}},"75":{"start":{"line":316,"column":8},"end":{"line":316,"column":36}},"76":{"start":{"line":317,"column":8},"end":{"line":317,"column":31}},"77":{"start":{"line":320,"column":6},"end":{"line":320,"column":29}},"78":{"start":{"line":321,"column":6},"end":{"line":321,"column":27}},"79":{"start":{"line":333,"column":4},"end":{"line":337,"column":5}},"80":{"start":{"line":334,"column":6},"end":{"line":334,"column":51}},"81":{"start":{"line":336,"column":6},"end":{"line":336,"column":35}},"82":{"start":{"line":339,"column":4},"end":{"line":344,"column":5}},"83":{"start":{"line":340,"column":6},"end":{"line":340,"column":34}},"84":{"start":{"line":341,"column":6},"end":{"line":341,"column":29}},"85":{"start":{"line":342,"column":6},"end":{"line":342,"column":27}},"86":{"start":{"line":343,"column":6},"end":{"line":343,"column":29}},"87":{"start":{"line":346,"column":4},"end":{"line":346,"column":20}},"88":{"start":{"line":354,"column":0},"end":{"line":373,"column":2}},"89":{"start":{"line":355,"column":2},"end":{"line":355,"column":36}},"90":{"start":{"line":358,"column":2},"end":{"line":358,"column":20}},"91":{"start":{"line":359,"column":2},"end":{"line":361,"column":3}},"92":{"start":{"line":360,"column":4},"end":{"line":360,"column":56}},"93":{"start":{"line":364,"column":2},"end":{"line":370,"column":3}},"94":{"start":{"line":365,"column":4},"end":{"line":365,"column":35}},"95":{"start":{"line":366,"column":4},"end":{"line":368,"column":5}},"96":{"start":{"line":367,"column":6},"end":{"line":367,"column":31}},"97":{"start":{"line":369,"column":4},"end":{"line":369,"column":26}},"98":{"start":{"line":372,"column":2},"end":{"line":372,"column":13}},"99":{"start":{"line":387,"column":0},"end":{"line":387,"column":52}},"100":{"start":{"line":388,"column":0},"end":{"line":394,"column":1}},"101":{"start":{"line":389,"column":2},"end":{"line":389,"column":51}},"102":{"start":{"line":391,"column":2},"end":{"line":391,"column":53}},"103":{"start":{"line":392,"column":2},"end":{"line":392,"column":22}},"104":{"start":{"line":393,"column":2},"end":{"line":393,"column":56}},"105":{"start":{"line":396,"column":0},"end":{"line":404,"column":2}},"106":{"start":{"line":397,"column":2},"end":{"line":398,"column":52}},"107":{"start":{"line":400,"column":2},"end":{"line":402,"column":3}},"108":{"start":{"line":401,"column":4},"end":{"line":401,"column":49}},"109":{"start":{"line":403,"column":2},"end":{"line":403,"column":32}},"110":{"start":{"line":409,"column":0},"end":{"line":509,"column":2}},"111":{"start":{"line":410,"column":2},"end":{"line":410,"column":35}},"112":{"start":{"line":411,"column":2},"end":{"line":411,"column":22}},"113":{"start":{"line":412,"column":2},"end":{"line":412,"column":17}},"114":{"start":{"line":415,"column":2},"end":{"line":415,"column":37}},"115":{"start":{"line":416,"column":2},"end":{"line":426,"column":3}},"116":{"start":{"line":417,"column":4},"end":{"line":417,"column":38}},"117":{"start":{"line":418,"column":4},"end":{"line":425,"column":5}},"118":{"start":{"line":419,"column":6},"end":{"line":424,"column":7}},"119":{"start":{"line":420,"column":8},"end":{"line":420,"column":33}},"120":{"start":{"line":421,"column":8},"end":{"line":421,"column":14}},"121":{"start":{"line":422,"column":13},"end":{"line":424,"column":7}},"122":{"start":{"line":423,"column":8},"end":{"line":423,"column":33}},"123":{"start":{"line":452,"column":2},"end":{"line":506,"column":3}},"124":{"start":{"line":453,"column":4},"end":{"line":453,"column":62}},"125":{"start":{"line":455,"column":4},"end":{"line":481,"column":5}},"126":{"start":{"line":456,"column":6},"end":{"line":459,"column":7}},"127":{"start":{"line":457,"column":8},"end":{"line":457,"column":36}},"128":{"start":{"line":458,"column":8},"end":{"line":458,"column":31}},"129":{"start":{"line":460,"column":6},"end":{"line":460,"column":21}},"130":{"start":{"line":461,"column":6},"end":{"line":461,"column":29}},"131":{"start":{"line":462,"column":6},"end":{"line":462,"column":27}},"132":{"start":{"line":465,"column":9},"end":{"line":481,"column":5}},"133":{"start":{"line":466,"column":6},"end":{"line":466,"column":21}},"134":{"start":{"line":467,"column":6},"end":{"line":467,"column":21}},"135":{"start":{"line":468,"column":6},"end":{"line":468,"column":21}},"136":{"start":{"line":469,"column":6},"end":{"line":469,"column":21}},"137":{"start":{"line":470,"column":6},"end":{"line":470,"column":25}},"138":{"start":{"line":471,"column":6},"end":{"line":471,"column":27}},"139":{"start":{"line":474,"column":9},"end":{"line":481,"column":5}},"140":{"start":{"line":475,"column":6},"end":{"line":475,"column":21}},"141":{"start":{"line":476,"column":6},"end":{"line":476,"column":21}},"142":{"start":{"line":480,"column":6},"end":{"line":480,"column":24}},"143":{"start":{"line":486,"column":4},"end":{"line":486,"column":32}},"144":{"start":{"line":487,"column":4},"end":{"line":487,"column":25}},"145":{"start":{"line":489,"column":4},"end":{"line":489,"column":58}},"146":{"start":{"line":491,"column":4},"end":{"line":503,"column":5}},"147":{"start":{"line":492,"column":6},"end":{"line":492,"column":29}},"148":{"start":{"line":493,"column":6},"end":{"line":493,"column":50}},"149":{"start":{"line":494,"column":6},"end":{"line":502,"column":7}},"150":{"start":{"line":495,"column":8},"end":{"line":496,"column":8}},"151":{"start":{"line":496,"column":8},"end":{"line":496,"column":51}},"152":{"start":{"line":497,"column":8},"end":{"line":501,"column":9}},"153":{"start":{"line":498,"column":10},"end":{"line":498,"column":74}},"154":{"start":{"line":499,"column":10},"end":{"line":499,"column":25}},"155":{"start":{"line":500,"column":10},"end":{"line":500,"column":25}},"156":{"start":{"line":505,"column":4},"end":{"line":505,"column":94}},"157":{"start":{"line":508,"column":2},"end":{"line":508,"column":13}},"158":{"start":{"line":514,"column":0},"end":{"line":527,"column":2}},"159":{"start":{"line":516,"column":2},"end":{"line":524,"column":3}},"160":{"start":{"line":517,"column":4},"end":{"line":517,"column":35}},"161":{"start":{"line":518,"column":4},"end":{"line":521,"column":5}},"162":{"start":{"line":519,"column":6},"end":{"line":519,"column":61}},"163":{"start":{"line":520,"column":6},"end":{"line":520,"column":30}},"164":{"start":{"line":522,"column":4},"end":{"line":522,"column":23}},"165":{"start":{"line":523,"column":4},"end":{"line":523,"column":26}},"166":{"start":{"line":526,"column":2},"end":{"line":526,"column":13}},"167":{"start":{"line":545,"column":0},"end":{"line":571,"column":2}},"168":{"start":{"line":546,"column":2},"end":{"line":546,"column":32}},"169":{"start":{"line":547,"column":2},"end":{"line":549,"column":3}},"170":{"start":{"line":548,"column":4},"end":{"line":548,"column":29}},"171":{"start":{"line":551,"column":2},"end":{"line":551,"column":17}},"172":{"start":{"line":552,"column":2},"end":{"line":554,"column":3}},"173":{"start":{"line":553,"column":4},"end":{"line":553,"column":22}},"174":{"start":{"line":555,"column":2},"end":{"line":555,"column":13}},"175":{"start":{"line":557,"column":2},"end":{"line":557,"column":15}},"176":{"start":{"line":558,"column":2},"end":{"line":568,"column":3}},"177":{"start":{"line":559,"column":4},"end":{"line":559,"column":28}},"178":{"start":{"line":560,"column":4},"end":{"line":560,"column":16}},"179":{"start":{"line":562,"column":4},"end":{"line":564,"column":5}},"180":{"start":{"line":563,"column":6},"end":{"line":563,"column":15}},"181":{"start":{"line":565,"column":4},"end":{"line":565,"column":18}},"182":{"start":{"line":567,"column":4},"end":{"line":567,"column":10}},"183":{"start":{"line":570,"column":2},"end":{"line":570,"column":29}},"184":{"start":{"line":586,"column":0},"end":{"line":604,"column":2}},"185":{"start":{"line":587,"column":2},"end":{"line":587,"column":32}},"186":{"start":{"line":589,"column":2},"end":{"line":589,"column":40}},"187":{"start":{"line":590,"column":2},"end":{"line":592,"column":3}},"188":{"start":{"line":591,"column":4},"end":{"line":591,"column":23}},"189":{"start":{"line":594,"column":2},"end":{"line":601,"column":3}},"190":{"start":{"line":595,"column":4},"end":{"line":595,"column":14}},"191":{"start":{"line":596,"column":4},"end":{"line":600,"column":46}},"192":{"start":{"line":597,"column":6},"end":{"line":597,"column":46}},"193":{"start":{"line":598,"column":6},"end":{"line":598,"column":13}},"194":{"start":{"line":599,"column":6},"end":{"line":599,"column":25}},"195":{"start":{"line":603,"column":2},"end":{"line":603,"column":11}},"196":{"start":{"line":608,"column":0},"end":{"line":638,"column":1}},"197":{"start":{"line":609,"column":2},"end":{"line":628,"column":3}},"198":{"start":{"line":610,"column":4},"end":{"line":627,"column":5}},"199":{"start":{"line":611,"column":6},"end":{"line":611,"column":39}},"200":{"start":{"line":615,"column":6},"end":{"line":615,"column":31}},"201":{"start":{"line":616,"column":6},"end":{"line":616,"column":20}},"202":{"start":{"line":617,"column":6},"end":{"line":617,"column":19}},"203":{"start":{"line":618,"column":6},"end":{"line":625,"column":7}},"204":{"start":{"line":619,"column":8},"end":{"line":619,"column":30}},"205":{"start":{"line":620,"column":8},"end":{"line":624,"column":9}},"206":{"start":{"line":621,"column":10},"end":{"line":621,"column":28}},"207":{"start":{"line":623,"column":10},"end":{"line":623,"column":27}},"208":{"start":{"line":626,"column":6},"end":{"line":626,"column":77}},"209":{"start":{"line":630,"column":2},"end":{"line":630,"column":32}},"210":{"start":{"line":632,"column":2},"end":{"line":634,"column":5}},"211":{"start":{"line":633,"column":4},"end":{"line":633,"column":29}},"212":{"start":{"line":635,"column":2},"end":{"line":637,"column":5}},"213":{"start":{"line":636,"column":4},"end":{"line":636,"column":23}},"214":{"start":{"line":640,"column":0},"end":{"line":685,"column":0}},"215":{"start":{"line":641,"column":2},"end":{"line":641,"column":18}},"216":{"start":{"line":642,"column":2},"end":{"line":642,"column":16}},"217":{"start":{"line":644,"column":2},"end":{"line":650,"column":3}},"218":{"start":{"line":645,"column":4},"end":{"line":649,"column":5}},"219":{"start":{"line":646,"column":6},"end":{"line":646,"column":24}},"220":{"start":{"line":648,"column":6},"end":{"line":648,"column":40}},"221":{"start":{"line":652,"column":2},"end":{"line":676,"column":3}},"222":{"start":{"line":653,"column":4},"end":{"line":653,"column":25}},"223":{"start":{"line":654,"column":4},"end":{"line":654,"column":32}},"224":{"start":{"line":655,"column":4},"end":{"line":655,"column":36}},"225":{"start":{"line":657,"column":4},"end":{"line":675,"column":5}},"226":{"start":{"line":658,"column":6},"end":{"line":670,"column":7}},"227":{"start":{"line":659,"column":8},"end":{"line":659,"column":38}},"228":{"start":{"line":660,"column":8},"end":{"line":660,"column":17}},"229":{"start":{"line":661,"column":8},"end":{"line":661,"column":24}},"230":{"start":{"line":662,"column":8},"end":{"line":662,"column":19}},"231":{"start":{"line":664,"column":8},"end":{"line":664,"column":35}},"232":{"start":{"line":665,"column":8},"end":{"line":665,"column":32}},"233":{"start":{"line":666,"column":8},"end":{"line":666,"column":17}},"234":{"start":{"line":667,"column":8},"end":{"line":667,"column":29}},"235":{"start":{"line":668,"column":8},"end":{"line":668,"column":24}},"236":{"start":{"line":669,"column":8},"end":{"line":669,"column":18}},"237":{"start":{"line":672,"column":6},"end":{"line":674,"column":7}},"238":{"start":{"line":673,"column":8},"end":{"line":673,"column":18}},"239":{"start":{"line":678,"column":2},"end":{"line":680,"column":3}},"240":{"start":{"line":679,"column":4},"end":{"line":679,"column":56}},"241":{"start":{"line":682,"column":2},"end":{"line":682,"column":28}},"242":{"start":{"line":685,"column":0},"end":{"line":712,"column":0}},"243":{"start":{"line":686,"column":2},"end":{"line":686,"column":18}},"244":{"start":{"line":687,"column":2},"end":{"line":687,"column":26}},"245":{"start":{"line":689,"column":2},"end":{"line":702,"column":3}},"246":{"start":{"line":690,"column":4},"end":{"line":690,"column":25}},"247":{"start":{"line":692,"column":4},"end":{"line":701,"column":5}},"248":{"start":{"line":693,"column":6},"end":{"line":693,"column":37}},"249":{"start":{"line":694,"column":6},"end":{"line":694,"column":23}},"250":{"start":{"line":696,"column":6},"end":{"line":696,"column":29}},"251":{"start":{"line":697,"column":6},"end":{"line":700,"column":7}},"252":{"start":{"line":698,"column":8},"end":{"line":698,"column":32}},"253":{"start":{"line":699,"column":8},"end":{"line":699,"column":28}},"254":{"start":{"line":704,"column":2},"end":{"line":704,"column":28}},"255":{"start":{"line":712,"column":0},"end":{"line":970,"column":3}},"256":{"start":{"line":1003,"column":0},"end":{"line":1017,"column":2}},"257":{"start":{"line":1004,"column":2},"end":{"line":1004,"column":32}},"258":{"start":{"line":1006,"column":2},"end":{"line":1006,"column":54}},"259":{"start":{"line":1007,"column":2},"end":{"line":1016,"column":3}},"260":{"start":{"line":1008,"column":4},"end":{"line":1009,"column":4}},"261":{"start":{"line":1009,"column":4},"end":{"line":1009,"column":24}},"262":{"start":{"line":1010,"column":4},"end":{"line":1010,"column":34}},"263":{"start":{"line":1014,"column":4},"end":{"line":1015,"column":4}},"264":{"start":{"line":1015,"column":4},"end":{"line":1015,"column":30}},"265":{"start":{"line":1019,"column":0},"end":{"line":1025,"column":2}},"266":{"start":{"line":1020,"column":2},"end":{"line":1020,"column":44}},"267":{"start":{"line":1021,"column":2},"end":{"line":1021,"column":56}},"268":{"start":{"line":1022,"column":2},"end":{"line":1022,"column":68}},"269":{"start":{"line":1023,"column":2},"end":{"line":1023,"column":26}},"270":{"start":{"line":1024,"column":2},"end":{"line":1024,"column":90}},"271":{"start":{"line":1094,"column":0},"end":{"line":1098,"column":2}},"272":{"start":{"line":1100,"column":0},"end":{"line":1135,"column":2}},"273":{"start":{"line":1101,"column":2},"end":{"line":1101,"column":35}},"274":{"start":{"line":1103,"column":2},"end":{"line":1109,"column":3}},"275":{"start":{"line":1104,"column":4},"end":{"line":1104,"column":45}},"276":{"start":{"line":1105,"column":9},"end":{"line":1109,"column":3}},"277":{"start":{"line":1106,"column":4},"end":{"line":1106,"column":56}},"278":{"start":{"line":1108,"column":4},"end":{"line":1108,"column":45}},"279":{"start":{"line":1111,"column":2},"end":{"line":1130,"column":3}},"280":{"start":{"line":1112,"column":4},"end":{"line":1112,"column":87}},"281":{"start":{"line":1113,"column":4},"end":{"line":1119,"column":5}},"282":{"start":{"line":1114,"column":6},"end":{"line":1118,"column":7}},"283":{"start":{"line":1115,"column":8},"end":{"line":1115,"column":59}},"284":{"start":{"line":1117,"column":8},"end":{"line":1117,"column":66}},"285":{"start":{"line":1123,"column":4},"end":{"line":1128,"column":5}},"286":{"start":{"line":1124,"column":6},"end":{"line":1124,"column":88}},"287":{"start":{"line":1126,"column":6},"end":{"line":1126,"column":74}},"288":{"start":{"line":1127,"column":6},"end":{"line":1127,"column":60}},"289":{"start":{"line":1129,"column":4},"end":{"line":1129,"column":59}},"290":{"start":{"line":1132,"column":2},"end":{"line":1132,"column":45}},"291":{"start":{"line":1134,"column":2},"end":{"line":1134,"column":51}},"292":{"start":{"line":1137,"column":0},"end":{"line":1172,"column":2}},"293":{"start":{"line":1138,"column":2},"end":{"line":1138,"column":34}},"294":{"start":{"line":1140,"column":2},"end":{"line":1140,"column":40}},"295":{"start":{"line":1141,"column":2},"end":{"line":1147,"column":3}},"296":{"start":{"line":1142,"column":4},"end":{"line":1142,"column":45}},"297":{"start":{"line":1143,"column":9},"end":{"line":1147,"column":3}},"298":{"start":{"line":1144,"column":4},"end":{"line":1144,"column":45}},"299":{"start":{"line":1146,"column":4},"end":{"line":1146,"column":56}},"300":{"start":{"line":1149,"column":2},"end":{"line":1169,"column":3}},"301":{"start":{"line":1150,"column":4},"end":{"line":1150,"column":98}},"302":{"start":{"line":1151,"column":4},"end":{"line":1151,"column":25}},"303":{"start":{"line":1152,"column":4},"end":{"line":1159,"column":5}},"304":{"start":{"line":1153,"column":6},"end":{"line":1158,"column":7}},"305":{"start":{"line":1154,"column":8},"end":{"line":1154,"column":28}},"306":{"start":{"line":1155,"column":8},"end":{"line":1155,"column":27}},"307":{"start":{"line":1157,"column":8},"end":{"line":1157,"column":63}},"308":{"start":{"line":1163,"column":4},"end":{"line":1163,"column":83}},"309":{"start":{"line":1164,"column":4},"end":{"line":1166,"column":5}},"310":{"start":{"line":1165,"column":6},"end":{"line":1165,"column":57}},"311":{"start":{"line":1167,"column":4},"end":{"line":1167,"column":56}},"312":{"start":{"line":1168,"column":4},"end":{"line":1168,"column":75}},"313":{"start":{"line":1171,"column":2},"end":{"line":1171,"column":16}},"314":{"start":{"line":1196,"column":0},"end":{"line":1196,"column":34}},"315":{"start":{"line":1202,"column":0},"end":{"line":1202,"column":43}},"316":{"start":{"line":1203,"column":0},"end":{"line":1210,"column":1}},"317":{"start":{"line":1204,"column":2},"end":{"line":1204,"column":51}},"318":{"start":{"line":1206,"column":2},"end":{"line":1206,"column":53}},"319":{"start":{"line":1208,"column":2},"end":{"line":1208,"column":56}},"320":{"start":{"line":1209,"column":2},"end":{"line":1209,"column":43}},"321":{"start":{"line":1213,"column":0},"end":{"line":1215,"column":2}},"322":{"start":{"line":1214,"column":2},"end":{"line":1214,"column":33}},"323":{"start":{"line":1220,"column":0},"end":{"line":1262,"column":2}},"324":{"start":{"line":1221,"column":2},"end":{"line":1221,"column":67}},"325":{"start":{"line":1222,"column":2},"end":{"line":1254,"column":3}},"326":{"start":{"line":1223,"column":4},"end":{"line":1223,"column":30}},"327":{"start":{"line":1224,"column":4},"end":{"line":1224,"column":38}},"328":{"start":{"line":1228,"column":4},"end":{"line":1235,"column":5}},"329":{"start":{"line":1229,"column":6},"end":{"line":1231,"column":7}},"330":{"start":{"line":1230,"column":8},"end":{"line":1231,"column":6}},"331":{"start":{"line":1232,"column":6},"end":{"line":1234,"column":10}},"332":{"start":{"line":1233,"column":8},"end":{"line":1234,"column":6}},"333":{"start":{"line":1243,"column":4},"end":{"line":1245,"column":5}},"334":{"start":{"line":1244,"column":6},"end":{"line":1244,"column":31}},"335":{"start":{"line":1247,"column":4},"end":{"line":1253,"column":5}},"336":{"start":{"line":1248,"column":6},"end":{"line":1250,"column":7}},"337":{"start":{"line":1249,"column":8},"end":{"line":1249,"column":51}},"338":{"start":{"line":1252,"column":6},"end":{"line":1252,"column":46}},"339":{"start":{"line":1255,"column":2},"end":{"line":1255,"column":19}},"340":{"start":{"line":1257,"column":2},"end":{"line":1257,"column":25}},"341":{"start":{"line":1258,"column":2},"end":{"line":1260,"column":3}},"342":{"start":{"line":1259,"column":4},"end":{"line":1259,"column":23}},"343":{"start":{"line":1261,"column":2},"end":{"line":1261,"column":24}},"344":{"start":{"line":1265,"column":0},"end":{"line":1306,"column":2}},"345":{"start":{"line":1273,"column":2},"end":{"line":1303,"column":3}},"346":{"start":{"line":1274,"column":4},"end":{"line":1274,"column":46}},"347":{"start":{"line":1276,"column":4},"end":{"line":1276,"column":52}},"348":{"start":{"line":1278,"column":4},"end":{"line":1297,"column":5}},"349":{"start":{"line":1279,"column":6},"end":{"line":1279,"column":21}},"350":{"start":{"line":1280,"column":6},"end":{"line":1280,"column":28}},"351":{"start":{"line":1281,"column":6},"end":{"line":1281,"column":43}},"352":{"start":{"line":1283,"column":6},"end":{"line":1293,"column":7}},"353":{"start":{"line":1284,"column":8},"end":{"line":1284,"column":45}},"354":{"start":{"line":1285,"column":8},"end":{"line":1285,"column":57}},"355":{"start":{"line":1286,"column":8},"end":{"line":1286,"column":53}},"356":{"start":{"line":1288,"column":8},"end":{"line":1292,"column":10}},"357":{"start":{"line":1294,"column":6},"end":{"line":1294,"column":34}},"358":{"start":{"line":1296,"column":6},"end":{"line":1296,"column":28}},"359":{"start":{"line":1302,"column":4},"end":{"line":1302,"column":21}},"360":{"start":{"line":1305,"column":2},"end":{"line":1305,"column":9}},"361":{"start":{"line":1317,"column":0},"end":{"line":1317,"column":45}},"362":{"start":{"line":1318,"column":0},"end":{"line":1328,"column":1}},"363":{"start":{"line":1319,"column":2},"end":{"line":1319,"column":51}},"364":{"start":{"line":1321,"column":2},"end":{"line":1321,"column":53}},"365":{"start":{"line":1323,"column":2},"end":{"line":1323,"column":56}},"366":{"start":{"line":1324,"column":2},"end":{"line":1324,"column":43}},"367":{"start":{"line":1326,"column":2},"end":{"line":1326,"column":27}},"368":{"start":{"line":1327,"column":2},"end":{"line":1327,"column":25}},"369":{"start":{"line":1331,"column":0},"end":{"line":1333,"column":2}},"370":{"start":{"line":1332,"column":2},"end":{"line":1332,"column":33}},"371":{"start":{"line":1338,"column":0},"end":{"line":1371,"column":2}},"372":{"start":{"line":1339,"column":2},"end":{"line":1339,"column":71}},"373":{"start":{"line":1340,"column":2},"end":{"line":1340,"column":26}},"374":{"start":{"line":1342,"column":2},"end":{"line":1342,"column":19}},"375":{"start":{"line":1343,"column":2},"end":{"line":1343,"column":11}},"376":{"start":{"line":1344,"column":2},"end":{"line":1361,"column":3}},"377":{"start":{"line":1345,"column":4},"end":{"line":1345,"column":23}},"378":{"start":{"line":1348,"column":4},"end":{"line":1348,"column":37}},"379":{"start":{"line":1349,"column":4},"end":{"line":1360,"column":5}},"380":{"start":{"line":1350,"column":6},"end":{"line":1350,"column":28}},"381":{"start":{"line":1351,"column":6},"end":{"line":1359,"column":7}},"382":{"start":{"line":1352,"column":8},"end":{"line":1356,"column":9}},"383":{"start":{"line":1353,"column":10},"end":{"line":1353,"column":36}},"384":{"start":{"line":1355,"column":10},"end":{"line":1355,"column":49}},"385":{"start":{"line":1358,"column":8},"end":{"line":1358,"column":30}},"386":{"start":{"line":1366,"column":2},"end":{"line":1368,"column":3}},"387":{"start":{"line":1367,"column":4},"end":{"line":1368,"column":2}},"388":{"start":{"line":1370,"column":2},"end":{"line":1370,"column":17}},"389":{"start":{"line":1374,"column":0},"end":{"line":1418,"column":2}},"390":{"start":{"line":1377,"column":2},"end":{"line":1397,"column":3}},"391":{"start":{"line":1378,"column":4},"end":{"line":1382,"column":5}},"392":{"start":{"line":1379,"column":6},"end":{"line":1379,"column":71}},"393":{"start":{"line":1380,"column":6},"end":{"line":1380,"column":43}},"394":{"start":{"line":1381,"column":6},"end":{"line":1381,"column":13}},"395":{"start":{"line":1383,"column":4},"end":{"line":1383,"column":29}},"396":{"start":{"line":1388,"column":7},"end":{"line":1397,"column":3}},"397":{"start":{"line":1389,"column":4},"end":{"line":1389,"column":28}},"398":{"start":{"line":1390,"column":4},"end":{"line":1390,"column":41}},"399":{"start":{"line":1391,"column":4},"end":{"line":1391,"column":27}},"400":{"start":{"line":1396,"column":4},"end":{"line":1396,"column":21}},"401":{"start":{"line":1402,"column":2},"end":{"line":1415,"column":3}},"402":{"start":{"line":1403,"column":4},"end":{"line":1405,"column":8}},"403":{"start":{"line":1404,"column":6},"end":{"line":1404,"column":24}},"404":{"start":{"line":1406,"column":4},"end":{"line":1412,"column":5}},"405":{"start":{"line":1407,"column":6},"end":{"line":1407,"column":44}},"406":{"start":{"line":1409,"column":6},"end":{"line":1409,"column":68}},"407":{"start":{"line":1410,"column":6},"end":{"line":1410,"column":46}},"408":{"start":{"line":1411,"column":6},"end":{"line":1411,"column":13}},"409":{"start":{"line":1413,"column":4},"end":{"line":1413,"column":62}},"410":{"start":{"line":1414,"column":4},"end":{"line":1414,"column":29}},"411":{"start":{"line":1417,"column":2},"end":{"line":1417,"column":9}},"412":{"start":{"line":1424,"column":0},"end":{"line":1436,"column":1}},"413":{"start":{"line":1425,"column":2},"end":{"line":1425,"column":15}},"414":{"start":{"line":1426,"column":2},"end":{"line":1428,"column":3}},"415":{"start":{"line":1427,"column":4},"end":{"line":1427,"column":30}},"416":{"start":{"line":1430,"column":2},"end":{"line":1430,"column":38}},"417":{"start":{"line":1431,"column":2},"end":{"line":1433,"column":3}},"418":{"start":{"line":1432,"column":4},"end":{"line":1432,"column":42}},"419":{"start":{"line":1435,"column":2},"end":{"line":1435,"column":22}},"420":{"start":{"line":1439,"column":0},"end":{"line":1448,"column":1}},"421":{"start":{"line":1440,"column":2},"end":{"line":1440,"column":18}},"422":{"start":{"line":1441,"column":2},"end":{"line":1441,"column":17}},"423":{"start":{"line":1442,"column":2},"end":{"line":1446,"column":34}},"424":{"start":{"line":1443,"column":4},"end":{"line":1443,"column":59}},"425":{"start":{"line":1444,"column":4},"end":{"line":1444,"column":58}},"426":{"start":{"line":1445,"column":4},"end":{"line":1445,"column":24}},"427":{"start":{"line":1447,"column":2},"end":{"line":1447,"column":16}},"428":{"start":{"line":1450,"column":0},"end":{"line":1452,"column":1}},"429":{"start":{"line":1451,"column":2},"end":{"line":1452,"column":0}}},"branchMap":{"1":{"line":43,"type":"binary-expr","locations":[{"start":{"line":43,"column":16},"end":{"line":43,"column":21}},{"start":{"line":43,"column":25},"end":{"line":43,"column":51}}]},"2":{"line":122,"type":"binary-expr","locations":[{"start":{"line":122,"column":10},"end":{"line":122,"column":28}},{"start":{"line":122,"column":34},"end":{"line":122,"column":47}}]},"3":{"line":135,"type":"if","locations":[{"start":{"line":135,"column":2},"end":{"line":135,"column":2}},{"start":{"line":135,"column":2},"end":{"line":135,"column":2}}]},"4":{"line":292,"type":"if","locations":[{"start":{"line":292,"column":2},"end":{"line":292,"column":2}},{"start":{"line":292,"column":2},"end":{"line":292,"column":2}}]},"5":{"line":296,"type":"if","locations":[{"start":{"line":296,"column":4},"end":{"line":296,"column":4}},{"start":{"line":296,"column":4},"end":{"line":296,"column":4}}]},"6":{"line":297,"type":"if","locations":[{"start":{"line":297,"column":6},"end":{"line":297,"column":6}},{"start":{"line":297,"column":6},"end":{"line":297,"column":6}}]},"7":{"line":307,"type":"if","locations":[{"start":{"line":307,"column":9},"end":{"line":307,"column":9}},{"start":{"line":307,"column":9},"end":{"line":307,"column":9}}]},"8":{"line":315,"type":"if","locations":[{"start":{"line":315,"column":6},"end":{"line":315,"column":6}},{"start":{"line":315,"column":6},"end":{"line":315,"column":6}}]},"9":{"line":333,"type":"if","locations":[{"start":{"line":333,"column":4},"end":{"line":333,"column":4}},{"start":{"line":333,"column":4},"end":{"line":333,"column":4}}]},"10":{"line":339,"type":"if","locations":[{"start":{"line":339,"column":4},"end":{"line":339,"column":4}},{"start":{"line":339,"column":4},"end":{"line":339,"column":4}}]},"11":{"line":366,"type":"if","locations":[{"start":{"line":366,"column":4},"end":{"line":366,"column":4}},{"start":{"line":366,"column":4},"end":{"line":366,"column":4}}]},"12":{"line":366,"type":"binary-expr","locations":[{"start":{"line":366,"column":8},"end":{"line":366,"column":23}},{"start":{"line":366,"column":27},"end":{"line":366,"column":41}}]},"13":{"line":400,"type":"if","locations":[{"start":{"line":400,"column":2},"end":{"line":400,"column":2}},{"start":{"line":400,"column":2},"end":{"line":400,"column":2}}]},"14":{"line":418,"type":"if","locations":[{"start":{"line":418,"column":4},"end":{"line":418,"column":4}},{"start":{"line":418,"column":4},"end":{"line":418,"column":4}}]},"15":{"line":419,"type":"if","locations":[{"start":{"line":419,"column":6},"end":{"line":419,"column":6}},{"start":{"line":419,"column":6},"end":{"line":419,"column":6}}]},"16":{"line":422,"type":"if","locations":[{"start":{"line":422,"column":13},"end":{"line":422,"column":13}},{"start":{"line":422,"column":13},"end":{"line":422,"column":13}}]},"17":{"line":452,"type":"if","locations":[{"start":{"line":452,"column":2},"end":{"line":452,"column":2}},{"start":{"line":452,"column":2},"end":{"line":452,"column":2}}]},"18":{"line":455,"type":"if","locations":[{"start":{"line":455,"column":4},"end":{"line":455,"column":4}},{"start":{"line":455,"column":4},"end":{"line":455,"column":4}}]},"19":{"line":456,"type":"if","locations":[{"start":{"line":456,"column":6},"end":{"line":456,"column":6}},{"start":{"line":456,"column":6},"end":{"line":456,"column":6}}]},"20":{"line":465,"type":"if","locations":[{"start":{"line":465,"column":9},"end":{"line":465,"column":9}},{"start":{"line":465,"column":9},"end":{"line":465,"column":9}}]},"21":{"line":474,"type":"if","locations":[{"start":{"line":474,"column":9},"end":{"line":474,"column":9}},{"start":{"line":474,"column":9},"end":{"line":474,"column":9}}]},"22":{"line":491,"type":"if","locations":[{"start":{"line":491,"column":4},"end":{"line":491,"column":4}},{"start":{"line":491,"column":4},"end":{"line":491,"column":4}}]},"23":{"line":497,"type":"if","locations":[{"start":{"line":497,"column":8},"end":{"line":497,"column":8}},{"start":{"line":497,"column":8},"end":{"line":497,"column":8}}]},"24":{"line":505,"type":"cond-expr","locations":[{"start":{"line":505,"column":43},"end":{"line":505,"column":52}},{"start":{"line":505,"column":55},"end":{"line":505,"column":59}}]},"25":{"line":518,"type":"if","locations":[{"start":{"line":518,"column":4},"end":{"line":518,"column":4}},{"start":{"line":518,"column":4},"end":{"line":518,"column":4}}]},"26":{"line":518,"type":"binary-expr","locations":[{"start":{"line":518,"column":8},"end":{"line":518,"column":23}},{"start":{"line":518,"column":27},"end":{"line":518,"column":38}},{"start":{"line":518,"column":42},"end":{"line":518,"column":56}}]},"27":{"line":547,"type":"if","locations":[{"start":{"line":547,"column":2},"end":{"line":547,"column":2}},{"start":{"line":547,"column":2},"end":{"line":547,"column":2}}]},"28":{"line":552,"type":"if","locations":[{"start":{"line":552,"column":2},"end":{"line":552,"column":2}},{"start":{"line":552,"column":2},"end":{"line":552,"column":2}}]},"29":{"line":562,"type":"if","locations":[{"start":{"line":562,"column":4},"end":{"line":562,"column":4}},{"start":{"line":562,"column":4},"end":{"line":562,"column":4}}]},"30":{"line":590,"type":"if","locations":[{"start":{"line":590,"column":2},"end":{"line":590,"column":2}},{"start":{"line":590,"column":2},"end":{"line":590,"column":2}}]},"31":{"line":594,"type":"if","locations":[{"start":{"line":594,"column":2},"end":{"line":594,"column":2}},{"start":{"line":594,"column":2},"end":{"line":594,"column":2}}]},"32":{"line":610,"type":"if","locations":[{"start":{"line":610,"column":4},"end":{"line":610,"column":4}},{"start":{"line":610,"column":4},"end":{"line":610,"column":4}}]},"33":{"line":615,"type":"binary-expr","locations":[{"start":{"line":615,"column":17},"end":{"line":615,"column":25}},{"start":{"line":615,"column":29},"end":{"line":615,"column":30}}]},"34":{"line":620,"type":"if","locations":[{"start":{"line":620,"column":8},"end":{"line":620,"column":8}},{"start":{"line":620,"column":8},"end":{"line":620,"column":8}}]},"35":{"line":645,"type":"if","locations":[{"start":{"line":645,"column":4},"end":{"line":645,"column":4}},{"start":{"line":645,"column":4},"end":{"line":645,"column":4}}]},"36":{"line":658,"type":"if","locations":[{"start":{"line":658,"column":6},"end":{"line":658,"column":6}},{"start":{"line":658,"column":6},"end":{"line":658,"column":6}}]},"37":{"line":672,"type":"if","locations":[{"start":{"line":672,"column":6},"end":{"line":672,"column":6}},{"start":{"line":672,"column":6},"end":{"line":672,"column":6}}]},"38":{"line":678,"type":"if","locations":[{"start":{"line":678,"column":2},"end":{"line":678,"column":2}},{"start":{"line":678,"column":2},"end":{"line":678,"column":2}}]},"39":{"line":693,"type":"cond-expr","locations":[{"start":{"line":693,"column":31},"end":{"line":693,"column":32}},{"start":{"line":693,"column":35},"end":{"line":693,"column":36}}]},"40":{"line":697,"type":"if","locations":[{"start":{"line":697,"column":6},"end":{"line":697,"column":6}},{"start":{"line":697,"column":6},"end":{"line":697,"column":6}}]},"41":{"line":1007,"type":"if","locations":[{"start":{"line":1007,"column":2},"end":{"line":1007,"column":2}},{"start":{"line":1007,"column":2},"end":{"line":1007,"column":2}}]},"42":{"line":1024,"type":"cond-expr","locations":[{"start":{"line":1024,"column":20},"end":{"line":1024,"column":61}},{"start":{"line":1024,"column":64},"end":{"line":1024,"column":71}}]},"43":{"line":1103,"type":"if","locations":[{"start":{"line":1103,"column":2},"end":{"line":1103,"column":2}},{"start":{"line":1103,"column":2},"end":{"line":1103,"column":2}}]},"44":{"line":1105,"type":"if","locations":[{"start":{"line":1105,"column":9},"end":{"line":1105,"column":9}},{"start":{"line":1105,"column":9},"end":{"line":1105,"column":9}}]},"45":{"line":1111,"type":"if","locations":[{"start":{"line":1111,"column":2},"end":{"line":1111,"column":2}},{"start":{"line":1111,"column":2},"end":{"line":1111,"column":2}}]},"46":{"line":1113,"type":"if","locations":[{"start":{"line":1113,"column":4},"end":{"line":1113,"column":4}},{"start":{"line":1113,"column":4},"end":{"line":1113,"column":4}}]},"47":{"line":1114,"type":"if","locations":[{"start":{"line":1114,"column":6},"end":{"line":1114,"column":6}},{"start":{"line":1114,"column":6},"end":{"line":1114,"column":6}}]},"48":{"line":1123,"type":"if","locations":[{"start":{"line":1123,"column":4},"end":{"line":1123,"column":4}},{"start":{"line":1123,"column":4},"end":{"line":1123,"column":4}}]},"49":{"line":1141,"type":"if","locations":[{"start":{"line":1141,"column":2},"end":{"line":1141,"column":2}},{"start":{"line":1141,"column":2},"end":{"line":1141,"column":2}}]},"50":{"line":1143,"type":"if","locations":[{"start":{"line":1143,"column":9},"end":{"line":1143,"column":9}},{"start":{"line":1143,"column":9},"end":{"line":1143,"column":9}}]},"51":{"line":1149,"type":"if","locations":[{"start":{"line":1149,"column":2},"end":{"line":1149,"column":2}},{"start":{"line":1149,"column":2},"end":{"line":1149,"column":2}}]},"52":{"line":1152,"type":"if","locations":[{"start":{"line":1152,"column":4},"end":{"line":1152,"column":4}},{"start":{"line":1152,"column":4},"end":{"line":1152,"column":4}}]},"53":{"line":1153,"type":"if","locations":[{"start":{"line":1153,"column":6},"end":{"line":1153,"column":6}},{"start":{"line":1153,"column":6},"end":{"line":1153,"column":6}}]},"54":{"line":1164,"type":"if","locations":[{"start":{"line":1164,"column":4},"end":{"line":1164,"column":4}},{"start":{"line":1164,"column":4},"end":{"line":1164,"column":4}}]},"55":{"line":1208,"type":"binary-expr","locations":[{"start":{"line":1208,"column":10},"end":{"line":1208,"column":28}},{"start":{"line":1208,"column":34},"end":{"line":1208,"column":53}}]},"56":{"line":1228,"type":"if","locations":[{"start":{"line":1228,"column":4},"end":{"line":1228,"column":4}},{"start":{"line":1228,"column":4},"end":{"line":1228,"column":4}}]},"57":{"line":1229,"type":"if","locations":[{"start":{"line":1229,"column":6},"end":{"line":1229,"column":6}},{"start":{"line":1229,"column":6},"end":{"line":1229,"column":6}}]},"58":{"line":1243,"type":"if","locations":[{"start":{"line":1243,"column":4},"end":{"line":1243,"column":4}},{"start":{"line":1243,"column":4},"end":{"line":1243,"column":4}}]},"59":{"line":1243,"type":"binary-expr","locations":[{"start":{"line":1243,"column":9},"end":{"line":1243,"column":31}},{"start":{"line":1243,"column":37},"end":{"line":1243,"column":54}}]},"60":{"line":1247,"type":"if","locations":[{"start":{"line":1247,"column":4},"end":{"line":1247,"column":4}},{"start":{"line":1247,"column":4},"end":{"line":1247,"column":4}}]},"61":{"line":1273,"type":"if","locations":[{"start":{"line":1273,"column":2},"end":{"line":1273,"column":2}},{"start":{"line":1273,"column":2},"end":{"line":1273,"column":2}}]},"62":{"line":1273,"type":"binary-expr","locations":[{"start":{"line":1273,"column":6},"end":{"line":1273,"column":30}},{"start":{"line":1273,"column":34},"end":{"line":1273,"column":63}}]},"63":{"line":1283,"type":"if","locations":[{"start":{"line":1283,"column":6},"end":{"line":1283,"column":6}},{"start":{"line":1283,"column":6},"end":{"line":1283,"column":6}}]},"64":{"line":1323,"type":"binary-expr","locations":[{"start":{"line":1323,"column":10},"end":{"line":1323,"column":28}},{"start":{"line":1323,"column":34},"end":{"line":1323,"column":53}}]},"65":{"line":1351,"type":"if","locations":[{"start":{"line":1351,"column":6},"end":{"line":1351,"column":6}},{"start":{"line":1351,"column":6},"end":{"line":1351,"column":6}}]},"66":{"line":1352,"type":"if","locations":[{"start":{"line":1352,"column":8},"end":{"line":1352,"column":8}},{"start":{"line":1352,"column":8},"end":{"line":1352,"column":8}}]},"67":{"line":1366,"type":"if","locations":[{"start":{"line":1366,"column":2},"end":{"line":1366,"column":2}},{"start":{"line":1366,"column":2},"end":{"line":1366,"column":2}}]},"68":{"line":1366,"type":"binary-expr","locations":[{"start":{"line":1366,"column":7},"end":{"line":1366,"column":26}},{"start":{"line":1366,"column":32},"end":{"line":1366,"column":66}}]},"69":{"line":1377,"type":"if","locations":[{"start":{"line":1377,"column":2},"end":{"line":1377,"column":2}},{"start":{"line":1377,"column":2},"end":{"line":1377,"column":2}}]},"70":{"line":1378,"type":"if","locations":[{"start":{"line":1378,"column":4},"end":{"line":1378,"column":4}},{"start":{"line":1378,"column":4},"end":{"line":1378,"column":4}}]},"71":{"line":1378,"type":"binary-expr","locations":[{"start":{"line":1378,"column":9},"end":{"line":1378,"column":38}},{"start":{"line":1378,"column":44},"end":{"line":1378,"column":78}}]},"72":{"line":1388,"type":"if","locations":[{"start":{"line":1388,"column":7},"end":{"line":1388,"column":7}},{"start":{"line":1388,"column":7},"end":{"line":1388,"column":7}}]},"73":{"line":1388,"type":"binary-expr","locations":[{"start":{"line":1388,"column":12},"end":{"line":1388,"column":36}},{"start":{"line":1388,"column":42},"end":{"line":1388,"column":71}}]},"74":{"line":1402,"type":"if","locations":[{"start":{"line":1402,"column":2},"end":{"line":1402,"column":2}},{"start":{"line":1402,"column":2},"end":{"line":1402,"column":2}}]},"75":{"line":1402,"type":"binary-expr","locations":[{"start":{"line":1402,"column":6},"end":{"line":1402,"column":22}},{"start":{"line":1402,"column":27},"end":{"line":1402,"column":50}},{"start":{"line":1402,"column":54},"end":{"line":1402,"column":82}}]}}},"/data/upstream/node-http2-protocol/lib/connection.js":{"path":"/data/upstream/node-http2-protocol/lib/connection.js","s":{"1":1,"2":1,"3":1,"4":1,"5":21,"6":21,"7":21,"8":21,"9":21,"10":21,"11":21,"12":1,"13":1,"14":1,"15":21,"16":21,"17":21,"18":21,"19":21,"20":21,"21":21,"22":21,"23":1,"24":41,"25":41,"26":41,"27":0,"28":0,"29":1,"30":18,"31":18,"32":18,"33":18,"34":0,"35":1,"36":28,"37":20,"38":20,"39":20,"40":20,"41":0,"42":1,"43":20,"44":10,"45":10,"46":10,"47":10,"48":0,"49":0,"50":0,"51":20,"52":20,"53":20,"54":20,"55":20,"56":20,"57":20,"58":1,"59":20,"60":20,"61":20,"62":20,"63":20,"64":1,"65":50,"66":20,"67":30,"68":1,"69":10,"70":10,"71":10,"72":10,"73":10,"74":7,"75":10,"76":1,"77":10,"78":10,"79":10,"80":10,"81":10,"82":10,"83":1,"84":7,"85":7,"86":7,"87":7,"88":1,"89":21,"90":21,"91":21,"92":1,"93":116,"94":1,"95":115,"96":43,"97":72,"98":44,"99":44,"100":72,"101":43,"102":43,"103":43,"104":21,"105":21,"106":21,"107":36,"108":52,"109":52,"110":52,"111":34,"112":18,"113":0,"114":0,"115":18,"116":18,"117":10,"118":18,"119":3,"120":3,"121":18,"122":18,"123":18,"124":18,"125":18,"126":0,"127":36,"128":36,"129":43,"130":35,"131":43,"132":1,"133":59,"134":59,"135":18,"136":18,"137":59,"138":59,"139":7,"140":59,"141":3,"142":59,"143":59,"144":59,"145":1,"146":1,"147":21,"148":21,"149":21,"150":21,"151":1,"152":18,"153":18,"154":0,"155":0,"156":1,"157":36,"158":18,"159":18,"160":18,"161":18,"162":18,"163":18,"164":36,"165":1,"166":21,"167":21,"168":21,"169":18,"170":36,"171":18,"172":21,"173":21,"174":42,"175":1,"176":21,"177":21,"178":21,"179":21,"180":1,"181":2,"182":2,"183":2,"184":32,"185":2,"186":1,"187":2,"188":2,"189":2,"190":2,"191":2,"192":1,"193":5,"194":2,"195":2,"196":2,"197":2,"198":2,"199":2,"200":2,"201":0,"202":3,"203":3,"204":1,"205":1,"206":0,"207":0,"208":1,"209":1,"210":1,"211":1,"212":1,"213":1,"214":1,"215":1,"216":1,"217":0,"218":1,"219":21,"220":21,"221":20,"222":21,"223":21,"224":1,"225":1,"226":18,"227":0,"228":0,"229":18,"230":18,"231":18,"232":18},"b":{"1":[41,0],"2":[41,5,1,0],"3":[18,0],"4":[0,18],"5":[20,8],"6":[20,0],"7":[0,20],"8":[10,10],"9":[10,0],"10":[10,10],"11":[20,30],"12":[7,3],"13":[1,115],"14":[43,72],"15":[44,28],"16":[52,0],"17":[34,18],"18":[0,18],"19":[10,8],"20":[10,7],"21":[3,15],"22":[0,18],"23":[35,8],"24":[18,41],"25":[7,52],"26":[3,56],"27":[21,0],"28":[18,0],"29":[18,18],"30":[18,18],"31":[18,0],"32":[18,0],"33":[21,21],"34":[2,3],"35":[2,0],"36":[2,0],"37":[0,1],"38":[1,1],"39":[0,1],"40":[0,18],"41":[18,0]},"f":{"1":21,"2":21,"3":41,"4":18,"5":28,"6":20,"7":20,"8":50,"9":10,"10":10,"11":7,"12":21,"13":116,"14":59,"15":21,"16":18,"17":36,"18":21,"19":18,"20":18,"21":21,"22":2,"23":2,"24":5,"25":1,"26":1,"27":21,"28":20,"29":18,"30":18,"31":18},"fnMap":{"1":{"name":"Connection","line":39,"loc":{"start":{"line":39,"column":0},"end":{"line":39,"column":50}}},"2":{"name":"_initializeStreamManagement","line":100,"loc":{"start":{"line":100,"column":51},"end":{"line":100,"column":103}}},"3":{"name":"_writeControlFrame","line":123,"loc":{"start":{"line":123,"column":42},"end":{"line":123,"column":77}}},"4":{"name":"_updateStreamLimit","line":135,"loc":{"start":{"line":135,"column":42},"end":{"line":135,"column":86}}},"5":{"name":"_changeStreamCount","line":144,"loc":{"start":{"line":144,"column":42},"end":{"line":144,"column":78}}},"6":{"name":"_allocateId","line":164,"loc":{"start":{"line":164,"column":35},"end":{"line":164,"column":68}}},"7":{"name":"_allocatePriority","line":199,"loc":{"start":{"line":199,"column":41},"end":{"line":199,"column":76}}},"8":{"name":"_insert","line":207,"loc":{"start":{"line":207,"column":31},"end":{"line":207,"column":66}}},"9":{"name":"_reprioritize","line":215,"loc":{"start":{"line":215,"column":37},"end":{"line":215,"column":78}}},"10":{"name":"_createIncomingStream","line":229,"loc":{"start":{"line":229,"column":45},"end":{"line":229,"column":80}}},"11":{"name":"createStream","line":241,"loc":{"start":{"line":241,"column":36},"end":{"line":241,"column":60}}},"12":{"name":"_initializeMultiplexing","line":254,"loc":{"start":{"line":254,"column":47},"end":{"line":254,"column":82}}},"13":{"name":"_send","line":262,"loc":{"start":{"line":262,"column":29},"end":{"line":262,"column":55}}},"14":{"name":"_receive","line":346,"loc":{"start":{"line":346,"column":32},"end":{"line":346,"column":63}}},"15":{"name":"_initializeSettingsManagement","line":383,"loc":{"start":{"line":383,"column":53},"end":{"line":383,"column":102}}},"16":{"name":"_onFirstFrameReceived","line":397,"loc":{"start":{"line":397,"column":45},"end":{"line":397,"column":83}}},"17":{"name":"_receiveSettings","line":407,"loc":{"start":{"line":407,"column":40},"end":{"line":407,"column":73}}},"18":{"name":"set","line":433,"loc":{"start":{"line":433,"column":27},"end":{"line":433,"column":60}}},"19":{"name":"noop","line":435,"loc":{"start":{"line":435,"column":25},"end":{"line":435,"column":41}}},"20":{"name":"(anonymous_20)","line":437,"loc":{"start":{"line":437,"column":34},"end":{"line":437,"column":45}}},"21":{"name":"_initializeLifecycleManagement","line":466,"loc":{"start":{"line":466,"column":54},"end":{"line":466,"column":96}}},"22":{"name":"_generatePingId","line":474,"loc":{"start":{"line":474,"column":39},"end":{"line":474,"column":66}}},"23":{"name":"ping","line":485,"loc":{"start":{"line":485,"column":28},"end":{"line":485,"column":52}}},"24":{"name":"_receivePing","line":502,"loc":{"start":{"line":502,"column":36},"end":{"line":502,"column":65}}},"25":{"name":"close","line":530,"loc":{"start":{"line":530,"column":29},"end":{"line":530,"column":51}}},"26":{"name":"_receiveGoaway","line":548,"loc":{"start":{"line":548,"column":38},"end":{"line":548,"column":69}}},"27":{"name":"_initializeFlowControl","line":560,"loc":{"start":{"line":560,"column":46},"end":{"line":560,"column":80}}},"28":{"name":"(anonymous_28)","line":563,"loc":{"start":{"line":563,"column":24},"end":{"line":563,"column":41}}},"29":{"name":"noop","line":567,"loc":{"start":{"line":567,"column":49},"end":{"line":567,"column":65}}},"30":{"name":"_setInitialStreamWindowSize","line":577,"loc":{"start":{"line":577,"column":51},"end":{"line":577,"column":94}}},"31":{"name":"(anonymous_31)","line":584,"loc":{"start":{"line":584,"column":28},"end":{"line":584,"column":45}}}},"statementMap":{"1":{"start":{"line":1,"column":0},"end":{"line":1,"column":31}},"2":{"start":{"line":10,"column":0},"end":{"line":10,"column":34}},"3":{"start":{"line":12,"column":0},"end":{"line":12,"column":32}},"4":{"start":{"line":39,"column":0},"end":{"line":60,"column":1}},"5":{"start":{"line":41,"column":2},"end":{"line":41,"column":21}},"6":{"start":{"line":44,"column":2},"end":{"line":44,"column":53}},"7":{"start":{"line":47,"column":2},"end":{"line":47,"column":50}},"8":{"start":{"line":50,"column":2},"end":{"line":50,"column":40}},"9":{"start":{"line":53,"column":2},"end":{"line":53,"column":32}},"10":{"start":{"line":56,"column":2},"end":{"line":56,"column":47}},"11":{"start":{"line":59,"column":2},"end":{"line":59,"column":33}},"12":{"start":{"line":61,"column":0},"end":{"line":61,"column":93}},"13":{"start":{"line":97,"column":0},"end":{"line":97,"column":41}},"14":{"start":{"line":100,"column":0},"end":{"line":119,"column":2}},"15":{"start":{"line":104,"column":2},"end":{"line":104,"column":23}},"16":{"start":{"line":105,"column":2},"end":{"line":105,"column":30}},"17":{"start":{"line":108,"column":2},"end":{"line":108,"column":37}},"18":{"start":{"line":109,"column":2},"end":{"line":109,"column":31}},"19":{"start":{"line":112,"column":2},"end":{"line":112,"column":83}},"20":{"start":{"line":116,"column":2},"end":{"line":116,"column":35}},"21":{"start":{"line":117,"column":2},"end":{"line":117,"column":31}},"22":{"start":{"line":118,"column":2},"end":{"line":118,"column":80}},"23":{"start":{"line":123,"column":0},"end":{"line":132,"column":2}},"24":{"start":{"line":124,"column":2},"end":{"line":131,"column":3}},"25":{"start":{"line":126,"column":4},"end":{"line":126,"column":74}},"26":{"start":{"line":127,"column":4},"end":{"line":127,"column":33}},"27":{"start":{"line":129,"column":4},"end":{"line":129,"column":72}},"28":{"start":{"line":130,"column":4},"end":{"line":130,"column":41}},"29":{"start":{"line":135,"column":0},"end":{"line":142,"column":2}},"30":{"start":{"line":136,"column":2},"end":{"line":136,"column":85}},"31":{"start":{"line":137,"column":2},"end":{"line":137,"column":62}},"32":{"start":{"line":138,"column":2},"end":{"line":138,"column":37}},"33":{"start":{"line":139,"column":2},"end":{"line":141,"column":3}},"34":{"start":{"line":140,"column":4},"end":{"line":140,"column":24}},"35":{"start":{"line":144,"column":0},"end":{"line":154,"column":2}},"36":{"start":{"line":145,"column":2},"end":{"line":153,"column":3}},"37":{"start":{"line":146,"column":4},"end":{"line":147,"column":53}},"38":{"start":{"line":148,"column":4},"end":{"line":148,"column":63}},"39":{"start":{"line":149,"column":4},"end":{"line":149,"column":36}},"40":{"start":{"line":150,"column":4},"end":{"line":152,"column":5}},"41":{"start":{"line":151,"column":6},"end":{"line":151,"column":26}},"42":{"start":{"line":164,"column":0},"end":{"line":196,"column":2}},"43":{"start":{"line":166,"column":2},"end":{"line":182,"column":3}},"44":{"start":{"line":167,"column":4},"end":{"line":167,"column":28}},"45":{"start":{"line":168,"column":4},"end":{"line":168,"column":28}},"46":{"start":{"line":172,"column":7},"end":{"line":182,"column":3}},"47":{"start":{"line":173,"column":4},"end":{"line":173,"column":34}},"48":{"start":{"line":178,"column":4},"end":{"line":179,"column":51}},"49":{"start":{"line":180,"column":4},"end":{"line":180,"column":41}},"50":{"start":{"line":181,"column":4},"end":{"line":181,"column":21}},"51":{"start":{"line":184,"column":2},"end":{"line":184,"column":35}},"52":{"start":{"line":187,"column":2},"end":{"line":187,"column":77}},"53":{"start":{"line":188,"column":2},"end":{"line":188,"column":31}},"54":{"start":{"line":189,"column":2},"end":{"line":189,"column":17}},"55":{"start":{"line":190,"column":2},"end":{"line":190,"column":38}},"56":{"start":{"line":193,"column":2},"end":{"line":193,"column":62}},"57":{"start":{"line":195,"column":2},"end":{"line":195,"column":12}},"58":{"start":{"line":199,"column":0},"end":{"line":205,"column":2}},"59":{"start":{"line":200,"column":2},"end":{"line":200,"column":68}},"60":{"start":{"line":201,"column":2},"end":{"line":201,"column":41}},"61":{"start":{"line":202,"column":2},"end":{"line":202,"column":63}},"62":{"start":{"line":203,"column":2},"end":{"line":203,"column":65}},"63":{"start":{"line":204,"column":2},"end":{"line":204,"column":22}},"64":{"start":{"line":207,"column":0},"end":{"line":213,"column":2}},"65":{"start":{"line":208,"column":2},"end":{"line":212,"column":3}},"66":{"start":{"line":209,"column":4},"end":{"line":209,"column":50}},"67":{"start":{"line":211,"column":4},"end":{"line":211,"column":48}},"68":{"start":{"line":215,"column":0},"end":{"line":225,"column":2}},"69":{"start":{"line":216,"column":2},"end":{"line":216,"column":56}},"70":{"start":{"line":217,"column":2},"end":{"line":217,"column":37}},"71":{"start":{"line":218,"column":2},"end":{"line":218,"column":23}},"72":{"start":{"line":219,"column":2},"end":{"line":219,"column":26}},"73":{"start":{"line":220,"column":2},"end":{"line":222,"column":3}},"74":{"start":{"line":221,"column":4},"end":{"line":221,"column":52}},"75":{"start":{"line":224,"column":2},"end":{"line":224,"column":33}},"76":{"start":{"line":229,"column":0},"end":{"line":238,"column":2}},"77":{"start":{"line":230,"column":2},"end":{"line":230,"column":61}},"78":{"start":{"line":232,"column":2},"end":{"line":232,"column":37}},"79":{"start":{"line":233,"column":2},"end":{"line":233,"column":31}},"80":{"start":{"line":234,"column":2},"end":{"line":234,"column":33}},"81":{"start":{"line":235,"column":2},"end":{"line":235,"column":34}},"82":{"start":{"line":237,"column":2},"end":{"line":237,"column":16}},"83":{"start":{"line":241,"column":0},"end":{"line":249,"column":2}},"84":{"start":{"line":242,"column":2},"end":{"line":242,"column":51}},"85":{"start":{"line":245,"column":2},"end":{"line":245,"column":37}},"86":{"start":{"line":246,"column":2},"end":{"line":246,"column":33}},"87":{"start":{"line":248,"column":2},"end":{"line":248,"column":16}},"88":{"start":{"line":254,"column":0},"end":{"line":258,"column":2}},"89":{"start":{"line":255,"column":2},"end":{"line":255,"column":59}},"90":{"start":{"line":256,"column":2},"end":{"line":256,"column":30}},"91":{"start":{"line":257,"column":2},"end":{"line":257,"column":35}},"92":{"start":{"line":262,"column":0},"end":{"line":342,"column":2}},"93":{"start":{"line":264,"column":2},"end":{"line":266,"column":3}},"94":{"start":{"line":265,"column":4},"end":{"line":265,"column":11}},"95":{"start":{"line":269,"column":2},"end":{"line":277,"column":3}},"96":{"start":{"line":270,"column":4},"end":{"line":270,"column":32}},"97":{"start":{"line":272,"column":4},"end":{"line":275,"column":5}},"98":{"start":{"line":273,"column":6},"end":{"line":273,"column":33}},"99":{"start":{"line":274,"column":6},"end":{"line":274,"column":48}},"100":{"start":{"line":276,"column":4},"end":{"line":276,"column":11}},"101":{"start":{"line":279,"column":2},"end":{"line":279,"column":62}},"102":{"start":{"line":282,"column":0},"end":{"line":334,"column":3}},"103":{"start":{"line":283,"column":2},"end":{"line":334,"column":3}},"104":{"start":{"line":284,"column":4},"end":{"line":284,"column":50}},"105":{"start":{"line":285,"column":4},"end":{"line":285,"column":24}},"106":{"start":{"line":298,"column":4},"end":{"line":333,"column":5}},"107":{"start":{"line":299,"column":6},"end":{"line":329,"column":7}},"108":{"start":{"line":300,"column":8},"end":{"line":300,"column":35}},"109":{"start":{"line":301,"column":8},"end":{"line":301,"column":81}},"110":{"start":{"line":303,"column":8},"end":{"line":308,"column":9}},"111":{"start":{"line":304,"column":10},"end":{"line":304,"column":19}},"112":{"start":{"line":305,"column":15},"end":{"line":308,"column":9}},"113":{"start":{"line":306,"column":10},"end":{"line":306,"column":41}},"114":{"start":{"line":307,"column":10},"end":{"line":307,"column":19}},"115":{"start":{"line":310,"column":8},"end":{"line":310,"column":32}},"116":{"start":{"line":312,"column":8},"end":{"line":314,"column":9}},"117":{"start":{"line":313,"column":10},"end":{"line":313,"column":63}},"118":{"start":{"line":316,"column":8},"end":{"line":319,"column":9}},"119":{"start":{"line":317,"column":10},"end":{"line":317,"column":56}},"120":{"start":{"line":318,"column":10},"end":{"line":318,"column":74}},"121":{"start":{"line":321,"column":8},"end":{"line":321,"column":82}},"122":{"start":{"line":322,"column":8},"end":{"line":322,"column":42}},"123":{"start":{"line":323,"column":8},"end":{"line":323,"column":52}},"124":{"start":{"line":325,"column":8},"end":{"line":325,"column":36}},"125":{"start":{"line":326,"column":8},"end":{"line":328,"column":9}},"126":{"start":{"line":327,"column":10},"end":{"line":327,"column":30}},"127":{"start":{"line":331,"column":6},"end":{"line":331,"column":26}},"128":{"start":{"line":332,"column":6},"end":{"line":332,"column":22}},"129":{"start":{"line":337,"column":2},"end":{"line":339,"column":3}},"130":{"start":{"line":338,"column":4},"end":{"line":338,"column":47}},"131":{"start":{"line":341,"column":2},"end":{"line":341,"column":90}},"132":{"start":{"line":346,"column":0},"end":{"line":374,"column":2}},"133":{"start":{"line":347,"column":2},"end":{"line":347,"column":65}},"134":{"start":{"line":350,"column":2},"end":{"line":353,"column":3}},"135":{"start":{"line":351,"column":4},"end":{"line":351,"column":36}},"136":{"start":{"line":352,"column":4},"end":{"line":352,"column":38}},"137":{"start":{"line":356,"column":2},"end":{"line":356,"column":45}},"138":{"start":{"line":359,"column":2},"end":{"line":361,"column":3}},"139":{"start":{"line":360,"column":4},"end":{"line":360,"column":54}},"140":{"start":{"line":364,"column":2},"end":{"line":366,"column":3}},"141":{"start":{"line":365,"column":4},"end":{"line":365,"column":78}},"142":{"start":{"line":368,"column":2},"end":{"line":368,"column":58}},"143":{"start":{"line":371,"column":2},"end":{"line":371,"column":31}},"144":{"start":{"line":373,"column":2},"end":{"line":373,"column":9}},"145":{"start":{"line":379,"column":0},"end":{"line":380,"column":2}},"146":{"start":{"line":383,"column":0},"end":{"line":394,"column":2}},"147":{"start":{"line":385,"column":2},"end":{"line":385,"column":34}},"148":{"start":{"line":388,"column":2},"end":{"line":389,"column":88}},"149":{"start":{"line":390,"column":2},"end":{"line":390,"column":40}},"150":{"start":{"line":393,"column":2},"end":{"line":393,"column":45}},"151":{"start":{"line":397,"column":0},"end":{"line":404,"column":2}},"152":{"start":{"line":398,"column":2},"end":{"line":403,"column":3}},"153":{"start":{"line":399,"column":4},"end":{"line":399,"column":92}},"154":{"start":{"line":401,"column":4},"end":{"line":401,"column":97}},"155":{"start":{"line":402,"column":4},"end":{"line":402,"column":23}},"156":{"start":{"line":407,"column":0},"end":{"line":430,"column":2}},"157":{"start":{"line":409,"column":2},"end":{"line":429,"column":3}},"158":{"start":{"line":410,"column":4},"end":{"line":410,"column":54}},"159":{"start":{"line":411,"column":4},"end":{"line":413,"column":5}},"160":{"start":{"line":412,"column":6},"end":{"line":412,"column":17}},"161":{"start":{"line":418,"column":4},"end":{"line":425,"column":5}},"162":{"start":{"line":419,"column":6},"end":{"line":424,"column":9}},"163":{"start":{"line":426,"column":4},"end":{"line":428,"column":5}},"164":{"start":{"line":427,"column":6},"end":{"line":427,"column":59}},"165":{"start":{"line":433,"column":0},"end":{"line":454,"column":2}},"166":{"start":{"line":435,"column":2},"end":{"line":435,"column":44}},"167":{"start":{"line":436,"column":2},"end":{"line":436,"column":18}},"168":{"start":{"line":437,"column":2},"end":{"line":442,"column":5}},"169":{"start":{"line":438,"column":4},"end":{"line":440,"column":5}},"170":{"start":{"line":439,"column":6},"end":{"line":439,"column":56}},"171":{"start":{"line":441,"column":4},"end":{"line":441,"column":15}},"172":{"start":{"line":445,"column":2},"end":{"line":450,"column":5}},"173":{"start":{"line":451,"column":2},"end":{"line":453,"column":3}},"174":{"start":{"line":452,"column":4},"end":{"line":452,"column":49}},"175":{"start":{"line":466,"column":0},"end":{"line":471,"column":2}},"176":{"start":{"line":467,"column":2},"end":{"line":467,"column":19}},"177":{"start":{"line":468,"column":2},"end":{"line":468,"column":37}},"178":{"start":{"line":469,"column":2},"end":{"line":469,"column":41}},"179":{"start":{"line":470,"column":2},"end":{"line":470,"column":23}},"180":{"start":{"line":474,"column":0},"end":{"line":482,"column":2}},"181":{"start":{"line":475,"column":2},"end":{"line":480,"column":29}},"182":{"start":{"line":476,"column":4},"end":{"line":476,"column":16}},"183":{"start":{"line":477,"column":4},"end":{"line":479,"column":5}},"184":{"start":{"line":478,"column":6},"end":{"line":478,"column":54}},"185":{"start":{"line":481,"column":2},"end":{"line":481,"column":12}},"186":{"start":{"line":485,"column":0},"end":{"line":499,"column":2}},"187":{"start":{"line":486,"column":2},"end":{"line":486,"column":34}},"188":{"start":{"line":487,"column":2},"end":{"line":487,"column":35}},"189":{"start":{"line":488,"column":2},"end":{"line":488,"column":29}},"190":{"start":{"line":490,"column":2},"end":{"line":490,"column":51}},"191":{"start":{"line":491,"column":2},"end":{"line":498,"column":5}},"192":{"start":{"line":502,"column":0},"end":{"line":527,"column":2}},"193":{"start":{"line":503,"column":2},"end":{"line":526,"column":3}},"194":{"start":{"line":504,"column":4},"end":{"line":504,"column":40}},"195":{"start":{"line":505,"column":4},"end":{"line":514,"column":5}},"196":{"start":{"line":506,"column":6},"end":{"line":506,"column":76}},"197":{"start":{"line":507,"column":6},"end":{"line":507,"column":37}},"198":{"start":{"line":508,"column":6},"end":{"line":510,"column":7}},"199":{"start":{"line":509,"column":8},"end":{"line":509,"column":19}},"200":{"start":{"line":511,"column":6},"end":{"line":511,"column":29}},"201":{"start":{"line":513,"column":6},"end":{"line":513,"column":71}},"202":{"start":{"line":517,"column":4},"end":{"line":517,"column":61}},"203":{"start":{"line":518,"column":4},"end":{"line":525,"column":7}},"204":{"start":{"line":530,"column":0},"end":{"line":546,"column":2}},"205":{"start":{"line":531,"column":2},"end":{"line":534,"column":3}},"206":{"start":{"line":532,"column":4},"end":{"line":532,"column":67}},"207":{"start":{"line":533,"column":4},"end":{"line":533,"column":11}},"208":{"start":{"line":536,"column":2},"end":{"line":536,"column":62}},"209":{"start":{"line":537,"column":2},"end":{"line":543,"column":5}},"210":{"start":{"line":544,"column":2},"end":{"line":544,"column":18}},"211":{"start":{"line":545,"column":2},"end":{"line":545,"column":22}},"212":{"start":{"line":548,"column":0},"end":{"line":555,"column":2}},"213":{"start":{"line":549,"column":2},"end":{"line":549,"column":77}},"214":{"start":{"line":550,"column":2},"end":{"line":550,"column":18}},"215":{"start":{"line":551,"column":2},"end":{"line":551,"column":22}},"216":{"start":{"line":552,"column":2},"end":{"line":554,"column":3}},"217":{"start":{"line":553,"column":4},"end":{"line":553,"column":40}},"218":{"start":{"line":560,"column":0},"end":{"line":568,"column":2}},"219":{"start":{"line":562,"column":2},"end":{"line":562,"column":61}},"220":{"start":{"line":563,"column":2},"end":{"line":565,"column":5}},"221":{"start":{"line":564,"column":4},"end":{"line":564,"column":68}},"222":{"start":{"line":566,"column":2},"end":{"line":566,"column":86}},"223":{"start":{"line":567,"column":2},"end":{"line":567,"column":68}},"224":{"start":{"line":571,"column":0},"end":{"line":571,"column":39}},"225":{"start":{"line":577,"column":0},"end":{"line":588,"column":2}},"226":{"start":{"line":578,"column":2},"end":{"line":587,"column":3}},"227":{"start":{"line":579,"column":4},"end":{"line":579,"column":112}},"228":{"start":{"line":580,"column":4},"end":{"line":580,"column":45}},"229":{"start":{"line":582,"column":4},"end":{"line":582,"column":76}},"230":{"start":{"line":583,"column":4},"end":{"line":583,"column":41}},"231":{"start":{"line":584,"column":4},"end":{"line":586,"column":7}},"232":{"start":{"line":585,"column":6},"end":{"line":585,"column":45}}},"branchMap":{"1":{"line":124,"type":"if","locations":[{"start":{"line":124,"column":2},"end":{"line":124,"column":2}},{"start":{"line":124,"column":2},"end":{"line":124,"column":2}}]},"2":{"line":124,"type":"binary-expr","locations":[{"start":{"line":124,"column":7},"end":{"line":124,"column":32}},{"start":{"line":124,"column":38},"end":{"line":124,"column":59}},{"start":{"line":125,"column":7},"end":{"line":125,"column":30}},{"start":{"line":125,"column":36},"end":{"line":125,"column":66}}]},"3":{"line":136,"type":"binary-expr","locations":[{"start":{"line":136,"column":16},"end":{"line":136,"column":43}},{"start":{"line":136,"column":49},"end":{"line":136,"column":83}}]},"4":{"line":139,"type":"if","locations":[{"start":{"line":139,"column":2},"end":{"line":139,"column":2}},{"start":{"line":139,"column":2},"end":{"line":139,"column":2}}]},"5":{"line":145,"type":"if","locations":[{"start":{"line":145,"column":2},"end":{"line":145,"column":2}},{"start":{"line":145,"column":2},"end":{"line":145,"column":2}}]},"6":{"line":148,"type":"binary-expr","locations":[{"start":{"line":148,"column":18},"end":{"line":148,"column":45}},{"start":{"line":148,"column":51},"end":{"line":148,"column":61}}]},"7":{"line":150,"type":"if","locations":[{"start":{"line":150,"column":4},"end":{"line":150,"column":4}},{"start":{"line":150,"column":4},"end":{"line":150,"column":4}}]},"8":{"line":166,"type":"if","locations":[{"start":{"line":166,"column":2},"end":{"line":166,"column":2}},{"start":{"line":166,"column":2},"end":{"line":166,"column":2}}]},"9":{"line":172,"type":"if","locations":[{"start":{"line":172,"column":7},"end":{"line":172,"column":7}},{"start":{"line":172,"column":7},"end":{"line":172,"column":7}}]},"10":{"line":172,"type":"binary-expr","locations":[{"start":{"line":172,"column":12},"end":{"line":172,"column":41}},{"start":{"line":172,"column":47},"end":{"line":172,"column":82}}]},"11":{"line":208,"type":"if","locations":[{"start":{"line":208,"column":2},"end":{"line":208,"column":2}},{"start":{"line":208,"column":2},"end":{"line":208,"column":2}}]},"12":{"line":220,"type":"if","locations":[{"start":{"line":220,"column":2},"end":{"line":220,"column":2}},{"start":{"line":220,"column":2},"end":{"line":220,"column":2}}]},"13":{"line":264,"type":"if","locations":[{"start":{"line":264,"column":2},"end":{"line":264,"column":2}},{"start":{"line":264,"column":2},"end":{"line":264,"column":2}}]},"14":{"line":269,"type":"if","locations":[{"start":{"line":269,"column":2},"end":{"line":269,"column":2}},{"start":{"line":269,"column":2},"end":{"line":269,"column":2}}]},"15":{"line":272,"type":"if","locations":[{"start":{"line":272,"column":4},"end":{"line":272,"column":4}},{"start":{"line":272,"column":4},"end":{"line":272,"column":4}}]},"16":{"line":301,"type":"cond-expr","locations":[{"start":{"line":301,"column":62},"end":{"line":301,"column":74}},{"start":{"line":301,"column":77},"end":{"line":301,"column":79}}]},"17":{"line":303,"type":"if","locations":[{"start":{"line":303,"column":8},"end":{"line":303,"column":8}},{"start":{"line":303,"column":8},"end":{"line":303,"column":8}}]},"18":{"line":305,"type":"if","locations":[{"start":{"line":305,"column":15},"end":{"line":305,"column":15}},{"start":{"line":305,"column":15},"end":{"line":305,"column":15}}]},"19":{"line":312,"type":"if","locations":[{"start":{"line":312,"column":8},"end":{"line":312,"column":8}},{"start":{"line":312,"column":8},"end":{"line":312,"column":8}}]},"20":{"line":313,"type":"binary-expr","locations":[{"start":{"line":313,"column":25},"end":{"line":313,"column":34}},{"start":{"line":313,"column":38},"end":{"line":313,"column":62}}]},"21":{"line":316,"type":"if","locations":[{"start":{"line":316,"column":8},"end":{"line":316,"column":8}},{"start":{"line":316,"column":8},"end":{"line"
[...]
":29}},"145":{"start":{"line":403,"column":0},"end":{"line":403,"column":25}},"146":{"start":{"line":405,"column":0},"end":{"line":405,"column":47}},"147":{"start":{"line":415,"column":0},"end":{"line":419,"column":2}},"148":{"start":{"line":416,"column":2},"end":{"line":416,"column":29}},"149":{"start":{"line":417,"column":2},"end":{"line":417,"column":42}},"150":{"start":{"line":418,"column":2},"end":{"line":418,"column":23}},"151":{"start":{"line":421,"column":0},"end":{"line":423,"column":2}},"152":{"start":{"line":422,"column":2},"end":{"line":422,"column":42}},"153":{"start":{"line":432,"column":0},"end":{"line":432,"column":31}},"154":{"start":{"line":434,"column":0},"end":{"line":434,"column":27}},"155":{"start":{"line":436,"column":0},"end":{"line":436,"column":46}},"156":{"start":{"line":447,"column":0},"end":{"line":453,"column":2}},"157":{"start":{"line":448,"column":2},"end":{"line":448,"column":29}},"158":{"start":{"line":449,"column":2},"end":{"line":449,"column":45}},"159":{"start":{"line":450,"column":2},"end":{"line":450,"column":52}},"160":{"start":{"line":451,"column":2},"end":{"line":451,"column":32}},"161":{"start":{"line":452,"column":2},"end":{"line":452,"column":23}},"162":{"start":{"line":455,"column":0},"end":{"line":457,"column":2}},"163":{"start":{"line":456,"column":2},"end":{"line":456,"column":51}},"164":{"start":{"line":470,"column":0},"end":{"line":470,"column":29}},"165":{"start":{"line":472,"column":0},"end":{"line":472,"column":30}},"166":{"start":{"line":474,"column":0},"end":{"line":474,"column":47}},"167":{"start":{"line":494,"column":0},"end":{"line":512,"column":2}},"168":{"start":{"line":495,"column":2},"end":{"line":495,"column":64}},"169":{"start":{"line":496,"column":2},"end":{"line":502,"column":5}},"170":{"start":{"line":497,"column":4},"end":{"line":501,"column":5}},"171":{"start":{"line":498,"column":6},"end":{"line":498,"column":65}},"172":{"start":{"line":499,"column":6},"end":{"line":499,"column":47}},"173":{"start":{"line":500,"column":6},"end":{"line":500,"column":78}},"174":{"start":{"line":503,"column":2},"end":{"line":503,"column":84}},"175":{"start":{"line":505,"column":2},"end":{"line":505,"column":47}},"176":{"start":{"line":506,"column":2},"end":{"line":509,"column":3}},"177":{"start":{"line":507,"column":4},"end":{"line":507,"column":50}},"178":{"start":{"line":508,"column":4},"end":{"line":508,"column":53}},"179":{"start":{"line":511,"column":2},"end":{"line":511,"column":23}},"180":{"start":{"line":514,"column":0},"end":{"line":541,"column":2}},"181":{"start":{"line":515,"column":2},"end":{"line":515,"column":22}},"182":{"start":{"line":520,"column":2},"end":{"line":522,"column":3}},"183":{"start":{"line":521,"column":4},"end":{"line":521,"column":30}},"184":{"start":{"line":524,"column":2},"end":{"line":526,"column":3}},"185":{"start":{"line":525,"column":4},"end":{"line":525,"column":28}},"186":{"start":{"line":527,"column":2},"end":{"line":540,"column":3}},"187":{"start":{"line":528,"column":4},"end":{"line":528,"column":42}},"188":{"start":{"line":529,"column":4},"end":{"line":529,"column":38}},"189":{"start":{"line":530,"column":4},"end":{"line":539,"column":5}},"190":{"start":{"line":531,"column":6},"end":{"line":533,"column":7}},"191":{"start":{"line":532,"column":8},"end":{"line":532,"column":67}},"192":{"start":{"line":534,"column":6},"end":{"line":534,"column":47}},"193":{"start":{"line":535,"column":6},"end":{"line":535,"column":81}},"194":{"start":{"line":538,"column":6},"end":{"line":538,"column":55}},"195":{"start":{"line":544,"column":0},"end":{"line":544,"column":25}},"196":{"start":{"line":549,"column":0},"end":{"line":549,"column":73}},"197":{"start":{"line":555,"column":0},"end":{"line":555,"column":66}},"198":{"start":{"line":559,"column":0},"end":{"line":559,"column":78}},"199":{"start":{"line":563,"column":0},"end":{"line":563,"column":75}},"200":{"start":{"line":577,"column":0},"end":{"line":577,"column":33}},"201":{"start":{"line":579,"column":0},"end":{"line":579,"column":73}},"202":{"start":{"line":581,"column":0},"end":{"line":581,"column":77}},"203":{"start":{"line":595,"column":0},"end":{"line":604,"column":2}},"204":{"start":{"line":596,"column":2},"end":{"line":596,"column":29}},"205":{"start":{"line":598,"column":2},"end":{"line":598,"column":46}},"206":{"start":{"line":599,"column":2},"end":{"line":599,"column":85}},"207":{"start":{"line":600,"column":2},"end":{"line":600,"column":43}},"208":{"start":{"line":602,"column":2},"end":{"line":602,"column":23}},"209":{"start":{"line":603,"column":2},"end":{"line":603,"column":27}},"210":{"start":{"line":606,"column":0},"end":{"line":609,"column":2}},"211":{"start":{"line":607,"column":2},"end":{"line":607,"column":62}},"212":{"start":{"line":608,"column":2},"end":{"line":608,"column":31}},"213":{"start":{"line":622,"column":0},"end":{"line":622,"column":25}},"214":{"start":{"line":624,"column":0},"end":{"line":624,"column":26}},"215":{"start":{"line":626,"column":0},"end":{"line":626,"column":39}},"216":{"start":{"line":630,"column":0},"end":{"line":632,"column":2}},"217":{"start":{"line":631,"column":2},"end":{"line":631,"column":27}},"218":{"start":{"line":634,"column":0},"end":{"line":639,"column":2}},"219":{"start":{"line":635,"column":2},"end":{"line":637,"column":3}},"220":{"start":{"line":636,"column":4},"end":{"line":636,"column":30}},"221":{"start":{"line":638,"column":2},"end":{"line":638,"column":22}},"222":{"start":{"line":648,"column":0},"end":{"line":648,"column":27}},"223":{"start":{"line":650,"column":0},"end":{"line":650,"column":23}},"224":{"start":{"line":652,"column":0},"end":{"line":652,"column":57}},"225":{"start":{"line":669,"column":0},"end":{"line":681,"column":2}},"226":{"start":{"line":670,"column":2},"end":{"line":670,"column":29}},"227":{"start":{"line":672,"column":2},"end":{"line":672,"column":38}},"228":{"start":{"line":673,"column":2},"end":{"line":673,"column":73}},"229":{"start":{"line":674,"column":2},"end":{"line":674,"column":39}},"230":{"start":{"line":676,"column":2},"end":{"line":676,"column":45}},"231":{"start":{"line":677,"column":2},"end":{"line":677,"column":52}},"232":{"start":{"line":678,"column":2},"end":{"line":678,"column":32}},"233":{"start":{"line":680,"column":2},"end":{"line":680,"column":23}},"234":{"start":{"line":683,"column":0},"end":{"line":686,"column":2}},"235":{"start":{"line":684,"column":2},"end":{"line":684,"column":58}},"236":{"start":{"line":685,"column":2},"end":{"line":685,"column":51}},"237":{"start":{"line":695,"column":0},"end":{"line":695,"column":34}},"238":{"start":{"line":697,"column":0},"end":{"line":697,"column":30}},"239":{"start":{"line":699,"column":0},"end":{"line":699,"column":55}},"240":{"start":{"line":706,"column":0},"end":{"line":714,"column":2}},"241":{"start":{"line":707,"column":2},"end":{"line":707,"column":29}},"242":{"start":{"line":709,"column":2},"end":{"line":709,"column":38}},"243":{"start":{"line":710,"column":2},"end":{"line":710,"column":73}},"244":{"start":{"line":711,"column":2},"end":{"line":711,"column":39}},"245":{"start":{"line":713,"column":2},"end":{"line":713,"column":23}},"246":{"start":{"line":716,"column":0},"end":{"line":721,"column":2}},"247":{"start":{"line":717,"column":2},"end":{"line":719,"column":3}},"248":{"start":{"line":718,"column":4},"end":{"line":718,"column":30}},"249":{"start":{"line":720,"column":2},"end":{"line":720,"column":58}},"250":{"start":{"line":740,"column":0},"end":{"line":740,"column":33}},"251":{"start":{"line":742,"column":0},"end":{"line":742,"column":104}},"252":{"start":{"line":744,"column":0},"end":{"line":744,"column":58}},"253":{"start":{"line":746,"column":0},"end":{"line":748,"column":2}},"254":{"start":{"line":747,"column":2},"end":{"line":747,"column":27}},"255":{"start":{"line":750,"column":0},"end":{"line":768,"column":2}},"256":{"start":{"line":751,"column":2},"end":{"line":751,"column":21}},"257":{"start":{"line":752,"column":2},"end":{"line":752,"column":24}},"258":{"start":{"line":753,"column":2},"end":{"line":762,"column":3}},"259":{"start":{"line":754,"column":4},"end":{"line":757,"column":5}},"260":{"start":{"line":755,"column":6},"end":{"line":755,"column":66}},"261":{"start":{"line":756,"column":6},"end":{"line":756,"column":22}},"262":{"start":{"line":758,"column":4},"end":{"line":758,"column":59}},"263":{"start":{"line":759,"column":4},"end":{"line":759,"column":20}},"264":{"start":{"line":760,"column":9},"end":{"line":762,"column":3}},"265":{"start":{"line":761,"column":4},"end":{"line":761,"column":61}},"266":{"start":{"line":763,"column":2},"end":{"line":767,"column":3}},"267":{"start":{"line":764,"column":4},"end":{"line":764,"column":62}},"268":{"start":{"line":766,"column":4},"end":{"line":766,"column":42}},"269":{"start":{"line":773,"column":0},"end":{"line":785,"column":2}},"270":{"start":{"line":786,"column":0},"end":{"line":786,"column":38}},"271":{"start":{"line":793,"column":0},"end":{"line":793,"column":25}},"272":{"start":{"line":797,"column":0},"end":{"line":797,"column":21}},"273":{"start":{"line":798,"column":0},"end":{"line":836,"column":2}},"274":{"start":{"line":799,"column":2},"end":{"line":801,"column":3}},"275":{"start":{"line":800,"column":4},"end":{"line":800,"column":16}},"276":{"start":{"line":803,"column":2},"end":{"line":805,"column":3}},"277":{"start":{"line":804,"column":4},"end":{"line":804,"column":20}},"278":{"start":{"line":807,"column":2},"end":{"line":807,"column":26}},"279":{"start":{"line":808,"column":2},"end":{"line":808,"column":20}},"280":{"start":{"line":810,"column":2},"end":{"line":810,"column":34}},"281":{"start":{"line":811,"column":2},"end":{"line":813,"column":5}},"282":{"start":{"line":812,"column":4},"end":{"line":812,"column":33}},"283":{"start":{"line":815,"column":2},"end":{"line":825,"column":3}},"284":{"start":{"line":816,"column":4},"end":{"line":820,"column":5}},"285":{"start":{"line":817,"column":6},"end":{"line":817,"column":70}},"286":{"start":{"line":819,"column":6},"end":{"line":819,"column":49}},"287":{"start":{"line":822,"column":4},"end":{"line":824,"column":5}},"288":{"start":{"line":823,"column":6},"end":{"line":823,"column":42}},"289":{"start":{"line":827,"column":2},"end":{"line":829,"column":3}},"290":{"start":{"line":828,"column":4},"end":{"line":828,"column":68}},"291":{"start":{"line":831,"column":2},"end":{"line":833,"column":5}},"292":{"start":{"line":832,"column":4},"end":{"line":832,"column":38}},"293":{"start":{"line":835,"column":2},"end":{"line":835,"column":18}},"294":{"start":{"line":839,"column":0},"end":{"line":841,"column":2}},"295":{"start":{"line":840,"column":2},"end":{"line":840,"column":30}}},"branchMap":{"1":{"line":30,"type":"binary-expr","locations":[{"start":{"line":30,"column":20},"end":{"line":30,"column":29}},{"start":{"line":30,"column":33},"end":{"line":30,"column":49}}]},"2":{"line":50,"type":"if","locations":[{"start":{"line":50,"column":4},"end":{"line":50,"column":4}},{"start":{"line":50,"column":4},"end":{"line":50,"column":4}}]},"3":{"line":73,"type":"binary-expr","locations":[{"start":{"line":73,"column":20},"end":{"line":73,"column":29}},{"start":{"line":73,"column":33},"end":{"line":73,"column":49}}]},"4":{"line":88,"type":"if","locations":[{"start":{"line":88,"column":2},"end":{"line":88,"column":2}},{"start":{"line":88,"column":2},"end":{"line":88,"column":2}}]},"5":{"line":98,"type":"if","locations":[{"start":{"line":98,"column":2},"end":{"line":98,"column":2}},{"start":{"line":98,"column":2},"end":{"line":98,"column":2}}]},"6":{"line":115,"type":"if","locations":[{"start":{"line":115,"column":4},"end":{"line":115,"column":4}},{"start":{"line":115,"column":4},"end":{"line":115,"column":4}}]},"7":{"line":115,"type":"binary-expr","locations":[{"start":{"line":115,"column":9},"end":{"line":115,"column":45}},{"start":{"line":115,"column":50},"end":{"line":115,"column":72}}]},"8":{"line":117,"type":"if","locations":[{"start":{"line":117,"column":6},"end":{"line":117,"column":6}},{"start":{"line":117,"column":6},"end":{"line":117,"column":6}}]},"9":{"line":130,"type":"if","locations":[{"start":{"line":130,"column":4},"end":{"line":130,"column":4}},{"start":{"line":130,"column":4},"end":{"line":130,"column":4}}]},"10":{"line":130,"type":"binary-expr","locations":[{"start":{"line":130,"column":9},"end":{"line":130,"column":45}},{"start":{"line":130,"column":50},"end":{"line":130,"column":73}}]},"11":{"line":131,"type":"if","locations":[{"start":{"line":131,"column":6},"end":{"line":131,"column":6}},{"start":{"line":131,"column":6},"end":{"line":131,"column":6}}]},"12":{"line":133,"type":"if","locations":[{"start":{"line":133,"column":8},"end":{"line":133,"column":8}},{"start":{"line":133,"column":8},"end":{"line":133,"column":8}}]},"13":{"line":226,"type":"if","locations":[{"start":{"line":226,"column":4},"end":{"line":226,"column":4}},{"start":{"line":226,"column":4},"end":{"line":226,"column":4}}]},"14":{"line":232,"type":"binary-expr","locations":[{"start":{"line":232,"column":10},"end":{"line":232,"column":27}},{"start":{"line":232,"column":33},"end":{"line":232,"column":58}}]},"15":{"line":233,"type":"binary-expr","locations":[{"start":{"line":233,"column":29},"end":{"line":233,"column":41}},{"start":{"line":233,"column":45},"end":{"line":233,"column":46}}]},"16":{"line":300,"type":"if","locations":[{"start":{"line":300,"column":2},"end":{"line":300,"column":2}},{"start":{"line":300,"column":2},"end":{"line":300,"column":2}}]},"17":{"line":301,"type":"if","locations":[{"start":{"line":301,"column":4},"end":{"line":301,"column":4}},{"start":{"line":301,"column":4},"end":{"line":301,"column":4}}]},"18":{"line":307,"type":"if","locations":[{"start":{"line":307,"column":9},"end":{"line":307,"column":9}},{"start":{"line":307,"column":9},"end":{"line":307,"column":9}}]},"19":{"line":310,"type":"if","locations":[{"start":{"line":310,"column":2},"end":{"line":310,"column":2}},{"start":{"line":310,"column":2},"end":{"line":310,"column":2}}]},"20":{"line":361,"type":"if","locations":[{"start":{"line":361,"column":2},"end":{"line":361,"column":2}},{"start":{"line":361,"column":2},"end":{"line":361,"column":2}}]},"21":{"line":363,"type":"binary-expr","locations":[{"start":{"line":363,"column":12},"end":{"line":363,"column":31}},{"start":{"line":363,"column":37},"end":{"line":363,"column":65}}]},"22":{"line":373,"type":"if","locations":[{"start":{"line":373,"column":2},"end":{"line":373,"column":2}},{"start":{"line":373,"column":2},"end":{"line":373,"column":2}}]},"23":{"line":374,"type":"if","locations":[{"start":{"line":374,"column":4},"end":{"line":374,"column":4}},{"start":{"line":374,"column":4},"end":{"line":374,"column":4}}]},"24":{"line":380,"type":"if","locations":[{"start":{"line":380,"column":9},"end":{"line":380,"column":9}},{"start":{"line":380,"column":9},"end":{"line":380,"column":9}}]},"25":{"line":383,"type":"if","locations":[{"start":{"line":383,"column":2},"end":{"line":383,"column":2}},{"start":{"line":383,"column":2},"end":{"line":383,"column":2}}]},"26":{"line":387,"type":"if","locations":[{"start":{"line":387,"column":2},"end":{"line":387,"column":2}},{"start":{"line":387,"column":2},"end":{"line":387,"column":2}}]},"27":{"line":450,"type":"binary-expr","locations":[{"start":{"line":450,"column":10},"end":{"line":450,"column":19}},{"start":{"line":450,"column":25},"end":{"line":450,"column":43}}]},"28":{"line":497,"type":"if","locations":[{"start":{"line":497,"column":4},"end":{"line":497,"column":4}},{"start":{"line":497,"column":4},"end":{"line":497,"column":4}}]},"29":{"line":500,"type":"cond-expr","locations":[{"start":{"line":500,"column":52},"end":{"line":500,"column":66}},{"start":{"line":500,"column":69},"end":{"line":500,"column":74}}]},"30":{"line":520,"type":"if","locations":[{"start":{"line":520,"column":2},"end":{"line":520,"column":2}},{"start":{"line":520,"column":2},"end":{"line":520,"column":2}}]},"31":{"line":520,"type":"binary-expr","locations":[{"start":{"line":520,"column":5},"end":{"line":520,"column":20}},{"start":{"line":520,"column":24},"end":{"line":520,"column":42}}]},"32":{"line":524,"type":"if","locations":[{"start":{"line":524,"column":2},"end":{"line":524,"column":2}},{"start":{"line":524,"column":2},"end":{"line":524,"column":2}}]},"33":{"line":530,"type":"if","locations":[{"start":{"line":530,"column":4},"end":{"line":530,"column":4}},{"start":{"line":530,"column":4},"end":{"line":530,"column":4}}]},"34":{"line":531,"type":"if","locations":[{"start":{"line":531,"column":6},"end":{"line":531,"column":6}},{"start":{"line":531,"column":6},"end":{"line":531,"column":6}}]},"35":{"line":531,"type":"binary-expr","locations":[{"start":{"line":531,"column":10},"end":{"line":531,"column":26}},{"start":{"line":531,"column":30},"end":{"line":531,"column":68}}]},"36":{"line":535,"type":"cond-expr","locations":[{"start":{"line":535,"column":52},"end":{"line":535,"column":72}},{"start":{"line":535,"column":75},"end":{"line":535,"column":80}}]},"37":{"line":599,"type":"binary-expr","locations":[{"start":{"line":599,"column":10},"end":{"line":599,"column":30}},{"start":{"line":599,"column":36},"end":{"line":599,"column":65}}]},"38":{"line":635,"type":"if","locations":[{"start":{"line":635,"column":2},"end":{"line":635,"column":2}},{"start":{"line":635,"column":2},"end":{"line":635,"column":2}}]},"39":{"line":673,"type":"binary-expr","locations":[{"start":{"line":673,"column":10},"end":{"line":673,"column":26}},{"start":{"line":673,"column":32},"end":{"line":673,"column":57}}]},"40":{"line":677,"type":"binary-expr","locations":[{"start":{"line":677,"column":10},"end":{"line":677,"column":19}},{"start":{"line":677,"column":25},"end":{"line":677,"column":43}}]},"41":{"line":710,"type":"binary-expr","locations":[{"start":{"line":710,"column":10},"end":{"line":710,"column":26}},{"start":{"line":710,"column":32},"end":{"line":710,"column":57}}]},"42":{"line":717,"type":"if","locations":[{"start":{"line":717,"column":2},"end":{"line":717,"column":2}},{"start":{"line":717,"column":2},"end":{"line":717,"column":2}}]},"43":{"line":753,"type":"if","locations":[{"start":{"line":753,"column":2},"end":{"line":753,"column":2}},{"start":{"line":753,"column":2},"end":{"line":753,"column":2}}]},"44":{"line":754,"type":"if","locations":[{"start":{"line":754,"column":4},"end":{"line":754,"column":4}},{"start":{"line":754,"column":4},"end":{"line":754,"column":4}}]},"45":{"line":760,"type":"if","locations":[{"start":{"line":760,"column":9},"end":{"line":760,"column":9}},{"start":{"line":760,"column":9},"end":{"line":760,"column":9}}]},"46":{"line":763,"type":"if","locations":[{"start":{"line":763,"column":2},"end":{"line":763,"column":2}},{"start":{"line":763,"column":2},"end":{"line":763,"column":2}}]},"47":{"line":799,"type":"if","locations":[{"start":{"line":799,"column":2},"end":{"line":799,"column":2}},{"start":{"line":799,"column":2},"end":{"line":799,"column":2}}]},"48":{"line":803,"type":"if","locations":[{"start":{"line":803,"column":2},"end":{"line":803,"column":2}},{"start":{"line":803,"column":2},"end":{"line":803,"column":2}}]},"49":{"line":815,"type":"if","locations":[{"start":{"line":815,"column":2},"end":{"line":815,"column":2}},{"start":{"line":815,"column":2},"end":{"line":815,"column":2}}]},"50":{"line":816,"type":"if","locations":[{"start":{"line":816,"column":4},"end":{"line":816,"column":4}},{"start":{"line":816,"column":4},"end":{"line":816,"column":4}}]},"51":{"line":822,"type":"if","locations":[{"start":{"line":822,"column":4},"end":{"line":822,"column":4}},{"start":{"line":822,"column":4},"end":{"line":822,"column":4}}]},"52":{"line":827,"type":"if","locations":[{"start":{"line":827,"column":2},"end":{"line":827,"column":2}},{"start":{"line":827,"column":2},"end":{"line":827,"column":2}}]},"53":{"line":831,"type":"binary-expr","locations":[{"start":{"line":831,"column":31},"end":{"line":831,"column":42}},{"start":{"line":831,"column":46},"end":{"line":831,"column":48}}]}}}}