TN:
SF:/data/upstream/node-http2-protocol/lib/compressor.js
FN:40,HeaderTable
FN:78,entryFromPair
FN:97,size
FN:119,_enforceLimit
FN:131,(anonymous_5)
FN:144,setSizeLimit
FN:232,HeaderSetDecompressor
FN:243,_transform
FN:270,_execute
FN:350,_flush
FN:384,HeaderSetCompressor
FN:392,send
FN:405,_transform
FN:512,_flush
FN:543,writeInteger
FN:584,readInteger
FN:606,HuffmanTable
FN:607,createTree
FN:630,(anonymous_19)
FN:633,(anonymous_20)
FN:638,encode
FN:642,add
FN:683,decode
FN:1001,writeString
FN:1017,readString
FN:1122,writeHeader
FN:1165,readHeader
FN:1244,Compressor
FN:1254,setTableSizeLimit
FN:1261,compress
FN:1273,(anonymous_31)
FN:1306,_transform
FN:1359,Decompressor
FN:1372,setTableSizeLimit
FN:1379,decompress
FN:1415,_transform
FN:1444,(anonymous_37)
FN:1465,concat
FN:1480,cut
FN:1491,trim
FNF:40
FNH:37
FNDA:14,HeaderTable
FNDA:940,entryFromPair
FNDA:940,size
FNDA:62,_enforceLimit
FNDA:62,(anonymous_5)
FNDA:0,setSizeLimit
FNDA:24,HeaderSetDecompressor
FNDA:24,_transform
FNDA:136,_execute
FNDA:24,_flush
FNDA:20,HeaderSetCompressor
FNDA:122,send
FNDA:112,_transform
FNDA:20,_flush
FNDA:210,writeInteger
FNDA:235,readInteger
FNDA:1,HuffmanTable
FNDA:513,createTree
FNDA:257,(anonymous_19)
FNDA:257,(anonymous_20)
FNDA:96,encode
FNDA:113300,add
FNDA:98,decode
FNDA:66,writeString
FNDA:77,readString
FNDA:141,writeHeader
FNDA:155,readHeader
FNDA:6,Compressor
FNDA:0,setTableSizeLimit
FNDA:20,compress
FNDA:4,(anonymous_31)
FNDA:16,_transform
FNDA:8,Decompressor
FNDA:0,setTableSizeLimit
FNDA:24,decompress
FNDA:16,_transform
FNDA:10,(anonymous_37)
FNDA:54,concat
FNDA:10,cut
FNDA:20,trim
DA:18,1
DA:19,1
DA:20,1
DA:21,1
DA:22,1
DA:23,1
DA:25,1
DA:26,1
DA:27,1
DA:40,1
DA:41,14
DA:42,14
DA:43,14
DA:44,14
DA:45,14
DA:46,14
DA:47,14
DA:48,14
DA:49,14
DA:78,1
DA:79,940
DA:80,940
DA:81,940
DA:82,940
DA:83,940
DA:84,940
DA:95,1
DA:97,1
DA:98,940
DA:119,1
DA:120,62
DA:121,62
DA:122,62
DA:123,0
DA:124,0
DA:125,0
DA:126,0
DA:128,62
DA:131,1
DA:132,62
DA:133,62
DA:135,62
DA:136,62
DA:137,62
DA:140,62
DA:144,1
DA:145,0
DA:146,0
DA:157,1
DA:231,1
DA:232,1
DA:233,24
DA:235,24
DA:236,24
DA:237,24
DA:243,1
DA:244,24
DA:245,24
DA:270,1
DA:271,136
DA:274,136
DA:276,136
DA:277,0
DA:278,0
DA:279,0
DA:282,0
DA:299,136
DA:300,86
DA:301,86
DA:303,86
DA:304,50
DA:308,36
DA:309,36
DA:311,36
DA:312,10
DA:313,10
DA:316,36
DA:317,36
DA:329,50
DA:330,41
DA:332,9
DA:335,50
DA:336,26
DA:337,26
DA:338,26
DA:339,26
DA:342,50
DA:350,1
DA:351,24
DA:354,24
DA:355,24
DA:356,136
DA:360,24
DA:361,1710
DA:362,1710
DA:363,46
DA:365,1710
DA:368,24
DA:383,1
DA:384,1
DA:385,20
DA:387,20
DA:388,20
DA:389,20
DA:392,1
DA:393,122
DA:396,122
DA:397,122
DA:399,122
DA:405,1
DA:406,112
DA:407,112
DA:408,112
DA:411,112
DA:412,112
DA:413,3384
DA:414,3384
DA:415,132
DA:416,72
DA:417,72
DA:418,60
DA:419,46
DA:424,112
DA:450,112
DA:451,72
DA:453,72
DA:454,36
DA:455,10
DA:456,10
DA:458,36
DA:459,36
DA:460,36
DA:463,36
DA:464,0
DA:465,0
DA:466,0
DA:467,0
DA:468,0
DA:469,0
DA:472,36
DA:473,0
DA:474,0
DA:478,36
DA:484,40
DA:485,40
DA:487,40
DA:489,40
DA:490,16
DA:491,16
DA:492,16
DA:493,0
DA:494,0
DA:495,0
DA:496,0
DA:497,0
DA:498,0
DA:503,40
DA:506,112
DA:512,1
DA:514,20
DA:515,1436
DA:516,1436
DA:517,46
DA:518,46
DA:520,1436
DA:521,1436
DA:524,20
DA:543,1
DA:544,210
DA:545,210
DA:546,180
DA:549,30
DA:550,30
DA:551,28
DA:553,30
DA:555,30
DA:556,30
DA:557,36
DA:558,36
DA:560,36
DA:561,6
DA:563,36
DA:565,36
DA:568,30
DA:584,1
DA:585,235
DA:587,235
DA:588,235
DA:589,233
DA:592,235
DA:593,30
DA:594,30
DA:595,36
DA:596,36
DA:597,36
DA:601,235
DA:606,1
DA:607,1
DA:608,513
DA:609,257
DA:613,256
DA:614,256
DA:615,256
DA:616,256
DA:617,4915
DA:618,4915
DA:619,794
DA:621,4121
DA:624,256
DA:628,1
DA:630,1
DA:631,257
DA:633,1
DA:634,257
DA:638,1
DA:639,96
DA:640,96
DA:642,1
DA:643,113300
DA:644,48269
DA:646,65031
DA:650,96
DA:651,73809
DA:652,73809
DA:653,73809
DA:655,73809
DA:656,113211
DA:657,73809
DA:658,73809
DA:659,73809
DA:660,73809
DA:662,39402
DA:663,39402
DA:664,39402
DA:665,39402
DA:666,39402
DA:667,39402
DA:670,113211
DA:671,48180
DA:676,96
DA:677,89
DA:680,96
DA:683,1
DA:684,98
DA:685,98
DA:687,98
DA:688,48262
DA:690,48262
DA:691,386096
DA:692,386096
DA:694,386096
DA:695,386096
DA:696,73862
DA:697,73862
DA:702,98
DA:710,1
DA:1001,1
DA:1002,66
DA:1004,66
DA:1005,66
DA:1006,59
DA:1007,59
DA:1008,59
DA:1012,7
DA:1013,7
DA:1017,1
DA:1018,77
DA:1019,77
DA:1020,77
DA:1021,77
DA:1022,77
DA:1114,1
DA:1122,1
DA:1123,141
DA:1125,141
DA:1126,2
DA:1127,139
DA:1128,86
DA:1129,53
DA:1130,25
DA:1131,28
DA:1132,22
DA:1134,6
DA:1137,141
DA:1138,2
DA:1139,1
DA:1140,1
DA:1142,1
DA:1146,139
DA:1147,86
DA:1151,53
DA:1152,42
DA:1154,11
DA:1155,11
DA:1157,53
DA:1160,141
DA:1162,141
DA:1165,1
DA:1166,155
DA:1168,155
DA:1169,155
DA:1170,90
DA:1171,65
DA:1172,35
DA:1173,30
DA:1174,2
DA:1175,28
DA:1176,22
DA:1178,6
DA:1181,155
DA:1182,155
DA:1183,155
DA:1184,155
DA:1185,155
DA:1186,155
DA:1188,155
DA:1189,2
DA:1190,2
DA:1191,1
DA:1192,1
DA:1194,1
DA:1198,153
DA:1199,90
DA:1203,63
DA:1204,63
DA:1205,12
DA:1207,63
DA:1208,63
DA:1209,63
DA:1212,155
DA:1237,1
DA:1243,1
DA:1244,1
DA:1245,6
DA:1247,6
DA:1249,6
DA:1250,6
DA:1254,1
DA:1255,0
DA:1261,1
DA:1262,20
DA:1263,20
DA:1264,96
DA:1265,96
DA:1269,96
DA:1270,4
DA:1271,4
DA:1273,4
DA:1274,4
DA:1284,96
DA:1285,8
DA:1288,96
DA:1289,4
DA:1290,20
DA:1293,92
DA:1296,20
DA:1298,20
DA:1299,20
DA:1300,218
DA:1302,20
DA:1306,1
DA:1314,16
DA:1315,10
DA:1317,10
DA:1319,10
DA:1320,10
DA:1321,10
DA:1322,10
DA:1324,10
DA:1325,10
DA:1326,10
DA:1327,10
DA:1329,0
DA:1335,10
DA:1337,10
DA:1343,6
DA:1346,16
DA:1358,1
DA:1359,1
DA:1360,8
DA:1362,8
DA:1364,8
DA:1365,8
DA:1367,8
DA:1368,8
DA:1372,1
DA:1373,0
DA:1379,1
DA:1380,24
DA:1381,24
DA:1383,24
DA:1384,24
DA:1385,24
DA:1386,132
DA:1389,132
DA:1390,132
DA:1391,148
DA:1392,148
DA:1393,33
DA:1394,20
DA:1396,13
DA:1399,115
DA:1407,24
DA:1408,4
DA:1411,24
DA:1415,1
DA:1418,16
DA:1419,1
DA:1420,1
DA:1421,1
DA:1422,1
DA:1424,0
DA:1429,15
DA:1430,11
DA:1431,11
DA:1432,11
DA:1437,4
DA:1443,15
DA:1444,10
DA:1445,10
DA:1447,10
DA:1448,10
DA:1450,0
DA:1451,0
DA:1452,0
DA:1454,10
DA:1455,10
DA:1458,15
DA:1465,1
DA:1466,54
DA:1467,54
DA:1468,252
DA:1471,54
DA:1472,54
DA:1473,252
DA:1476,54
DA:1480,1
DA:1481,10
DA:1482,10
DA:1483,10
DA:1484,10
DA:1485,10
DA:1486,10
DA:1488,10
DA:1491,1
DA:1492,20
LF:446
LH:415
BRDA:43,1,0,14
BRDA:43,1,1,14
BRDA:122,2,0,62
BRDA:122,2,1,0
BRDA:135,3,0,62
BRDA:135,3,1,0
BRDA:276,4,0,0
BRDA:276,4,1,136
BRDA:277,5,0,0
BRDA:277,5,1,0
BRDA:299,6,0,86
BRDA:299,6,1,50
BRDA:303,7,0,50
BRDA:303,7,1,36
BRDA:311,8,0,10
BRDA:311,8,1,26
BRDA:329,9,0,41
BRDA:329,9,1,9
BRDA:335,10,0,26
BRDA:335,10,1,24
BRDA:362,11,0,46
BRDA:362,11,1,1664
BRDA:362,12,0,1710
BRDA:362,12,1,108
BRDA:396,13,0,122
BRDA:396,13,1,0
BRDA:414,14,0,132
BRDA:414,14,1,3252
BRDA:415,15,0,72
BRDA:415,15,1,60
BRDA:418,16,0,46
BRDA:418,16,1,14
BRDA:424,17,0,112
BRDA:424,17,1,92
BRDA:424,17,2,92
BRDA:450,18,0,72
BRDA:450,18,1,40
BRDA:450,19,0,112
BRDA:450,19,1,72
BRDA:453,20,0,36
BRDA:453,20,1,36
BRDA:454,21,0,10
BRDA:454,21,1,26
BRDA:463,22,0,0
BRDA:463,22,1,36
BRDA:472,23,0,0
BRDA:472,23,1,36
BRDA:487,24,0,40
BRDA:487,24,1,36
BRDA:489,25,0,16
BRDA:489,25,1,24
BRDA:495,26,0,0
BRDA:495,26,1,0
BRDA:503,27,0,32
BRDA:503,27,1,8
BRDA:516,28,0,46
BRDA:516,28,1,1390
BRDA:516,29,0,1436
BRDA:516,29,1,134
BRDA:516,29,2,98
BRDA:545,30,0,180
BRDA:545,30,1,30
BRDA:550,31,0,28
BRDA:550,31,1,2
BRDA:560,32,0,6
BRDA:560,32,1,30
BRDA:588,33,0,233
BRDA:588,33,1,2
BRDA:592,34,0,30
BRDA:592,34,1,205
BRDA:608,35,0,257
BRDA:608,35,1,256
BRDA:613,36,0,256
BRDA:613,36,1,1
BRDA:618,37,0,794
BRDA:618,37,1,4121
BRDA:643,38,0,48269
BRDA:643,38,1,65031
BRDA:656,39,0,73809
BRDA:656,39,1,39402
BRDA:670,40,0,48180
BRDA:670,40,1,65031
BRDA:676,41,0,89
BRDA:676,41,1,7
BRDA:691,42,0,118288
BRDA:691,42,1,267808
BRDA:695,43,0,73862
BRDA:695,43,1,312234
BRDA:1005,44,0,59
BRDA:1005,44,1,7
BRDA:1022,45,0,68
BRDA:1022,45,1,9
BRDA:1125,46,0,2
BRDA:1125,46,1,139
BRDA:1127,47,0,86
BRDA:1127,47,1,53
BRDA:1129,48,0,25
BRDA:1129,48,1,28
BRDA:1131,49,0,22
BRDA:1131,49,1,6
BRDA:1137,50,0,2
BRDA:1137,50,1,139
BRDA:1138,51,0,1
BRDA:1138,51,1,1
BRDA:1146,52,0,86
BRDA:1146,52,1,53
BRDA:1151,53,0,42
BRDA:1151,53,1,11
BRDA:1169,54,0,90
BRDA:1169,54,1,65
BRDA:1171,55,0,35
BRDA:1171,55,1,30
BRDA:1173,56,0,2
BRDA:1173,56,1,28
BRDA:1175,57,0,22
BRDA:1175,57,1,6
BRDA:1188,58,0,2
BRDA:1188,58,1,153
BRDA:1190,59,0,1
BRDA:1190,59,1,1
BRDA:1198,60,0,90
BRDA:1198,60,1,63
BRDA:1204,61,0,12
BRDA:1204,61,1,51
BRDA:1249,62,0,6
BRDA:1249,62,1,3
BRDA:1269,63,0,4
BRDA:1269,63,1,92
BRDA:1270,64,0,4
BRDA:1270,64,1,0
BRDA:1284,65,0,8
BRDA:1284,65,1,88
BRDA:1284,66,0,96
BRDA:1284,66,1,12
BRDA:1288,67,0,4
BRDA:1288,67,1,92
BRDA:1314,68,0,10
BRDA:1314,68,1,6
BRDA:1314,69,0,16
BRDA:1314,69,1,11
BRDA:1324,70,0,10
BRDA:1324,70,1,0
BRDA:1364,71,0,8
BRDA:1364,71,1,3
BRDA:1392,72,0,33
BRDA:1392,72,1,115
BRDA:1393,73,0,20
BRDA:1393,73,1,13
BRDA:1407,74,0,4
BRDA:1407,74,1,20
BRDA:1407,75,0,24
BRDA:1407,75,1,4
BRDA:1418,76,0,1
BRDA:1418,76,1,15
BRDA:1419,77,0,1
BRDA:1419,77,1,0
BRDA:1419,78,0,1
BRDA:1419,78,1,0
BRDA:1429,79,0,11
BRDA:1429,79,1,4
BRDA:1429,80,0,15
BRDA:1429,80,1,9
BRDA:1443,81,0,10
BRDA:1443,81,1,5
BRDA:1443,82,0,15
BRDA:1443,82,1,11
BRDA:1443,82,2,6
BRF:167
BRH:153
end_of_record
TN:
SF:/data/upstream/node-http2-protocol/lib/connection.js
FN:39,Connection
FN:100,_initializeStreamManagement
FN:123,_writeControlFrame
FN:136,_updateStreamLimit
FN:145,_changeStreamCount
FN:165,_allocateId
FN:200,_allocatePriority
FN:208,_insert
FN:216,_reprioritize
FN:230,_createIncomingStream
FN:242,createStream
FN:255,_initializeMultiplexing
FN:263,_send
FN:347,_receive
FN:384,_initializeSettingsManagement
FN:398,_onFirstFrameReceived
FN:408,_receiveSettings
FN:434,set
FN:436,noop
FN:438,(anonymous_20)
FN:467,_initializeLifecycleManagement
FN:475,_generatePingId
FN:486,ping
FN:503,_receivePing
FN:531,close
FN:549,_receiveGoaway
FN:561,_initializeFlowControl
FN:564,(anonymous_28)
FN:568,noop
FN:578,_setInitialStreamWindowSize
FN:585,(anonymous_31)
FNF:31
FNH:31
FNDA:21,Connection
FNDA:21,_initializeStreamManagement
FNDA:41,_writeControlFrame
FNDA:18,_updateStreamLimit
FNDA:28,_changeStreamCount
FNDA:20,_allocateId
FNDA:20,_allocatePriority
FNDA:50,_insert
FNDA:10,_reprioritize
FNDA:10,_createIncomingStream
FNDA:7,createStream
FNDA:21,_initializeMultiplexing
FNDA:116,_send
FNDA:59,_receive
FNDA:21,_initializeSettingsManagement
FNDA:18,_onFirstFrameReceived
FNDA:36,_receiveSettings
FNDA:21,set
FNDA:18,noop
FNDA:18,(anonymous_20)
FNDA:21,_initializeLifecycleManagement
FNDA:2,_generatePingId
FNDA:2,ping
FNDA:5,_receivePing
FNDA:1,close
FNDA:1,_receiveGoaway
FNDA:21,_initializeFlowControl
FNDA:20,(anonymous_28)
FNDA:18,noop
FNDA:18,_setInitialStreamWindowSize
FNDA:18,(anonymous_31)
DA:1,1
DA:10,1
DA:12,1
DA:39,1
DA:41,21
DA:44,21
DA:47,21
DA:50,21
DA:53,21
DA:56,21
DA:59,21
DA:61,1
DA:97,1
DA:100,1
DA:104,21
DA:105,21
DA:108,21
DA:109,21
DA:112,21
DA:116,21
DA:117,21
DA:118,21
DA:123,1
DA:124,41
DA:127,41
DA:128,41
DA:130,0
DA:131,0
DA:136,1
DA:137,18
DA:138,18
DA:139,18
DA:140,18
DA:141,0
DA:145,1
DA:146,28
DA:147,20
DA:149,20
DA:150,20
DA:151,20
DA:152,0
DA:165,1
DA:167,20
DA:168,10
DA:169,10
DA:173,10
DA:174,10
DA:179,0
DA:181,0
DA:182,0
DA:185,20
DA:188,20
DA:189,20
DA:190,20
DA:191,20
DA:194,20
DA:196,20
DA:200,1
DA:201,20
DA:202,20
DA:203,20
DA:204,20
DA:205,20
DA:208,1
DA:209,50
DA:210,20
DA:212,30
DA:216,1
DA:217,10
DA:218,10
DA:219,10
DA:220,10
DA:221,10
DA:222,7
DA:225,10
DA:230,1
DA:231,10
DA:233,10
DA:234,10
DA:235,10
DA:236,10
DA:238,10
DA:242,1
DA:243,7
DA:246,7
DA:247,7
DA:249,7
DA:255,1
DA:256,21
DA:257,21
DA:258,21
DA:263,1
DA:265,116
DA:266,1
DA:270,115
DA:271,43
DA:273,72
DA:274,44
DA:275,44
DA:277,72
DA:280,43
DA:283,43
DA:284,43
DA:285,21
DA:286,21
DA:299,21
DA:300,36
DA:301,52
DA:302,52
DA:304,52
DA:305,34
DA:306,18
DA:307,0
DA:308,0
DA:311,18
DA:313,18
DA:314,10
DA:317,18
DA:318,3
DA:319,3
DA:322,18
DA:323,18
DA:324,18
DA:326,18
DA:327,18
DA:328,0
DA:332,36
DA:333,36
DA:338,43
DA:339,35
DA:342,43
DA:347,1
DA:348,59
DA:351,59
DA:352,18
DA:353,18
DA:357,59
DA:360,59
DA:361,7
DA:365,59
DA:366,3
DA:369,59
DA:372,59
DA:374,59
DA:380,1
DA:384,1
DA:386,21
DA:389,21
DA:391,21
DA:394,21
DA:398,1
DA:399,18
DA:400,18
DA:402,0
DA:403,0
DA:408,1
DA:410,36
DA:411,18
DA:412,18
DA:413,18
DA:419,18
DA:420,18
DA:427,18
DA:428,36
DA:434,1
DA:436,21
DA:437,21
DA:438,21
DA:439,18
DA:440,36
DA:442,18
DA:446,21
DA:452,21
DA:453,42
DA:467,1
DA:468,21
DA:469,21
DA:470,21
DA:471,21
DA:475,1
DA:476,2
DA:477,2
DA:478,2
DA:479,32
DA:482,2
DA:486,1
DA:487,2
DA:488,2
DA:489,2
DA:491,2
DA:492,2
DA:503,1
DA:504,5
DA:505,2
DA:506,2
DA:507,2
DA:508,2
DA:509,2
DA:510,2
DA:512,2
DA:514,0
DA:518,3
DA:519,3
DA:531,1
DA:532,1
DA:533,0
DA:534,0
DA:537,1
DA:538,1
DA:545,1
DA:546,1
DA:549,1
DA:550,1
DA:551,1
DA:552,1
DA:553,1
DA:554,0
DA:561,1
DA:563,21
DA:564,21
DA:565,20
DA:567,21
DA:568,21
DA:572,1
DA:578,1
DA:579,18
DA:580,0
DA:581,0
DA:583,18
DA:584,18
DA:585,18
DA:586,18
LF:232
LH:214
BRDA:124,1,0,41
BRDA:124,1,1,0
BRDA:124,2,0,41
BRDA:124,2,1,5
BRDA:124,2,2,1
BRDA:124,2,3,0
BRDA:124,2,4,0
BRDA:137,3,0,18
BRDA:137,3,1,0
BRDA:140,4,0,0
BRDA:140,4,1,18
BRDA:146,5,0,20
BRDA:146,5,1,8
BRDA:149,6,0,20
BRDA:149,6,1,0
BRDA:151,7,0,0
BRDA:151,7,1,20
BRDA:167,8,0,10
BRDA:167,8,1,10
BRDA:173,9,0,10
BRDA:173,9,1,0
BRDA:173,10,0,10
BRDA:173,10,1,10
BRDA:209,11,0,20
BRDA:209,11,1,30
BRDA:221,12,0,7
BRDA:221,12,1,3
BRDA:265,13,0,1
BRDA:265,13,1,115
BRDA:270,14,0,43
BRDA:270,14,1,72
BRDA:273,15,0,44
BRDA:273,15,1,28
BRDA:302,16,0,52
BRDA:302,16,1,0
BRDA:304,17,0,34
BRDA:304,17,1,18
BRDA:306,18,0,0
BRDA:306,18,1,18
BRDA:313,19,0,10
BRDA:313,19,1,8
BRDA:314,20,0,10
BRDA:314,20,1,7
BRDA:317,21,0,3
BRDA:317,21,1,15
BRDA:327,22,0,0
BRDA:327,22,1,18
BRDA:338,23,0,35
BRDA:338,23,1,8
BRDA:351,24,0,18
BRDA:351,24,1,41
BRDA:360,25,0,7
BRDA:360,25,1,52
BRDA:365,26,0,3
BRDA:365,26,1,56
BRDA:391,27,0,21
BRDA:391,27,1,0
BRDA:399,28,0,18
BRDA:399,28,1,0
BRDA:399,29,0,18
BRDA:399,29,1,18
BRDA:410,30,0,18
BRDA:410,30,1,18
BRDA:412,31,0,18
BRDA:412,31,1,0
BRDA:419,32,0,18
BRDA:419,32,1,0
BRDA:436,33,0,21
BRDA:436,33,1,21
BRDA:504,34,0,2
BRDA:504,34,1,3
BRDA:506,35,0,2
BRDA:506,35,1,0
BRDA:509,36,0,2
BRDA:509,36,1,0
BRDA:532,37,0,0
BRDA:532,37,1,1
BRDA:543,38,0,1
BRDA:543,38,1,1
BRDA:553,39,0,0
BRDA:553,39,1,1
BRDA:579,40,0,0
BRDA:579,40,1,18
BRDA:579,41,0,18
BRDA:579,41,1,0
BRF:85
BRH:64
end_of_record
TN:
SF:/data/upstream/node-http2-protocol/lib/flow.js
FN:59,Flow
FN:74,_receive
FN:82,_write
FN:88,(anonymous_4)
FN:109,_restoreWindow
FN:141,_send
FN:148,_read
FN:182,read
FN:229,_parentPush
FN:246,_push
FN:272,push
FN:293,getLastQueuedFrame
FN:311,_increaseWindow
FN:335,_updateWindow
FN:343,setInitialWindow
FNF:15
FNH:15
FNDA:114,Flow
FNDA:1,_receive
FNDA:143,_write
FNDA:59,(anonymous_4)
FNDA:13,_restoreWindow
FNDA:1,_send
FNDA:128,_read
FNDA:300,read
FNDA:116,_parentPush
FNDA:117,_push
FNDA:113,push
FNDA:13,getLastQueuedFrame
FNDA:29,_increaseWindow
FNDA:2,_updateWindow
FNDA:20,setInitialWindow
DA:1,1
DA:10,1
DA:12,1
DA:56,1
DA:59,1
DA:60,114
DA:62,114
DA:63,114
DA:64,114
DA:65,114
DA:66,114
DA:68,1
DA:74,1
DA:75,1
DA:82,1
DA:83,143
DA:84,19
DA:87,143
DA:88,59
DA:89,59
DA:90,59
DA:91,13
DA:93,59
DA:98,84
DA:101,143
DA:103,2
DA:109,1
DA:110,13
DA:111,13
DA:112,3
DA:118,3
DA:141,1
DA:142,1
DA:148,1
DA:150,128
DA:151,119
DA:156,9
DA:157,4
DA:158,4
DA:159,5
DA:160,5
DA:161,4
DA:164,4
DA:166,4
DA:173,5
DA:177,1
DA:182,1
DA:183,300
DA:184,59
DA:185,241
DA:186,0
DA:187,241
DA:188,241
DA:193,241
DA:194,241
DA:196,241
DA:197,201
DA:198,102
DA:200,201
DA:203,40
DA:204,0
DA:205,0
DA:207,0
DA:211,40
DA:213,40
DA:219,40
DA:221,40
DA:222,0
DA:224,40
DA:229,1
DA:230,116
DA:232,116
DA:233,20
DA:235,20
DA:236,20
DA:239,116
DA:246,1
DA:247,117
DA:249,117
DA:250,113
DA:253,4
DA:254,1
DA:258,3
DA:260,3
DA:261,3
DA:267,3
DA:272,1
DA:273,113
DA:274,3
DA:276,110
DA:279,113
DA:280,113
DA:281,112
DA:284,113
DA:285,4
DA:288,113
DA:293,1
DA:294,13
DA:295,13
DA:309,1
DA:311,1
DA:312,29
DA:313,1
DA:314,1
DA:316,28
DA:317,28
DA:318,28
DA:319,1
DA:320,1
DA:322,27
DA:335,1
DA:336,2
DA:343,1
DA:344,20
DA:345,20
LF:115
LH:110
BRDA:83,1,0,19
BRDA:83,1,1,124
BRDA:83,2,0,143
BRDA:83,2,1,124
BRDA:87,3,0,59
BRDA:87,3,1,84
BRDA:87,4,0,143
BRDA:87,4,1,62
BRDA:90,5,0,13
BRDA:90,5,1,46
BRDA:101,6,0,2
BRDA:101,6,1,141
BRDA:101,7,0,143
BRDA:101,7,1,2
BRDA:101,7,2,2
BRDA:111,8,0,3
BRDA:111,8,1,10
BRDA:111,9,0,13
BRDA:111,9,1,3
BRDA:150,10,0,119
BRDA:150,10,1,9
BRDA:156,11,0,4
BRDA:156,11,1,5
BRDA:163,12,0,5
BRDA:163,12,1,4
BRDA:160,13,0,4
BRDA:160,13,1,1
BRDA:166,14,0,4
BRDA:166,14,1,4
BRDA:166,14,2,1
BRDA:166,14,3,1
BRDA:183,15,0,59
BRDA:183,15,1,241
BRDA:185,16,0,0
BRDA:185,16,1,241
BRDA:187,17,0,241
BRDA:187,17,1,0
BRDA:187,18,0,241
BRDA:187,18,1,52
BRDA:194,19,0,241
BRDA:194,19,1,99
BRDA:196,20,0,201
BRDA:196,20,1,40
BRDA:196,21,0,241
BRDA:196,21,1,145
BRDA:196,21,2,63
BRDA:197,22,0,102
BRDA:197,22,1,99
BRDA:203,23,0,0
BRDA:203,23,1,40
BRDA:204,24,0,0
BRDA:204,24,1,0
BRDA:221,25,0,0
BRDA:221,25,1,40
BRDA:232,26,0,20
BRDA:232,26,1,96
BRDA:232,27,0,116
BRDA:232,27,1,113
BRDA:232,27,2,23
BRDA:247,28,0,117
BRDA:247,28,1,114
BRDA:247,28,2,24
BRDA:249,29,0,113
BRDA:249,29,1,4
BRDA:249,30,0,117
BRDA:249,30,1,24
BRDA:253,31,0,1
BRDA:253,31,1,3
BRDA:273,32,0,3
BRDA:273,32,1,110
BRDA:280,33,0,112
BRDA:280,33,1,1
BRDA:284,34,0,4
BRDA:284,34,1,109
BRDA:295,35,0,13
BRDA:295,35,1,13
BRDA:312,36,0,1
BRDA:312,36,1,28
BRDA:312,37,0,29
BRDA:312,37,1,1
BRDA:318,38,0,1
BRDA:318,38,1,27
BRDA:318,39,0,28
BRDA:318,39,1,26
BRDA:336,40,0,0
BRDA:336,40,1,2
BRF:86
BRH:79
end_of_record
TN:
SF:/data/upstream/node-http2-protocol/lib/stream.js
FN:49,Stream
FN:75,_initializeManagement
FN:81,promise
FN:94,_onPromise
FN:98,headers
FN:107,_onHeaders
FN:114,priority
FN:138,_onPriority
FN:144,reset
FN:191,_initializeDataFlow
FN:206,_pushUpstream
FN:213,_writeUpstream
FN:244,_receive
FN:268,_read
FN:277,_write
FN:297,_send
FN:310,_finishing
FN:357,_initializeState
FN:366,transition
FN:375,activeState
FN:382,transition
FN:620,(anonymous_22)
FNF:22
FNH:20
FNDA:80,Stream
FNDA:80,_initializeManagement
FNDA:4,promise
FNDA:4,_onPromise
FNDA:19,headers
FNDA:19,_onHeaders
FNDA:0,priority
FNDA:0,_onPriority
FNDA:10,reset
FNDA:80,_initializeDataFlow
FNDA:34,_pushUpstream
FNDA:32,_writeUpstream
FNDA:32,_receive
FNDA:6,_read
FNDA:7,_write
FNDA:44,_send
FNDA:13,_finishing
FNDA:80,_initializeState
FNDA:71,transition
FNDA:104,activeState
FNDA:142,transition
FNDA:6,(anonymous_22)
DA:1,1
DA:12,1
DA:14,1
DA:49,1
DA:50,80
DA:53,80
DA:56,80
DA:59,80
DA:62,80
DA:65,1
DA:71,1
DA:72,1
DA:75,1
DA:76,80
DA:77,80
DA:78,80
DA:81,1
DA:82,4
DA:83,4
DA:84,4
DA:91,4
DA:94,1
DA:95,4
DA:98,1
DA:99,19
DA:107,1
DA:108,19
DA:109,0
DA:111,19
DA:114,1
DA:115,0
DA:116,0
DA:117,0
DA:119,0
DA:120,0
DA:121,0
DA:123,0
DA:132,0
DA:133,0
DA:134,0
DA:138,1
DA:139,0
DA:144,1
DA:145,10
DA:146,3
DA:147,3
DA:189,1
DA:191,1
DA:192,80
DA:194,80
DA:196,80
DA:197,80
DA:198,80
DA:199,80
DA:200,80
DA:201,80
DA:203,80
DA:206,1
DA:207,34
DA:208,34
DA:213,1
DA:214,32
DA:216,32
DA:219,32
DA:222,32
DA:223,19
DA:224,13
DA:225,4
DA:226,9
DA:227,0
DA:228,9
DA:233,9
DA:236,0
DA:237,0
DA:240,32
DA:244,1
DA:247,32
DA:248,9
DA:249,9
DA:250,0
DA:255,32
DA:256,13
DA:257,13
DA:261,32
DA:262,32
DA:268,1
DA:269,6
DA:270,0
DA:271,0
DA:272,0
DA:277,1
DA:279,7
DA:287,7
DA:288,0
DA:290,7
DA:297,1
DA:298,44
DA:299,7
DA:300,7
DA:301,7
DA:309,1
DA:310,1
DA:311,13
DA:317,13
DA:318,13
DA:319,12
DA:320,12
DA:321,12
DA:323,1
DA:357,1
DA:358,80
DA:359,80
DA:360,80
DA:361,80
DA:366,1
DA:367,71
DA:368,71
DA:369,71
DA:370,71
DA:375,1
DA:376,104
DA:382,1
DA:383,142
DA:384,142
DA:385,142
DA:387,142
DA:388,142
DA:389,142
DA:390,41
DA:391,46
DA:392,8
DA:393,17
DA:394,20
DA:395,10
DA:396,0
DA:399,142
DA:401,142
DA:408,31
DA:409,21
DA:410,21
DA:411,3
DA:413,21
DA:414,10
DA:415,1
DA:417,9
DA:419,31
DA:431,12
DA:432,2
DA:433,10
DA:434,2
DA:435,8
DA:438,8
DA:440,12
DA:450,12
DA:451,2
DA:452,10
DA:453,2
DA:454,8
DA:457,8
DA:459,12
DA:471,22
DA:472,8
DA:473,14
DA:474,2
DA:478,22
DA:487,18
DA:488,9
DA:489,9
DA:492,3
DA:494,18
DA:507,22
DA:508,10
DA:509,12
DA:512,3
DA:514,22
DA:537,25
DA:542,14
DA:544,25
DA:550,142
DA:551,26
DA:552,26
DA:561,142
DA:565,9
DA:566,9
DA:567,9
DA:571,142
DA:572,52
DA:573,52
DA:574,30
DA:576,22
DA:578,90
DA:579,41
DA:583,142
DA:584,45
DA:593,45
DA:594,20
DA:595,20
DA:603,25
DA:604,25
DA:605,16
DA:607,9
DA:608,9
DA:617,1
DA:619,1
DA:620,1
DA:621,6
DA:622,2
DA:623,2
DA:625,6
LF:209
LH:188
BRDA:108,1,0,0
BRDA:108,1,1,19
BRDA:115,2,0,0
BRDA:115,2,1,0
BRDA:115,3,0,0
BRDA:115,3,1,0
BRDA:115,3,2,0
BRDA:116,4,0,0
BRDA:116,4,1,0
BRDA:120,5,0,0
BRDA:120,5,1,0
BRDA:120,6,0,0
BRDA:120,6,1,0
BRDA:120,6,2,0
BRDA:145,7,0,3
BRDA:145,7,1,7
BRDA:222,8,0,19
BRDA:222,8,1,13
BRDA:224,9,0,4
BRDA:224,9,1,9
BRDA:226,10,0,0
BRDA:226,10,1,9
BRDA:228,11,0,0
BRDA:228,11,1,9
BRDA:233,12,0,0
BRDA:233,12,1,9
BRDA:233,13,0,9
BRDA:233,13,1,0
BRDA:233,13,2,0
BRDA:247,14,0,9
BRDA:247,14,1,23
BRDA:247,15,0,32
BRDA:247,15,1,32
BRDA:249,16,0,0
BRDA:249,16,1,9
BRDA:255,17,0,13
BRDA:255,17,1,19
BRDA:255,18,0,32
BRDA:255,18,1,32
BRDA:255,18,2,19
BRDA:261,19,0,32
BRDA:261,19,1,0
BRDA:269,20,0,0
BRDA:269,20,1,6
BRDA:287,21,0,0
BRDA:287,21,1,7
BRDA:298,22,0,7
BRDA:298,22,1,37
BRDA:318,23,0,12
BRDA:318,23,1,1
BRDA:318,24,0,13
BRDA:318,24,1,12
BRDA:318,24,2,5
BRDA:376,25,0,104
BRDA:376,25,1,82
BRDA:376,25,2,72
BRDA:389,26,0,41
BRDA:389,26,1,46
BRDA:389,26,2,8
BRDA:389,26,3,17
BRDA:389,26,4,20
BRDA:389,26,5,10
BRDA:389,26,6,0
BRDA:401,27,0,31
BRDA:401,27,1,12
BRDA:401,27,2,12
BRDA:401,27,3,22
BRDA:401,27,4,18
BRDA:401,27,5,22
BRDA:401,27,6,25
BRDA:408,28,0,21
BRDA:408,28,1,10
BRDA:410,29,0,3
BRDA:410,29,1,18
BRDA:411,30,0,0
BRDA:411,30,1,3
BRDA:414,31,0,1
BRDA:414,31,1,9
BRDA:414,32,0,10
BRDA:414,32,1,5
BRDA:431,33,0,2
BRDA:431,33,1,10
BRDA:431,34,0,12
BRDA:431,34,1,7
BRDA:433,35,0,2
BRDA:433,35,1,8
BRDA:435,36,0,0
BRDA:435,36,1,8
BRDA:435,37,0,8
BRDA:435,37,1,4
BRDA:450,38,0,2
BRDA:450,38,1,10
BRDA:452,39,0,2
BRDA:452,39,1,8
BRDA:452,40,0,10
BRDA:452,40,1,6
BRDA:454,41,0,0
BRDA:454,41,1,8
BRDA:454,42,0,8
BRDA:454,42,1,4
BRDA:471,43,0,8
BRDA:471,43,1,14
BRDA:472,44,0,5
BRDA:472,44,1,3
BRDA:473,45,0,2
BRDA:473,45,1,12
BRDA:487,46,0,9
BRDA:487,46,1,9
BRDA:487,47,0,18
BRDA:487,47,1,16
BRDA:487,47,2,13
BRDA:489,48,0,6
BRDA:489,48,1,3
BRDA:489,49,0,9
BRDA:489,49,1,3
BRDA:489,49,2,3
BRDA:489,49,3,3
BRDA:507,50,0,10
BRDA:507,50,1,12
BRDA:507,51,0,22
BRDA:507,51,1,20
BRDA:507,51,2,17
BRDA:509,52,0,9
BRDA:509,52,1,3
BRDA:509,53,0,12
BRDA:509,53,1,3
BRDA:509,53,2,3
BRDA:509,53,3,3
BRDA:537,54,0,11
BRDA:537,54,1,14
BRDA:537,55,0,25
BRDA:537,55,1,7
BRDA:537,55,2,23
BRDA:537,55,3,18
BRDA:537,55,4,12
BRDA:537,55,5,6
BRDA:537,55,6,5
BRDA:537,55,7,4
BRDA:537,55,8,3
BRDA:550,56,0,26
BRDA:550,56,1,116
BRDA:550,57,0,142
BRDA:550,57,1,51
BRDA:561,58,0,9
BRDA:561,58,1,133
BRDA:561,59,0,142
BRDA:561,59,1,20
BRDA:561,59,2,12
BRDA:566,60,0,4
BRDA:566,60,1,5
BRDA:571,61,0,52
BRDA:571,61,1,90
BRDA:573,62,0,30
BRDA:573,62,1,22
BRDA:578,63,0,41
BRDA:578,63,1,49
BRDA:583,64,0,45
BRDA:583,64,1,97
BRDA:583,65,0,142
BRDA:583,65,1,111
BRDA:593,66,0,20
BRDA:593,66,1,25
BRDA:604,67,0,16
BRDA:604,67,1,9
BRDA:621,68,0,2
BRDA:621,68,1,4
BRF:166
BRH:140
end_of_record
TN:
SF:/data/upstream/node-http2-protocol/lib/endpoint.js
FN:50,Endpoint
FN:84,_writePrelude
FN:90,_readPrelude
FN:95,_temporalWrite
FN:153,createTransformStream
FN:156,(anonymous_6)
FN:162,pipeAndFilter
FN:172,_initializeDataFlow
FN:202,_read
FN:214,_write
FN:221,_initializeManagement
FN:225,createStream
FN:232,_initializeErrorHandling
FN:242,_error
FN:248,close
FN:258,(anonymous_16)
FNF:16
FNH:11
FNDA:4,Endpoint
FNDA:2,_writePrelude
FNDA:2,_readPrelude
FNDA:1,_temporalWrite
FNDA:0,createTransformStream
FNDA:0,(anonymous_6)
FNDA:16,pipeAndFilter
FNDA:4,_initializeDataFlow
FNDA:18,_read
FNDA:7,_write
FNDA:4,_initializeManagement
FNDA:0,createStream
FNDA:4,_initializeErrorHandling
FNDA:0,_error
FNDA:0,close
FNDA:6,(anonymous_16)
DA:1,1
DA:3,1
DA:4,1
DA:5,1
DA:6,1
DA:7,1
DA:8,1
DA:9,1
DA:11,1
DA:50,1
DA:51,4
DA:54,4
DA:58,4
DA:59,4
DA:60,2
DA:62,2
DA:68,4
DA:71,4
DA:74,4
DA:76,1
DA:81,1
DA:84,1
DA:85,2
DA:86,2
DA:90,1
DA:92,2
DA:95,2
DA:98,1
DA:99,1
DA:100,24
DA:101,0
DA:103,0
DA:104,0
DA:106,24
DA:111,1
DA:112,1
DA:113,1
DA:114,1
DA:115,1
DA:153,1
DA:154,0
DA:155,0
DA:156,0
DA:157,0
DA:159,0
DA:162,1
DA:163,16
DA:164,0
DA:166,16
DA:170,1
DA:172,1
DA:173,4
DA:174,4
DA:175,2
DA:176,2
DA:177,2
DA:179,2
DA:180,2
DA:181,2
DA:184,4
DA:185,4
DA:186,4
DA:187,4
DA:188,4
DA:190,4
DA:191,4
DA:192,4
DA:193,4
DA:195,4
DA:197,4
DA:201,1
DA:202,1
DA:203,18
DA:204,18
DA:205,18
DA:206,10
DA:208,18
DA:209,8
DA:211,18
DA:214,1
DA:215,7
DA:221,1
DA:222,4
DA:225,1
DA:226,0
DA:232,1
DA:233,4
DA:234,4
DA:235,4
DA:236,4
DA:237,4
DA:239,4
DA:242,1
DA:243,0
DA:244,0
DA:245,0
DA:248,1
DA:249,0
DA:255,1
DA:257,1
DA:258,1
DA:259,6
DA:260,2
DA:261,2
DA:263,6
LF:105
LH:91
BRDA:58,1,0,4
BRDA:58,1,1,2
BRDA:59,2,0,2
BRDA:59,2,1,2
BRDA:68,3,0,4
BRDA:68,3,1,4
BRDA:99,4,0,25
BRDA:99,4,1,24
BRDA:100,5,0,0
BRDA:100,5,1,24
BRDA:111,6,0,1
BRDA:111,6,1,0
BRDA:163,7,0,0
BRDA:163,7,1,16
BRDA:174,8,0,2
BRDA:174,8,1,2
BRDA:205,9,0,28
BRDA:205,9,1,28
BRDA:208,10,0,8
BRDA:208,10,1,10
BRDA:259,11,0,2
BRDA:259,11,1,4
BRF:22
BRH:19
end_of_record
TN:
SF:/data/upstream/node-http2-protocol/lib/framer.js
FN:28,Serializer
FN:38,_transform
FN:70,Deserializer
FN:84,(anonymous_4)
FN:95,_transform
FN:210,writeCommonHeader
FN:238,readCommonHeader
FN:293,writeData
FN:297,readData
FN:365,writeHeadersPriority
FN:385,readHeadersPriority
FN:448,writePriority
FN:473,readPriority
FN:513,writeRstStream
FN:521,readRstStream
FN:560,writeSettings
FN:562,(anonymous_17)
FN:580,readSettings
FN:661,writePushPromise
FN:672,readPushPromise
FN:713,writePing
FN:717,readPing
FN:752,writeGoaway
FN:766,readGoaway
FN:789,writeWindowUpdate
FN:799,readWindowUpdate
FN:829,writeContinuation
FN:833,readContinuation
FN:913,writeAltSvc
FN:932,readAltSvc
FN:971,(anonymous_31)
FN:984,(anonymous_32)
FN:1004,(anonymous_33)
FN:1012,(anonymous_34)
FNF:34
FNH:32
FNDA:5,Serializer
FNDA:23,_transform
FNDA:5,Deserializer
FNDA:61,(anonymous_4)
FNDA:51,_transform
FNDA:40,writeCommonHeader
FNDA:52,readCommonHeader
FNDA:2,writeData
FNDA:4,readData
FNDA:8,writeHeadersPriority
FNDA:16,readHeadersPriority
FNDA:6,writePriority
FNDA:6,readPriority
FNDA:2,writeRstStream
FNDA:2,readRstStream
FNDA:8,writeSettings
FNDA:32,(anonymous_17)
FNDA:6,readSettings
FNDA:2,writePushPromise
FNDA:4,readPushPromise
FNDA:2,writePing
FNDA:2,readPing
FNDA:2,writeGoaway
FNDA:2,readGoaway
FNDA:2,writeWindowUpdate
FNDA:2,readWindowUpdate
FNDA:2,writeContinuation
FNDA:4,readContinuation
FNDA:2,writeAltSvc
FNDA:2,readAltSvc
FNDA:6,(anonymous_31)
FNDA:11,(anonymous_32)
FNDA:0,(anonymous_33)
FNDA:0,(anonymous_34)
DA:5,1
DA:7,1
DA:9,1
DA:10,1
DA:12,1
DA:14,1
DA:15,1
DA:28,1
DA:29,5
DA:30,5
DA:31,5
DA:33,1
DA:38,1
DA:39,23
DA:41,23
DA:43,23
DA:44,23
DA:45,23
DA:47,23
DA:49,23
DA:50,58
DA:51,0
DA:53,58
DA:56,23
DA:70,1
DA:71,5
DA:72,5
DA:73,5
DA:74,5
DA:75,5
DA:77,1
DA:84,1
DA:85,61
DA:86,61
DA:87,61
DA:88,61
DA:89,33
DA:95,1
DA:96,51
DA:98,51
DA:99,0
DA:102,51
DA:105,90
DA:106,90
DA:107,90
DA:108,90
DA:115,90
DA:116,28
DA:117,28
DA:118,28
DA:120,0
DA:121,0
DA:130,90
DA:131,28
DA:132,28
DA:133,28
DA:134,0
DA:135,0
DA:137,28
DA:138,28
DA:141,0
DA:142,0
DA:144,28
DA:148,51
DA:200,1
DA:202,1
DA:204,1
DA:206,1
DA:208,1
DA:210,1
DA:211,40
DA:213,40
DA:214,40
DA:215,52
DA:217,40
DA:219,40
DA:220,40
DA:222,40
DA:223,40
DA:224,138
DA:225,138
DA:226,138
DA:227,16
DA:230,40
DA:232,40
DA:233,40
DA:235,40
DA:238,1
DA:239,52
DA:241,52
DA:243,52
DA:244,52
DA:245,52
DA:246,52
DA:247,222
DA:250,52
DA:252,52
DA:287,1
DA:289,1
DA:291,1
DA:293,1
DA:294,2
DA:297,1
DA:298,4
DA:299,4
DA:300,4
DA:301,2
DA:302,0
DA:303,0
DA:305,2
DA:306,2
DA:307,2
DA:308,0
DA:310,4
DA:311,2
DA:313,2
DA:341,1
DA:343,1
DA:345,1
DA:365,1
DA:366,8
DA:367,2
DA:368,2
DA:369,2
DA:370,2
DA:371,2
DA:372,2
DA:373,6
DA:374,4
DA:375,4
DA:376,4
DA:377,4
DA:378,2
DA:380,4
DA:382,8
DA:385,1
DA:386,16
DA:387,16
DA:388,16
DA:389,8
DA:390,0
DA:391,0
DA:393,8
DA:394,8
DA:395,8
DA:396,0
DA:399,16
DA:400,4
DA:401,0
DA:403,4
DA:404,4
DA:405,4
DA:406,4
DA:407,12
DA:408,8
DA:409,8
DA:410,8
DA:411,8
DA:412,8
DA:413,8
DA:416,16
DA:417,8
DA:419,8
DA:430,1
DA:432,1
DA:434,1
DA:448,1
DA:449,6
DA:451,6
DA:455,6
DA:456,2
DA:457,2
DA:458,2
DA:459,2
DA:460,2
DA:462,4
DA:463,4
DA:464,4
DA:465,4
DA:466,2
DA:470,6
DA:473,1
DA:474,6
DA:475,2
DA:476,0
DA:478,2
DA:479,2
DA:480,4
DA:481,4
DA:482,4
DA:483,4
DA:484,4
DA:485,4
DA:487,0
DA:498,1
DA:500,1
DA:502,1
DA:513,1
DA:514,2
DA:515,2
DA:516,2
DA:517,2
DA:518,2
DA:521,1
DA:522,2
DA:536,1
DA:538,1
DA:540,1
DA:560,1
DA:561,8
DA:562,8
DA:563,32
DA:564,16
DA:565,16
DA:566,16
DA:569,8
DA:571,8
DA:572,8
DA:573,16
DA:574,16
DA:577,8
DA:580,1
DA:581,6
DA:586,6
DA:587,0
DA:590,6
DA:591,0
DA:593,6
DA:594,12
DA:595,12
DA:596,12
DA:597,12
DA:598,0
DA:600,12
DA:601,12
DA:604,0
DA:610,1
DA:615,1
DA:621,1
DA:625,1
DA:629,1
DA:643,1
DA:645,1
DA:647,1
DA:661,1
DA:662,2
DA:664,2
DA:665,2
DA:666,2
DA:668,2
DA:669,2
DA:672,1
DA:673,4
DA:674,4
DA:675,4
DA:676,2
DA:677,0
DA:678,0
DA:680,2
DA:681,2
DA:682,2
DA:683,0
DA:685,4
DA:686,4
DA:687,4
DA:688,2
DA:690,2
DA:705,1
DA:707,1
DA:709,1
DA:713,1
DA:714,2
DA:717,1
DA:718,2
DA:719,0
DA:721,2
DA:731,1
DA:733,1
DA:735,1
DA:752,1
DA:753,2
DA:755,2
DA:756,2
DA:757,2
DA:759,2
DA:760,2
DA:761,2
DA:763,2
DA:766,1
DA:767,2
DA:768,2
DA:778,1
DA:780,1
DA:782,1
DA:789,1
DA:790,2
DA:792,2
DA:793,2
DA:794,2
DA:796,2
DA:799,1
DA:800,2
DA:801,0
DA:803,2
DA:823,1
DA:825,1
DA:827,1
DA:829,1
DA:830,2
DA:833,1
DA:834,4
DA:835,4
DA:836,4
DA:837,2
DA:838,0
DA:839,0
DA:841,2
DA:842,2
DA:843,2
DA:844,0
DA:846,4
DA:847,2
DA:849,2
DA:860,1
DA:862,1
DA:910,1
DA:913,1
DA:914,2
DA:915,2
DA:916,2
DA:917,2
DA:918,2
DA:919,2
DA:921,2
DA:923,2
DA:924,2
DA:925,2
DA:927,2
DA:929,2
DA:932,1
DA:933,2
DA:934,2
DA:935,2
DA:936,2
DA:937,2
DA:938,2
DA:939,2
DA:945,1
DA:966,1
DA:970,1
DA:971,1
DA:972,6
DA:973,0
DA:976,6
DA:977,4
DA:980,2
DA:981,2
DA:983,2
DA:984,2
DA:985,11
DA:988,2
DA:989,1
DA:990,0
DA:992,1
DA:995,1
DA:996,1
DA:1000,2
DA:1001,0
DA:1004,2
DA:1005,0
DA:1008,2
DA:1012,1
DA:1013,0
LF:373
LH:339
BRDA:30,1,0,5
BRDA:30,1,1,1
BRDA:50,2,0,0
BRDA:50,2,1,58
BRDA:73,3,0,5
BRDA:73,3,1,1
BRDA:88,4,0,33
BRDA:88,4,1,28
BRDA:98,5,0,0
BRDA:98,5,1,51
BRDA:115,6,0,28
BRDA:115,6,1,62
BRDA:115,7,0,90
BRDA:115,7,1,54
BRDA:117,8,0,28
BRDA:117,8,1,0
BRDA:130,9,0,28
BRDA:130,9,1,62
BRDA:130,10,0,90
BRDA:130,10,1,28
BRDA:131,11,0,28
BRDA:131,11,1,0
BRDA:133,12,0,0
BRDA:133,12,1,28
BRDA:226,13,0,16
BRDA:226,13,1,122
BRDA:232,14,0,40
BRDA:232,14,1,40
BRDA:233,15,0,40
BRDA:233,15,1,10
BRDA:300,16,0,2
BRDA:300,16,1,2
BRDA:301,17,0,0
BRDA:301,17,1,2
BRDA:307,18,0,0
BRDA:307,18,1,2
BRDA:310,19,0,2
BRDA:310,19,1,2
BRDA:366,20,0,2
BRDA:366,20,1,6
BRDA:368,21,0,2
BRDA:368,21,1,2
BRDA:370,22,0,2
BRDA:370,22,1,2
BRDA:373,23,0,4
BRDA:373,23,1,2
BRDA:375,24,0,4
BRDA:375,24,1,4
BRDA:377,25,0,2
BRDA:377,25,1,2
BRDA:388,26,0,8
BRDA:388,26,1,8
BRDA:389,27,0,0
BRDA:389,27,1,8
BRDA:395,28,0,0
BRDA:395,28,1,8
BRDA:399,29,0,4
BRDA:399,29,1,12
BRDA:400,30,0,0
BRDA:400,30,1,4
BRDA:407,31,0,8
BRDA:407,31,1,4
BRDA:416,32,0,8
BRDA:416,32,1,8
BRDA:451,33,0,6
BRDA:451,33,1,4
BRDA:451,33,2,6
BRDA:452,34,0,6
BRDA:452,34,1,2
BRDA:453,35,0,6
BRDA:453,35,1,2
BRDA:455,36,0,2
BRDA:455,36,1,4
BRDA:457,37,0,2
BRDA:457,37,1,2
BRDA:459,38,0,2
BRDA:459,38,1,2
BRDA:463,39,0,4
BRDA:463,39,1,4
BRDA:465,40,0,2
BRDA:465,40,1,2
BRDA:474,41,0,2
BRDA:474,41,1,4
BRDA:475,42,0,0
BRDA:475,42,1,2
BRDA:480,43,0,4
BRDA:480,43,1,0
BRDA:516,44,0,2
BRDA:516,44,1,2
BRDA:563,45,0,16
BRDA:563,45,1,16
BRDA:566,46,0,2
BRDA:566,46,1,14
BRDA:586,47,0,0
BRDA:586,47,1,6
BRDA:586,48,0,6
BRDA:586,48,1,2
BRDA:590,49,0,0
BRDA:590,49,1,6
BRDA:596,50,0,12
BRDA:596,50,1,0
BRDA:597,51,0,0
BRDA:597,51,1,12
BRDA:597,52,0,12
BRDA:597,52,1,0
BRDA:601,53,0,2
BRDA:601,53,1,10
BRDA:665,54,0,2
BRDA:665,54,1,2
BRDA:675,55,0,2
BRDA:675,55,1,2
BRDA:676,56,0,0
BRDA:676,56,1,2
BRDA:682,57,0,0
BRDA:682,57,1,2
BRDA:687,58,0,2
BRDA:687,58,1,2
BRDA:718,59,0,0
BRDA:718,59,1,2
BRDA:756,60,0,2
BRDA:756,60,1,2
BRDA:760,61,0,2
BRDA:760,61,1,2
BRDA:793,62,0,2
BRDA:793,62,1,2
BRDA:800,63,0,0
BRDA:800,63,1,2
BRDA:836,64,0,2
BRDA:836,64,1,2
BRDA:837,65,0,0
BRDA:837,65,1,2
BRDA:843,66,0,0
BRDA:843,66,1,2
BRDA:846,67,0,2
BRDA:846,67,1,2
BRDA:972,68,0,0
BRDA:972,68,1,6
BRDA:976,69,0,4
BRDA:976,69,1,2
BRDA:988,70,0,1
BRDA:988,70,1,1
BRDA:989,71,0,0
BRDA:989,71,1,1
BRDA:995,72,0,1
BRDA:995,72,1,0
BRDA:1000,73,0,0
BRDA:1000,73,1,2
BRDA:1004,74,0,2
BRDA:1004,74,1,2
BRF:149
BRH:122
end_of_record
