TN:
SF:/data/upstream/node-http2-protocol/lib/compressor.js
FN:40,HeaderTable
FN:78,entryFromPair
FN:97,size
FN:119,_enforceLimit
FN:131,(anonymous_5)
FN:144,setSizeLimit
FN:231,HeaderSetDecompressor
FN:242,_transform
FN:269,_execute
FN:354,_flush
FN:388,HeaderSetCompressor
FN:396,send
FN:409,_transform
FN:514,_flush
FN:545,writeInteger
FN:586,readInteger
FN:608,HuffmanTable
FN:609,createTree
FN:632,(anonymous_19)
FN:635,(anonymous_20)
FN:640,encode
FN:644,add
FN:685,decode
FN:1003,writeString
FN:1019,readString
FN:1100,writeHeader
FN:1137,readHeader
FN:1203,Compressor
FN:1213,setTableSizeLimit
FN:1220,compress
FN:1232,(anonymous_31)
FN:1265,_transform
FN:1318,Decompressor
FN:1331,setTableSizeLimit
FN:1338,decompress
FN:1374,_transform
FN:1403,(anonymous_37)
FN:1424,concat
FN:1439,cut
FN:1450,trim
FNF:40
FNH:37
FNDA:14,HeaderTable
FNDA:920,entryFromPair
FNDA:920,size
FNDA:78,_enforceLimit
FNDA:78,(anonymous_5)
FNDA:0,setSizeLimit
FNDA:25,HeaderSetDecompressor
FNDA:25,_transform
FNDA:119,_execute
FNDA:25,_flush
FNDA:20,HeaderSetCompressor
FNDA:104,send
FNDA:94,_transform
FNDA:20,_flush
FNDA:165,writeInteger
FNDA:192,readInteger
FNDA:1,HuffmanTable
FNDA:513,createTree
FNDA:257,(anonymous_19)
FNDA:257,(anonymous_20)
FNDA:74,encode
FNDA:59073,add
FNDA:80,decode
FNDA:44,writeString
FNDA:55,readString
FNDA:116,writeHeader
FNDA:133,readHeader
FNDA:6,Compressor
FNDA:0,setTableSizeLimit
FNDA:20,compress
FNDA:2,(anonymous_31)
FNDA:16,_transform
FNDA:8,Decompressor
FNDA:0,setTableSizeLimit
FNDA:25,decompress
FNDA:16,_transform
FNDA:10,(anonymous_37)
FNDA:55,concat
FNDA:10,cut
FNDA:10,trim
DA:18,1
DA:19,1
DA:20,1
DA:21,1
DA:22,1
DA:23,1
DA:25,1
DA:26,1
DA:27,1
DA:40,1
DA:41,14
DA:42,14
DA:43,14
DA:44,14
DA:45,14
DA:46,14
DA:47,14
DA:48,14
DA:49,14
DA:78,1
DA:79,920
DA:80,920
DA:81,920
DA:82,920
DA:83,920
DA:84,920
DA:95,1
DA:97,1
DA:98,920
DA:119,1
DA:120,78
DA:121,78
DA:122,78
DA:123,0
DA:124,0
DA:125,0
DA:126,0
DA:128,78
DA:131,1
DA:132,78
DA:133,78
DA:135,78
DA:136,78
DA:137,78
DA:140,78
DA:144,1
DA:145,0
DA:146,0
DA:157,1
DA:230,1
DA:231,1
DA:232,25
DA:234,25
DA:235,25
DA:236,25
DA:242,1
DA:243,25
DA:244,25
DA:269,1
DA:270,119
DA:273,119
DA:292,119
DA:293,83
DA:294,83
DA:296,83
DA:297,1
DA:298,1
DA:299,70
DA:303,0
DA:307,82
DA:308,50
DA:312,32
DA:313,32
DA:315,32
DA:316,10
DA:317,10
DA:320,32
DA:321,32
DA:333,36
DA:334,29
DA:336,7
DA:339,36
DA:340,34
DA:341,34
DA:342,34
DA:343,34
DA:346,36
DA:354,1
DA:355,25
DA:358,25
DA:359,25
DA:360,119
DA:364,25
DA:365,1790
DA:366,1790
DA:367,46
DA:369,1790
DA:372,25
DA:387,1
DA:388,1
DA:389,20
DA:391,20
DA:392,20
DA:393,20
DA:396,1
DA:397,104
DA:400,104
DA:401,102
DA:403,104
DA:409,1
DA:410,94
DA:411,94
DA:412,94
DA:415,94
DA:416,94
DA:417,2494
DA:418,2494
DA:419,128
DA:420,68
DA:421,68
DA:422,60
DA:423,34
DA:452,94
DA:453,68
DA:455,68
DA:456,30
DA:457,10
DA:458,10
DA:460,30
DA:461,30
DA:462,30
DA:465,38
DA:466,0
DA:467,0
DA:468,0
DA:469,0
DA:470,0
DA:471,0
DA:474,38
DA:475,2
DA:476,2
DA:480,36
DA:486,26
DA:487,26
DA:489,26
DA:491,26
DA:492,24
DA:493,24
DA:494,24
DA:495,0
DA:496,0
DA:497,0
DA:498,0
DA:499,0
DA:500,0
DA:505,26
DA:508,94
DA:514,1
DA:516,20
DA:517,1450
DA:518,1450
DA:519,44
DA:520,44
DA:522,1450
DA:523,1450
DA:526,20
DA:545,1
DA:546,165
DA:547,165
DA:548,158
DA:551,7
DA:552,7
DA:553,5
DA:555,7
DA:557,7
DA:558,7
DA:559,11
DA:560,11
DA:562,11
DA:563,4
DA:565,11
DA:567,11
DA:570,7
DA:586,1
DA:587,192
DA:589,192
DA:590,192
DA:591,190
DA:594,192
DA:595,7
DA:596,7
DA:597,11
DA:598,11
DA:599,11
DA:603,192
DA:608,1
DA:609,1
DA:610,513
DA:611,257
DA:615,256
DA:616,256
DA:617,256
DA:618,256
DA:619,5107
DA:620,5107
DA:621,787
DA:623,4320
DA:626,256
DA:630,1
DA:632,1
DA:633,257
DA:635,1
DA:636,257
DA:640,1
DA:641,74
DA:642,74
DA:644,1
DA:645,59073
DA:646,26218
DA:648,32855
DA:652,74
DA:653,37682
DA:654,37682
DA:655,37682
DA:657,37682
DA:658,59006
DA:659,37682
DA:660,37682
DA:661,37682
DA:662,37682
DA:664,21324
DA:665,21324
DA:666,21324
DA:667,21324
DA:668,21324
DA:669,21324
DA:672,59006
DA:673,26151
DA:678,74
DA:679,67
DA:682,74
DA:685,1
DA:686,80
DA:687,80
DA:689,80
DA:690,26215
DA:692,26215
DA:693,209720
DA:694,209720
DA:696,209720
DA:697,209720
DA:698,37747
DA:699,37747
DA:704,80
DA:712,1
DA:1003,1
DA:1004,44
DA:1006,44
DA:1007,44
DA:1008,41
DA:1009,41
DA:1010,41
DA:1014,3
DA:1015,3
DA:1019,1
DA:1020,55
DA:1021,55
DA:1022,55
DA:1023,55
DA:1024,55
DA:1094,1
DA:1100,1
DA:1101,116
DA:1103,116
DA:1104,81
DA:1105,35
DA:1106,33
DA:1108,2
DA:1111,116
DA:1112,81
DA:1113,81
DA:1114,1
DA:1115,1
DA:1117,0
DA:1123,35
DA:1124,28
DA:1126,7
DA:1127,7
DA:1129,35
DA:1132,116
DA:1134,116
DA:1137,1
DA:1138,133
DA:1140,133
DA:1141,133
DA:1142,88
DA:1143,45
DA:1144,2
DA:1146,43
DA:1149,133
DA:1150,88
DA:1151,88
DA:1152,88
DA:1153,2
DA:1154,2
DA:1155,2
DA:1157,0
DA:1163,45
DA:1164,45
DA:1165,8
DA:1167,45
DA:1168,45
DA:1171,133
DA:1196,1
DA:1202,1
DA:1203,1
DA:1204,6
DA:1206,6
DA:1208,6
DA:1209,6
DA:1213,1
DA:1214,0
DA:1220,1
DA:1221,20
DA:1222,20
DA:1223,86
DA:1224,86
DA:1228,86
DA:1229,2
DA:1230,2
DA:1232,2
DA:1233,2
DA:1243,86
DA:1244,6
DA:1247,86
DA:1248,2
DA:1249,10
DA:1252,84
DA:1255,20
DA:1257,20
DA:1258,20
DA:1259,168
DA:1261,20
DA:1265,1
DA:1273,16
DA:1274,10
DA:1276,10
DA:1278,10
DA:1279,10
DA:1280,10
DA:1281,10
DA:1283,10
DA:1284,10
DA:1285,10
DA:1286,10
DA:1288,0
DA:1294,10
DA:1296,10
DA:1302,6
DA:1305,16
DA:1317,1
DA:1318,1
DA:1319,8
DA:1321,8
DA:1323,8
DA:1324,8
DA:1326,8
DA:1327,8
DA:1331,1
DA:1332,0
DA:1338,1
DA:1339,25
DA:1340,25
DA:1342,25
DA:1343,25
DA:1344,25
DA:1345,114
DA:1348,114
DA:1349,114
DA:1350,124
DA:1351,124
DA:1352,19
DA:1353,10
DA:1355,9
DA:1358,105
DA:1366,25
DA:1367,2
DA:1370,25
DA:1374,1
DA:1377,16
DA:1378,1
DA:1379,1
DA:1380,1
DA:1381,1
DA:1383,0
DA:1388,15
DA:1389,11
DA:1390,11
DA:1391,11
DA:1396,4
DA:1402,15
DA:1403,10
DA:1404,10
DA:1406,10
DA:1407,10
DA:1409,0
DA:1410,0
DA:1411,0
DA:1413,10
DA:1414,10
DA:1417,15
DA:1424,1
DA:1425,55
DA:1426,55
DA:1427,203
DA:1430,55
DA:1431,55
DA:1432,203
DA:1435,55
DA:1439,1
DA:1440,10
DA:1441,10
DA:1442,10
DA:1443,10
DA:1444,10
DA:1445,10
DA:1447,10
DA:1450,1
DA:1451,10
LF:429
LH:401
BRDA:43,1,0,14
BRDA:43,1,1,14
BRDA:122,2,0,78
BRDA:122,2,1,0
BRDA:135,3,0,78
BRDA:135,3,1,0
BRDA:292,4,0,83
BRDA:292,4,1,36
BRDA:296,5,0,1
BRDA:296,5,1,82
BRDA:297,6,0,1
BRDA:297,6,1,0
BRDA:307,7,0,50
BRDA:307,7,1,32
BRDA:315,8,0,10
BRDA:315,8,1,22
BRDA:333,9,0,29
BRDA:333,9,1,7
BRDA:339,10,0,34
BRDA:339,10,1,2
BRDA:366,11,0,46
BRDA:366,11,1,1744
BRDA:366,12,0,1790
BRDA:366,12,1,110
BRDA:400,13,0,102
BRDA:400,13,1,2
BRDA:418,14,0,128
BRDA:418,14,1,2366
BRDA:419,15,0,68
BRDA:419,15,1,60
BRDA:422,16,0,34
BRDA:422,16,1,26
BRDA:452,17,0,68
BRDA:452,17,1,26
BRDA:455,18,0,30
BRDA:455,18,1,38
BRDA:456,19,0,10
BRDA:456,19,1,20
BRDA:465,20,0,0
BRDA:465,20,1,38
BRDA:474,21,0,2
BRDA:474,21,1,36
BRDA:491,22,0,24
BRDA:491,22,1,2
BRDA:497,23,0,0
BRDA:497,23,1,0
BRDA:505,24,0,20
BRDA:505,24,1,6
BRDA:518,25,0,44
BRDA:518,25,1,1406
BRDA:518,26,0,1450
BRDA:518,26,1,134
BRDA:518,26,2,98
BRDA:547,27,0,158
BRDA:547,27,1,7
BRDA:552,28,0,5
BRDA:552,28,1,2
BRDA:562,29,0,4
BRDA:562,29,1,7
BRDA:590,30,0,190
BRDA:590,30,1,2
BRDA:594,31,0,7
BRDA:594,31,1,185
BRDA:610,32,0,257
BRDA:610,32,1,256
BRDA:615,33,0,256
BRDA:615,33,1,1
BRDA:620,34,0,787
BRDA:620,34,1,4320
BRDA:645,35,0,26218
BRDA:645,35,1,32855
BRDA:658,36,0,37682
BRDA:658,36,1,21324
BRDA:672,37,0,26151
BRDA:672,37,1,32855
BRDA:678,38,0,67
BRDA:678,38,1,7
BRDA:693,39,0,105532
BRDA:693,39,1,104188
BRDA:697,40,0,37747
BRDA:697,40,1,171973
BRDA:1007,41,0,41
BRDA:1007,41,1,3
BRDA:1024,42,0,50
BRDA:1024,42,1,5
BRDA:1103,43,0,81
BRDA:1103,43,1,35
BRDA:1105,44,0,33
BRDA:1105,44,1,2
BRDA:1111,45,0,81
BRDA:1111,45,1,35
BRDA:1113,46,0,1
BRDA:1113,46,1,80
BRDA:1114,47,0,1
BRDA:1114,47,1,0
BRDA:1123,48,0,28
BRDA:1123,48,1,7
BRDA:1141,49,0,88
BRDA:1141,49,1,45
BRDA:1143,50,0,2
BRDA:1143,50,1,43
BRDA:1149,51,0,88
BRDA:1149,51,1,45
BRDA:1152,52,0,2
BRDA:1152,52,1,86
BRDA:1153,53,0,2
BRDA:1153,53,1,0
BRDA:1164,54,0,8
BRDA:1164,54,1,37
BRDA:1208,55,0,6
BRDA:1208,55,1,3
BRDA:1228,56,0,2
BRDA:1228,56,1,84
BRDA:1229,57,0,2
BRDA:1229,57,1,0
BRDA:1243,58,0,6
BRDA:1243,58,1,80
BRDA:1243,59,0,86
BRDA:1243,59,1,8
BRDA:1247,60,0,2
BRDA:1247,60,1,84
BRDA:1273,61,0,10
BRDA:1273,61,1,6
BRDA:1273,62,0,16
BRDA:1273,62,1,11
BRDA:1283,63,0,10
BRDA:1283,63,1,0
BRDA:1323,64,0,8
BRDA:1323,64,1,3
BRDA:1351,65,0,19
BRDA:1351,65,1,105
BRDA:1352,66,0,10
BRDA:1352,66,1,9
BRDA:1366,67,0,2
BRDA:1366,67,1,23
BRDA:1366,68,0,25
BRDA:1366,68,1,2
BRDA:1377,69,0,1
BRDA:1377,69,1,15
BRDA:1378,70,0,1
BRDA:1378,70,1,0
BRDA:1378,71,0,1
BRDA:1378,71,1,0
BRDA:1388,72,0,11
BRDA:1388,72,1,4
BRDA:1388,73,0,15
BRDA:1388,73,1,9
BRDA:1402,74,0,10
BRDA:1402,74,1,5
BRDA:1402,75,0,15
BRDA:1402,75,1,11
BRDA:1402,75,2,6
BRF:152
BRH:140
end_of_record
TN:
SF:/data/upstream/node-http2-protocol/lib/connection.js
FN:39,Connection
FN:100,_initializeStreamManagement
FN:123,_writeControlFrame
FN:135,_updateStreamLimit
FN:144,_changeStreamCount
FN:164,_allocateId
FN:199,_allocatePriority
FN:207,_insert
FN:215,_reprioritize
FN:229,_createIncomingStream
FN:241,createStream
FN:254,_initializeMultiplexing
FN:262,_send
FN:346,_receive
FN:383,_initializeSettingsManagement
FN:397,_onFirstFrameReceived
FN:407,_receiveSettings
FN:433,set
FN:435,noop
FN:437,(anonymous_20)
FN:466,_initializeLifecycleManagement
FN:474,_generatePingId
FN:485,ping
FN:502,_receivePing
FN:530,close
FN:548,_receiveGoaway
FN:560,_initializeFlowControl
FN:563,(anonymous_28)
FN:567,noop
FN:577,_setInitialStreamWindowSize
FN:584,(anonymous_31)
FNF:31
FNH:31
FNDA:21,Connection
FNDA:21,_initializeStreamManagement
FNDA:41,_writeControlFrame
FNDA:18,_updateStreamLimit
FNDA:28,_changeStreamCount
FNDA:20,_allocateId
FNDA:20,_allocatePriority
FNDA:50,_insert
FNDA:10,_reprioritize
FNDA:10,_createIncomingStream
FNDA:7,createStream
FNDA:21,_initializeMultiplexing
FNDA:116,_send
FNDA:59,_receive
FNDA:21,_initializeSettingsManagement
FNDA:18,_onFirstFrameReceived
FNDA:36,_receiveSettings
FNDA:21,set
FNDA:18,noop
FNDA:18,(anonymous_20)
FNDA:21,_initializeLifecycleManagement
FNDA:2,_generatePingId
FNDA:2,ping
FNDA:5,_receivePing
FNDA:1,close
FNDA:1,_receiveGoaway
FNDA:21,_initializeFlowControl
FNDA:20,(anonymous_28)
FNDA:18,noop
FNDA:18,_setInitialStreamWindowSize
FNDA:18,(anonymous_31)
DA:1,1
DA:10,1
DA:12,1
DA:39,1
DA:41,21
DA:44,21
DA:47,21
DA:50,21
DA:53,21
DA:56,21
DA:59,21
DA:61,1
DA:97,1
DA:100,1
DA:104,21
DA:105,21
DA:108,21
DA:109,21
DA:112,21
DA:116,21
DA:117,21
DA:118,21
DA:123,1
DA:124,41
DA:126,41
DA:127,41
DA:129,0
DA:130,0
DA:135,1
DA:136,18
DA:137,18
DA:138,18
DA:139,18
DA:140,0
DA:144,1
DA:145,28
DA:146,20
DA:148,20
DA:149,20
DA:150,20
DA:151,0
DA:164,1
DA:166,20
DA:167,10
DA:168,10
DA:172,10
DA:173,10
DA:178,0
DA:180,0
DA:181,0
DA:184,20
DA:187,20
DA:188,20
DA:189,20
DA:190,20
DA:193,20
DA:195,20
DA:199,1
DA:200,20
DA:201,20
DA:202,20
DA:203,20
DA:204,20
DA:207,1
DA:208,50
DA:209,20
DA:211,30
DA:215,1
DA:216,10
DA:217,10
DA:218,10
DA:219,10
DA:220,10
DA:221,7
DA:224,10
DA:229,1
DA:230,10
DA:232,10
DA:233,10
DA:234,10
DA:235,10
DA:237,10
DA:241,1
DA:242,7
DA:245,7
DA:246,7
DA:248,7
DA:254,1
DA:255,21
DA:256,21
DA:257,21
DA:262,1
DA:264,116
DA:265,1
DA:269,115
DA:270,43
DA:272,72
DA:273,44
DA:274,44
DA:276,72
DA:279,43
DA:282,43
DA:283,43
DA:284,21
DA:285,21
DA:298,21
DA:299,36
DA:300,52
DA:301,52
DA:303,52
DA:304,34
DA:305,18
DA:306,0
DA:307,0
DA:310,18
DA:312,18
DA:313,10
DA:316,18
DA:317,3
DA:318,3
DA:321,18
DA:322,18
DA:323,18
DA:325,18
DA:326,18
DA:327,0
DA:331,36
DA:332,36
DA:337,43
DA:338,35
DA:341,43
DA:346,1
DA:347,59
DA:350,59
DA:351,18
DA:352,18
DA:356,59
DA:359,59
DA:360,7
DA:364,59
DA:365,3
DA:368,59
DA:371,59
DA:373,59
DA:379,1
DA:383,1
DA:385,21
DA:388,21
DA:390,21
DA:393,21
DA:397,1
DA:398,18
DA:399,18
DA:401,0
DA:402,0
DA:407,1
DA:409,36
DA:410,18
DA:411,18
DA:412,18
DA:418,18
DA:419,18
DA:426,18
DA:427,36
DA:433,1
DA:435,21
DA:436,21
DA:437,21
DA:438,18
DA:439,36
DA:441,18
DA:445,21
DA:451,21
DA:452,42
DA:466,1
DA:467,21
DA:468,21
DA:469,21
DA:470,21
DA:474,1
DA:475,2
DA:476,2
DA:477,2
DA:478,32
DA:481,2
DA:485,1
DA:486,2
DA:487,2
DA:488,2
DA:490,2
DA:491,2
DA:502,1
DA:503,5
DA:504,2
DA:505,2
DA:506,2
DA:507,2
DA:508,2
DA:509,2
DA:511,2
DA:513,0
DA:517,3
DA:518,3
DA:530,1
DA:531,1
DA:532,0
DA:533,0
DA:536,1
DA:537,1
DA:544,1
DA:545,1
DA:548,1
DA:549,1
DA:550,1
DA:551,1
DA:552,1
DA:553,0
DA:560,1
DA:562,21
DA:563,21
DA:564,20
DA:566,21
DA:567,21
DA:571,1
DA:577,1
DA:578,18
DA:579,0
DA:580,0
DA:582,18
DA:583,18
DA:584,18
DA:585,18
LF:232
LH:214
BRDA:124,1,0,41
BRDA:124,1,1,0
BRDA:124,2,0,41
BRDA:124,2,1,5
BRDA:124,2,2,1
BRDA:124,2,3,0
BRDA:136,3,0,18
BRDA:136,3,1,0
BRDA:139,4,0,0
BRDA:139,4,1,18
BRDA:145,5,0,20
BRDA:145,5,1,8
BRDA:148,6,0,20
BRDA:148,6,1,0
BRDA:150,7,0,0
BRDA:150,7,1,20
BRDA:166,8,0,10
BRDA:166,8,1,10
BRDA:172,9,0,10
BRDA:172,9,1,0
BRDA:172,10,0,10
BRDA:172,10,1,10
BRDA:208,11,0,20
BRDA:208,11,1,30
BRDA:220,12,0,7
BRDA:220,12,1,3
BRDA:264,13,0,1
BRDA:264,13,1,115
BRDA:269,14,0,43
BRDA:269,14,1,72
BRDA:272,15,0,44
BRDA:272,15,1,28
BRDA:301,16,0,52
BRDA:301,16,1,0
BRDA:303,17,0,34
BRDA:303,17,1,18
BRDA:305,18,0,0
BRDA:305,18,1,18
BRDA:312,19,0,10
BRDA:312,19,1,8
BRDA:313,20,0,10
BRDA:313,20,1,7
BRDA:316,21,0,3
BRDA:316,21,1,15
BRDA:326,22,0,0
BRDA:326,22,1,18
BRDA:337,23,0,35
BRDA:337,23,1,8
BRDA:350,24,0,18
BRDA:350,24,1,41
BRDA:359,25,0,7
BRDA:359,25,1,52
BRDA:364,26,0,3
BRDA:364,26,1,56
BRDA:390,27,0,21
BRDA:390,27,1,0
BRDA:398,28,0,18
BRDA:398,28,1,0
BRDA:398,29,0,18
BRDA:398,29,1,18
BRDA:409,30,0,18
BRDA:409,30,1,18
BRDA:411,31,0,18
BRDA:411,31,1,0
BRDA:418,32,0,18
BRDA:418,32,1,0
BRDA:435,33,0,21
BRDA:435,33,1,21
BRDA:503,34,0,2
BRDA:503,34,1,3
BRDA:505,35,0,2
BRDA:505,35,1,0
BRDA:508,36,0,2
BRDA:508,36,1,0
BRDA:531,37,0,0
BRDA:531,37,1,1
BRDA:542,38,0,1
BRDA:542,38,1,1
BRDA:552,39,0,0
BRDA:552,39,1,1
BRDA:578,40,0,0
BRDA:578,40,1,18
BRDA:578,41,0,18
BRDA:578,41,1,0
BRF:84
BRH:64
end_of_record
TN:
SF:/data/upstream/node-http2-protocol/lib/flow.js
FN:59,Flow
FN:74,_receive
FN:82,_write
FN:88,(anonymous_4)
FN:109,_restoreWindow
FN:141,_send
FN:148,_read
FN:182,read
FN:229,_parentPush
FN:246,_push
FN:272,push
FN:293,getLastQueuedFrame
FN:311,_increaseWindow
FN:335,_updateWindow
FN:343,setInitialWindow
FNF:15
FNH:15
FNDA:114,Flow
FNDA:1,_receive
FNDA:198,_write
FNDA:111,(anonymous_4)
FNDA:16,_restoreWindow
FNDA:1,_send
FNDA:138,_read
FNDA:361,read
FNDA:123,_parentPush
FNDA:124,_push
FNDA:117,push
FNDA:13,getLastQueuedFrame
FNDA:32,_increaseWindow
FNDA:5,_updateWindow
FNDA:20,setInitialWindow
DA:1,1
DA:10,1
DA:12,1
DA:56,1
DA:59,1
DA:60,114
DA:62,114
DA:63,114
DA:64,114
DA:65,114
DA:66,114
DA:68,1
DA:74,1
DA:75,1
DA:82,1
DA:83,198
DA:84,19
DA:87,198
DA:88,111
DA:89,111
DA:90,111
DA:91,16
DA:93,111
DA:98,87
DA:101,198
DA:103,5
DA:109,1
DA:110,16
DA:111,16
DA:112,6
DA:118,6
DA:141,1
DA:142,1
DA:148,1
DA:150,138
DA:151,123
DA:156,15
DA:157,7
DA:158,7
DA:159,8
DA:160,8
DA:161,6
DA:164,7
DA:166,7
DA:173,8
DA:177,1
DA:182,1
DA:183,361
DA:184,59
DA:185,302
DA:186,0
DA:187,302
DA:188,302
DA:193,302
DA:194,302
DA:196,302
DA:197,214
DA:198,109
DA:200,214
DA:203,88
DA:204,0
DA:205,0
DA:207,0
DA:211,88
DA:213,88
DA:219,88
DA:221,88
DA:222,0
DA:224,88
DA:229,1
DA:230,123
DA:232,123
DA:233,24
DA:235,24
DA:236,24
DA:239,123
DA:246,1
DA:247,124
DA:249,124
DA:250,117
DA:253,7
DA:254,1
DA:258,6
DA:260,6
DA:261,6
DA:267,6
DA:272,1
DA:273,117
DA:274,3
DA:276,114
DA:279,117
DA:280,117
DA:281,116
DA:284,117
DA:285,6
DA:288,117
DA:293,1
DA:294,13
DA:295,13
DA:309,1
DA:311,1
DA:312,32
DA:313,1
DA:314,1
DA:316,31
DA:317,31
DA:318,31
DA:319,1
DA:320,1
DA:322,30
DA:335,1
DA:336,5
DA:343,1
DA:344,20
DA:345,20
LF:115
LH:110
BRDA:83,1,0,19
BRDA:83,1,1,179
BRDA:83,2,0,198
BRDA:83,2,1,179
BRDA:87,3,0,111
BRDA:87,3,1,87
BRDA:87,4,0,198
BRDA:87,4,1,114
BRDA:90,5,0,16
BRDA:90,5,1,95
BRDA:101,6,0,5
BRDA:101,6,1,193
BRDA:101,7,0,198
BRDA:101,7,1,5
BRDA:101,7,2,5
BRDA:111,8,0,6
BRDA:111,8,1,10
BRDA:111,9,0,16
BRDA:111,9,1,6
BRDA:150,10,0,123
BRDA:150,10,1,15
BRDA:156,11,0,7
BRDA:156,11,1,8
BRDA:163,12,0,8
BRDA:163,12,1,6
BRDA:160,13,0,6
BRDA:160,13,1,2
BRDA:166,14,0,7
BRDA:166,14,1,7
BRDA:166,14,2,2
BRDA:166,14,3,2
BRDA:183,15,0,59
BRDA:183,15,1,302
BRDA:185,16,0,0
BRDA:185,16,1,302
BRDA:187,17,0,302
BRDA:187,17,1,0
BRDA:187,18,0,302
BRDA:187,18,1,52
BRDA:194,19,0,302
BRDA:194,19,1,105
BRDA:196,20,0,214
BRDA:196,20,1,88
BRDA:196,21,0,302
BRDA:196,21,1,200
BRDA:196,21,2,115
BRDA:197,22,0,109
BRDA:197,22,1,105
BRDA:203,23,0,0
BRDA:203,23,1,88
BRDA:204,24,0,0
BRDA:204,24,1,0
BRDA:221,25,0,0
BRDA:221,25,1,88
BRDA:232,26,0,24
BRDA:232,26,1,99
BRDA:232,27,0,123
BRDA:232,27,1,120
BRDA:232,27,2,27
BRDA:247,28,0,124
BRDA:247,28,1,121
BRDA:247,28,2,28
BRDA:249,29,0,117
BRDA:249,29,1,7
BRDA:249,30,0,124
BRDA:249,30,1,28
BRDA:253,31,0,1
BRDA:253,31,1,6
BRDA:273,32,0,3
BRDA:273,32,1,114
BRDA:280,33,0,116
BRDA:280,33,1,1
BRDA:284,34,0,6
BRDA:284,34,1,111
BRDA:295,35,0,13
BRDA:295,35,1,13
BRDA:312,36,0,1
BRDA:312,36,1,31
BRDA:312,37,0,32
BRDA:312,37,1,1
BRDA:318,38,0,1
BRDA:318,38,1,30
BRDA:318,39,0,31
BRDA:318,39,1,29
BRDA:336,40,0,0
BRDA:336,40,1,5
BRF:86
BRH:79
end_of_record
TN:
SF:/data/upstream/node-http2-protocol/lib/stream.js
FN:49,Stream
FN:75,_initializeManagement
FN:81,promise
FN:94,_onPromise
FN:98,headers
FN:107,_onHeaders
FN:114,priority
FN:138,_onPriority
FN:144,reset
FN:191,_initializeDataFlow
FN:206,_pushUpstream
FN:213,_writeUpstream
FN:242,_receive
FN:266,_read
FN:275,_write
FN:295,_send
FN:308,_finishing
FN:355,_initializeState
FN:364,transition
FN:373,activeState
FN:380,transition
FN:617,(anonymous_22)
FNF:22
FNH:20
FNDA:80,Stream
FNDA:80,_initializeManagement
FNDA:4,promise
FNDA:4,_onPromise
FNDA:19,headers
FNDA:19,_onHeaders
FNDA:0,priority
FNDA:0,_onPriority
FNDA:10,reset
FNDA:80,_initializeDataFlow
FNDA:34,_pushUpstream
FNDA:32,_writeUpstream
FNDA:32,_receive
FNDA:6,_read
FNDA:7,_write
FNDA:44,_send
FNDA:13,_finishing
FNDA:80,_initializeState
FNDA:71,transition
FNDA:104,activeState
FNDA:142,transition
FNDA:6,(anonymous_22)
DA:1,1
DA:12,1
DA:14,1
DA:49,1
DA:50,80
DA:53,80
DA:56,80
DA:59,80
DA:62,80
DA:65,1
DA:71,1
DA:72,1
DA:75,1
DA:76,80
DA:77,80
DA:78,80
DA:81,1
DA:82,4
DA:83,4
DA:84,4
DA:91,4
DA:94,1
DA:95,4
DA:98,1
DA:99,19
DA:107,1
DA:108,19
DA:109,0
DA:111,19
DA:114,1
DA:115,0
DA:116,0
DA:117,0
DA:119,0
DA:120,0
DA:121,0
DA:123,0
DA:132,0
DA:133,0
DA:134,0
DA:138,1
DA:139,0
DA:144,1
DA:145,10
DA:146,3
DA:147,3
DA:189,1
DA:191,1
DA:192,80
DA:194,80
DA:196,80
DA:197,80
DA:198,80
DA:199,80
DA:200,80
DA:201,80
DA:203,80
DA:206,1
DA:207,34
DA:208,34
DA:213,1
DA:214,32
DA:216,32
DA:219,32
DA:222,32
DA:223,19
DA:224,13
DA:225,4
DA:226,9
DA:227,0
DA:231,9
DA:234,0
DA:235,0
DA:238,32
DA:242,1
DA:245,32
DA:246,9
DA:247,9
DA:248,0
DA:253,32
DA:254,13
DA:255,13
DA:259,32
DA:260,32
DA:266,1
DA:267,6
DA:268,0
DA:269,0
DA:270,0
DA:275,1
DA:277,7
DA:285,7
DA:286,0
DA:288,7
DA:295,1
DA:296,44
DA:297,7
DA:298,7
DA:299,7
DA:307,1
DA:308,1
DA:309,13
DA:315,13
DA:316,13
DA:317,12
DA:318,12
DA:319,12
DA:321,1
DA:355,1
DA:356,80
DA:357,80
DA:358,80
DA:359,80
DA:364,1
DA:365,71
DA:366,71
DA:367,71
DA:368,71
DA:373,1
DA:374,104
DA:380,1
DA:381,142
DA:382,142
DA:383,142
DA:385,142
DA:386,142
DA:387,142
DA:388,41
DA:389,46
DA:390,8
DA:391,17
DA:392,20
DA:393,10
DA:396,142
DA:398,142
DA:405,31
DA:406,21
DA:407,21
DA:408,3
DA:410,21
DA:411,10
DA:412,1
DA:414,9
DA:416,31
DA:428,12
DA:429,2
DA:430,10
DA:431,2
DA:432,8
DA:435,8
DA:437,12
DA:447,12
DA:448,2
DA:449,10
DA:450,2
DA:451,8
DA:454,8
DA:456,12
DA:468,22
DA:469,8
DA:470,14
DA:471,2
DA:475,22
DA:484,18
DA:485,9
DA:486,9
DA:489,3
DA:491,18
DA:504,22
DA:505,10
DA:506,12
DA:509,3
DA:511,22
DA:534,25
DA:539,14
DA:541,25
DA:547,142
DA:548,26
DA:549,26
DA:558,142
DA:562,9
DA:563,9
DA:564,9
DA:568,142
DA:569,52
DA:570,52
DA:571,30
DA:573,22
DA:575,90
DA:576,41
DA:580,142
DA:581,45
DA:590,45
DA:591,20
DA:592,20
DA:600,25
DA:601,25
DA:602,16
DA:604,9
DA:605,9
DA:614,1
DA:616,1
DA:617,1
DA:618,6
DA:619,2
DA:620,2
DA:622,6
LF:207
LH:187
BRDA:108,1,0,0
BRDA:108,1,1,19
BRDA:115,2,0,0
BRDA:115,2,1,0
BRDA:115,3,0,0
BRDA:115,3,1,0
BRDA:115,3,2,0
BRDA:116,4,0,0
BRDA:116,4,1,0
BRDA:120,5,0,0
BRDA:120,5,1,0
BRDA:120,6,0,0
BRDA:120,6,1,0
BRDA:120,6,2,0
BRDA:145,7,0,3
BRDA:145,7,1,7
BRDA:222,8,0,19
BRDA:222,8,1,13
BRDA:224,9,0,4
BRDA:224,9,1,9
BRDA:226,10,0,0
BRDA:226,10,1,9
BRDA:231,11,0,0
BRDA:231,11,1,9
BRDA:231,12,0,9
BRDA:231,12,1,0
BRDA:231,12,2,0
BRDA:245,13,0,9
BRDA:245,13,1,23
BRDA:245,14,0,32
BRDA:245,14,1,32
BRDA:247,15,0,0
BRDA:247,15,1,9
BRDA:253,16,0,13
BRDA:253,16,1,19
BRDA:253,17,0,32
BRDA:253,17,1,32
BRDA:253,17,2,19
BRDA:259,18,0,32
BRDA:259,18,1,0
BRDA:267,19,0,0
BRDA:267,19,1,6
BRDA:285,20,0,0
BRDA:285,20,1,7
BRDA:296,21,0,7
BRDA:296,21,1,37
BRDA:316,22,0,12
BRDA:316,22,1,1
BRDA:316,23,0,13
BRDA:316,23,1,12
BRDA:316,23,2,5
BRDA:374,24,0,104
BRDA:374,24,1,82
BRDA:374,24,2,72
BRDA:387,25,0,41
BRDA:387,25,1,46
BRDA:387,25,2,8
BRDA:387,25,3,17
BRDA:387,25,4,20
BRDA:387,25,5,10
BRDA:398,26,0,31
BRDA:398,26,1,12
BRDA:398,26,2,12
BRDA:398,26,3,22
BRDA:398,26,4,18
BRDA:398,26,5,22
BRDA:398,26,6,25
BRDA:405,27,0,21
BRDA:405,27,1,10
BRDA:407,28,0,3
BRDA:407,28,1,18
BRDA:408,29,0,0
BRDA:408,29,1,3
BRDA:411,30,0,1
BRDA:411,30,1,9
BRDA:411,31,0,10
BRDA:411,31,1,5
BRDA:428,32,0,2
BRDA:428,32,1,10
BRDA:428,33,0,12
BRDA:428,33,1,7
BRDA:430,34,0,2
BRDA:430,34,1,8
BRDA:432,35,0,0
BRDA:432,35,1,8
BRDA:432,36,0,8
BRDA:432,36,1,4
BRDA:447,37,0,2
BRDA:447,37,1,10
BRDA:449,38,0,2
BRDA:449,38,1,8
BRDA:449,39,0,10
BRDA:449,39,1,6
BRDA:451,40,0,0
BRDA:451,40,1,8
BRDA:451,41,0,8
BRDA:451,41,1,4
BRDA:468,42,0,8
BRDA:468,42,1,14
BRDA:469,43,0,5
BRDA:469,43,1,3
BRDA:470,44,0,2
BRDA:470,44,1,12
BRDA:484,45,0,9
BRDA:484,45,1,9
BRDA:484,46,0,18
BRDA:484,46,1,16
BRDA:484,46,2,13
BRDA:486,47,0,6
BRDA:486,47,1,3
BRDA:486,48,0,9
BRDA:486,48,1,3
BRDA:486,48,2,3
BRDA:486,48,3,3
BRDA:504,49,0,10
BRDA:504,49,1,12
BRDA:504,50,0,22
BRDA:504,50,1,20
BRDA:504,50,2,17
BRDA:506,51,0,9
BRDA:506,51,1,3
BRDA:506,52,0,12
BRDA:506,52,1,3
BRDA:506,52,2,3
BRDA:506,52,3,3
BRDA:534,53,0,11
BRDA:534,53,1,14
BRDA:534,54,0,25
BRDA:534,54,1,7
BRDA:534,54,2,23
BRDA:534,54,3,18
BRDA:534,54,4,12
BRDA:534,54,5,6
BRDA:534,54,6,5
BRDA:534,54,7,4
BRDA:547,55,0,26
BRDA:547,55,1,116
BRDA:547,56,0,142
BRDA:547,56,1,51
BRDA:558,57,0,9
BRDA:558,57,1,133
BRDA:558,58,0,142
BRDA:558,58,1,20
BRDA:558,58,2,12
BRDA:563,59,0,4
BRDA:563,59,1,5
BRDA:568,60,0,52
BRDA:568,60,1,90
BRDA:570,61,0,30
BRDA:570,61,1,22
BRDA:575,62,0,41
BRDA:575,62,1,49
BRDA:580,63,0,45
BRDA:580,63,1,97
BRDA:580,64,0,142
BRDA:580,64,1,111
BRDA:590,65,0,20
BRDA:590,65,1,25
BRDA:601,66,0,16
BRDA:601,66,1,9
BRDA:618,67,0,2
BRDA:618,67,1,4
BRF:162
BRH:138
end_of_record
TN:
SF:/data/upstream/node-http2-protocol/lib/endpoint.js
FN:50,Endpoint
FN:84,_writePrelude
FN:90,_readPrelude
FN:95,_temporalWrite
FN:153,createTransformStream
FN:156,(anonymous_6)
FN:162,pipeAndFilter
FN:172,_initializeDataFlow
FN:202,_read
FN:214,_write
FN:221,_initializeManagement
FN:225,createStream
FN:232,_initializeErrorHandling
FN:242,_error
FN:248,close
FN:258,(anonymous_16)
FNF:16
FNH:11
FNDA:4,Endpoint
FNDA:2,_writePrelude
FNDA:2,_readPrelude
FNDA:1,_temporalWrite
FNDA:0,createTransformStream
FNDA:0,(anonymous_6)
FNDA:16,pipeAndFilter
FNDA:4,_initializeDataFlow
FNDA:18,_read
FNDA:7,_write
FNDA:4,_initializeManagement
FNDA:0,createStream
FNDA:4,_initializeErrorHandling
FNDA:0,_error
FNDA:0,close
FNDA:6,(anonymous_16)
DA:1,1
DA:3,1
DA:4,1
DA:5,1
DA:6,1
DA:7,1
DA:8,1
DA:9,1
DA:11,1
DA:50,1
DA:51,4
DA:54,4
DA:58,4
DA:59,4
DA:60,2
DA:62,2
DA:68,4
DA:71,4
DA:74,4
DA:76,1
DA:81,1
DA:84,1
DA:85,2
DA:86,2
DA:90,1
DA:92,2
DA:95,2
DA:98,1
DA:99,1
DA:100,24
DA:101,0
DA:103,0
DA:104,0
DA:106,24
DA:111,1
DA:112,1
DA:113,1
DA:114,1
DA:115,1
DA:153,1
DA:154,0
DA:155,0
DA:156,0
DA:157,0
DA:159,0
DA:162,1
DA:163,16
DA:164,0
DA:166,16
DA:170,1
DA:172,1
DA:173,4
DA:174,4
DA:175,2
DA:176,2
DA:177,2
DA:179,2
DA:180,2
DA:181,2
DA:184,4
DA:185,4
DA:186,4
DA:187,4
DA:188,4
DA:190,4
DA:191,4
DA:192,4
DA:193,4
DA:195,4
DA:197,4
DA:201,1
DA:202,1
DA:203,18
DA:204,18
DA:205,18
DA:206,10
DA:208,18
DA:209,8
DA:211,18
DA:214,1
DA:215,7
DA:221,1
DA:222,4
DA:225,1
DA:226,0
DA:232,1
DA:233,4
DA:234,4
DA:235,4
DA:236,4
DA:237,4
DA:239,4
DA:242,1
DA:243,0
DA:244,0
DA:245,0
DA:248,1
DA:249,0
DA:255,1
DA:257,1
DA:258,1
DA:259,6
DA:260,2
DA:261,2
DA:263,6
LF:105
LH:91
BRDA:58,1,0,4
BRDA:58,1,1,2
BRDA:59,2,0,2
BRDA:59,2,1,2
BRDA:68,3,0,4
BRDA:68,3,1,4
BRDA:99,4,0,25
BRDA:99,4,1,24
BRDA:100,5,0,0
BRDA:100,5,1,24
BRDA:111,6,0,1
BRDA:111,6,1,0
BRDA:163,7,0,0
BRDA:163,7,1,16
BRDA:174,8,0,2
BRDA:174,8,1,2
BRDA:205,9,0,28
BRDA:205,9,1,28
BRDA:208,10,0,8
BRDA:208,10,1,10
BRDA:259,11,0,2
BRDA:259,11,1,4
BRF:22
BRH:19
end_of_record
TN:
SF:/data/upstream/node-http2-protocol/lib/framer.js
FN:28,Serializer
FN:38,_transform
FN:70,Deserializer
FN:84,(anonymous_4)
FN:95,_transform
FN:210,writeCommonHeader
FN:238,readCommonHeader
FN:293,writeData
FN:297,readData
FN:360,writeHeadersPriority
FN:370,readHeadersPriority
FN:415,writePriority
FN:421,readPriority
FN:447,writeRstStream
FN:455,readRstStream
FN:494,writeSettings
FN:496,(anonymous_17)
FN:514,readSettings
FN:595,writePushPromise
FN:606,readPushPromise
FN:630,writePing
FN:634,readPing
FN:669,writeGoaway
FN:683,readGoaway
FN:706,writeWindowUpdate
FN:716,readWindowUpdate
FN:746,writeContinuation
FN:750,readContinuation
FN:798,(anonymous_29)
FN:811,(anonymous_30)
FN:831,(anonymous_31)
FN:839,(anonymous_32)
FNF:32
FNH:30
FNDA:5,Serializer
FNDA:17,_transform
FNDA:5,Deserializer
FNDA:43,(anonymous_4)
FNDA:31,_transform
FNDA:28,writeCommonHeader
FNDA:34,readCommonHeader
FNDA:2,writeData
FNDA:4,readData
FNDA:4,writeHeadersPriority
FNDA:8,readHeadersPriority
FNDA:2,writePriority
FNDA:2,readPriority
FNDA:2,writeRstStream
FNDA:2,readRstStream
FNDA:8,writeSettings
FNDA:32,(anonymous_17)
FNDA:6,readSettings
FNDA:2,writePushPromise
FNDA:2,readPushPromise
FNDA:2,writePing
FNDA:2,readPing
FNDA:2,writeGoaway
FNDA:2,readGoaway
FNDA:2,writeWindowUpdate
FNDA:2,readWindowUpdate
FNDA:2,writeContinuation
FNDA:4,readContinuation
FNDA:6,(anonymous_29)
FNDA:8,(anonymous_30)
FNDA:0,(anonymous_31)
FNDA:0,(anonymous_32)
DA:5,1
DA:7,1
DA:9,1
DA:10,1
DA:12,1
DA:14,1
DA:15,1
DA:28,1
DA:29,5
DA:30,5
DA:31,5
DA:33,1
DA:38,1
DA:39,17
DA:41,17
DA:43,17
DA:44,17
DA:45,17
DA:47,17
DA:49,17
DA:50,36
DA:51,0
DA:53,36
DA:56,17
DA:70,1
DA:71,5
DA:72,5
DA:73,5
DA:74,5
DA:75,5
DA:77,1
DA:84,1
DA:85,43
DA:86,43
DA:87,43
DA:88,43
DA:89,24
DA:95,1
DA:96,31
DA:98,31
DA:99,0
DA:102,31
DA:105,58
DA:106,58
DA:107,58
DA:108,58
DA:115,58
DA:116,19
DA:117,19
DA:118,19
DA:120,0
DA:121,0
DA:130,58
DA:131,19
DA:132,19
DA:133,19
DA:134,0
DA:135,0
DA:137,19
DA:138,19
DA:141,0
DA:142,0
DA:144,19
DA:148,31
DA:200,1
DA:202,1
DA:204,1
DA:206,1
DA:208,1
DA:210,1
DA:211,28
DA:213,28
DA:214,28
DA:215,30
DA:217,28
DA:219,28
DA:220,28
DA:222,28
DA:223,28
DA:224,64
DA:225,64
DA:226,64
DA:227,6
DA:230,28
DA:232,28
DA:233,28
DA:235,28
DA:238,1
DA:239,34
DA:241,34
DA:243,34
DA:244,34
DA:245,34
DA:246,34
DA:247,110
DA:250,34
DA:252,34
DA:287,1
DA:289,1
DA:291,1
DA:293,1
DA:294,2
DA:297,1
DA:298,4
DA:299,4
DA:300,4
DA:301,2
DA:302,0
DA:303,0
DA:305,2
DA:306,2
DA:307,2
DA:308,0
DA:310,4
DA:311,2
DA:313,2
DA:344,1
DA:346,1
DA:348,1
DA:360,1
DA:361,4
DA:362,2
DA:363,2
DA:364,2
DA:365,2
DA:367,4
DA:370,1
DA:371,8
DA:372,8
DA:373,8
DA:374,4
DA:375,0
DA:376,0
DA:378,4
DA:379,4
DA:380,4
DA:381,0
DA:383,8
DA:384,4
DA:385,4
DA:387,8
DA:388,4
DA:390,4
DA:401,1
DA:403,1
DA:405,1
DA:415,1
DA:416,2
DA:417,2
DA:418,2
DA:421,1
DA:422,2
DA:432,1
DA:434,1
DA:436,1
DA:447,1
DA:448,2
DA:449,2
DA:450,2
DA:451,2
DA:452,2
DA:455,1
DA:456,2
DA:470,1
DA:472,1
DA:474,1
DA:494,1
DA:495,8
DA:496,8
DA:497,32
DA:498,16
DA:499,16
DA:500,16
DA:503,8
DA:505,8
DA:506,8
DA:507,16
DA:508,16
DA:511,8
DA:514,1
DA:515,6
DA:520,6
DA:521,0
DA:524,6
DA:525,0
DA:527,6
DA:528,12
DA:529,12
DA:530,12
DA:531,12
DA:532,0
DA:534,12
DA:535,12
DA:538,0
DA:544,1
DA:549,1
DA:555,1
DA:559,1
DA:563,1
DA:577,1
DA:579,1
DA:581,1
DA:595,1
DA:596,2
DA:598,2
DA:599,2
DA:600,2
DA:602,2
DA:603,2
DA:606,1
DA:607,2
DA:608,2
DA:622,1
DA:624,1
DA:626,1
DA:630,1
DA:631,2
DA:634,1
DA:635,2
DA:636,0
DA:638,2
DA:648,1
DA:650,1
DA:652,1
DA:669,1
DA:670,2
DA:672,2
DA:673,2
DA:674,2
DA:676,2
DA:677,2
DA:678,2
DA:680,2
DA:683,1
DA:684,2
DA:685,2
DA:695,1
DA:697,1
DA:699,1
DA:706,1
DA:707,2
DA:709,2
DA:710,2
DA:711,2
DA:713,2
DA:716,1
DA:717,2
DA:718,0
DA:720,2
DA:740,1
DA:742,1
DA:744,1
DA:746,1
DA:747,2
DA:750,1
DA:751,4
DA:752,4
DA:753,4
DA:754,2
DA:755,0
DA:756,0
DA:758,2
DA:759,2
DA:760,2
DA:761,0
DA:763,4
DA:764,2
DA:766,2
DA:773,1
DA:786,1
DA:793,1
DA:797,1
DA:798,1
DA:799,6
DA:800,0
DA:803,6
DA:804,4
DA:807,2
DA:808,2
DA:810,2
DA:811,2
DA:812,8
DA:815,2
DA:816,1
DA:817,0
DA:819,1
DA:822,1
DA:823,1
DA:827,2
DA:828,0
DA:831,2
DA:832,0
DA:835,2
DA:839,1
DA:840,0
LF:295
LH:267
BRDA:30,1,0,5
BRDA:30,1,1,1
BRDA:50,2,0,0
BRDA:50,2,1,36
BRDA:73,3,0,5
BRDA:73,3,1,1
BRDA:88,4,0,24
BRDA:88,4,1,19
BRDA:98,5,0,0
BRDA:98,5,1,31
BRDA:115,6,0,19
BRDA:115,6,1,39
BRDA:115,7,0,58
BRDA:115,7,1,36
BRDA:117,8,0,19
BRDA:117,8,1,0
BRDA:130,9,0,19
BRDA:130,9,1,39
BRDA:130,10,0,58
BRDA:130,10,1,19
BRDA:131,11,0,19
BRDA:131,11,1,0
BRDA:133,12,0,0
BRDA:133,12,1,19
BRDA:226,13,0,6
BRDA:226,13,1,58
BRDA:232,14,0,28
BRDA:232,14,1,28
BRDA:233,15,0,28
BRDA:233,15,1,6
BRDA:300,16,0,2
BRDA:300,16,1,2
BRDA:301,17,0,0
BRDA:301,17,1,2
BRDA:307,18,0,0
BRDA:307,18,1,2
BRDA:310,19,0,2
BRDA:310,19,1,2
BRDA:361,20,0,2
BRDA:361,20,1,2
BRDA:363,21,0,2
BRDA:363,21,1,2
BRDA:373,22,0,4
BRDA:373,22,1,4
BRDA:374,23,0,0
BRDA:374,23,1,4
BRDA:380,24,0,0
BRDA:380,24,1,4
BRDA:383,25,0,4
BRDA:383,25,1,4
BRDA:387,26,0,4
BRDA:387,26,1,4
BRDA:450,27,0,2
BRDA:450,27,1,2
BRDA:497,28,0,16
BRDA:497,28,1,16
BRDA:500,29,0,2
BRDA:500,29,1,14
BRDA:520,30,0,0
BRDA:520,30,1,6
BRDA:520,31,0,6
BRDA:520,31,1,2
BRDA:524,32,0,0
BRDA:524,32,1,6
BRDA:530,33,0,12
BRDA:530,33,1,0
BRDA:531,34,0,0
BRDA:531,34,1,12
BRDA:531,35,0,12
BRDA:531,35,1,0
BRDA:535,36,0,2
BRDA:535,36,1,10
BRDA:599,37,0,2
BRDA:599,37,1,2
BRDA:635,38,0,0
BRDA:635,38,1,2
BRDA:673,39,0,2
BRDA:673,39,1,2
BRDA:677,40,0,2
BRDA:677,40,1,2
BRDA:710,41,0,2
BRDA:710,41,1,2
BRDA:717,42,0,0
BRDA:717,42,1,2
BRDA:753,43,0,2
BRDA:753,43,1,2
BRDA:754,44,0,0
BRDA:754,44,1,2
BRDA:760,45,0,0
BRDA:760,45,1,2
BRDA:763,46,0,2
BRDA:763,46,1,2
BRDA:799,47,0,0
BRDA:799,47,1,6
BRDA:803,48,0,4
BRDA:803,48,1,2
BRDA:815,49,0,1
BRDA:815,49,1,1
BRDA:816,50,0,0
BRDA:816,50,1,1
BRDA:822,51,0,1
BRDA:822,51,1,0
BRDA:827,52,0,0
BRDA:827,52,1,2
BRDA:831,53,0,2
BRDA:831,53,1,2
BRF:106
BRH:84
end_of_record
